[31m2024-04-22 08:55:34,670[0;39m [32m[INFO][0;39m debit.cards.web.mybankdebitcard.DlteMyBankProjectWebServicesApplication restartedMain [32mStarting DlteMyBankProjectWebServicesApplication using Java 1.8.0_292 on WPF45DYSS with PID 11136 (C:\DLTE-Java-Full-Stack-PrashanthD-2024\DLTE-MyBank-Project\DLTE-MyBank_Project_Web_Services\target\classes started by xxdddddp in C:\DLTE-Java-Full-Stack-PrashanthD-2024\DLTE-MyBank-Project\DLTE-MyBank_Project_Web_Services)
[0;39m[31m2024-04-22 08:55:34,676[0;39m [32m[INFO][0;39m debit.cards.web.mybankdebitcard.DlteMyBankProjectWebServicesApplication restartedMain [32mNo active profile set, falling back to 1 default profile: "default"
[0;39m[31m2024-04-22 08:55:34,739[0;39m [32m[INFO][0;39m org.springframework.boot.devtools.restart.ChangeableUrls restartedMain [32mThe Class-Path manifest attribute in C:\Users\xxdddddp\.m2\repository\com\oracle\database\security\oraclepki\21.5.0.0\oraclepki-21.5.0.0.jar referenced one or more files that do not exist: file:/C:/Users/xxdddddp/.m2/repository/com/oracle/database/security/oraclepki/21.5.0.0/osdt_core.jar,file:/C:/Users/xxdddddp/.m2/repository/com/oracle/database/security/oraclepki/21.5.0.0/osdt_cert.jar,file:/C:/Users/xxdddddp/.m2/repository/com/oracle/database/security/oraclepki/oracle.osdt/osdt_core.jar,file:/C:/Users/xxdddddp/.m2/repository/com/oracle/database/security/oraclepki/oracle.osdt/osdt_cert.jar
[0;39m[31m2024-04-22 08:55:34,739[0;39m [32m[INFO][0;39m org.springframework.boot.devtools.env.DevToolsPropertyDefaultsPostProcessor restartedMain [32mDevtools property defaults active! Set 'spring.devtools.add-properties' to 'false' to disable
[0;39m[31m2024-04-22 08:55:34,740[0;39m [32m[INFO][0;39m org.springframework.boot.devtools.env.DevToolsPropertyDefaultsPostProcessor restartedMain [32mFor additional web related logging consider setting the 'logging.level.web' property to 'DEBUG'
[0;39m[31m2024-04-22 08:55:35,513[0;39m [32m[INFO][0;39m org.springframework.data.repository.config.RepositoryConfigurationDelegate restartedMain [32mBootstrapping Spring Data JDBC repositories in DEFAULT mode.
[0;39m[31m2024-04-22 08:55:35,529[0;39m [32m[INFO][0;39m org.springframework.data.repository.config.RepositoryConfigurationDelegate restartedMain [32mFinished Spring Data repository scanning in 8 ms. Found 0 JDBC repository interfaces.
[0;39m[31m2024-04-22 08:55:35,708[0;39m [32m[INFO][0;39m org.springframework.context.support.PostProcessorRegistrationDelegate$BeanPostProcessorChecker restartedMain [32mBean 'debitCardConfiguration' of type [debit.cards.web.mybankdebitcard.soap.configs.DebitCardConfiguration$$EnhancerBySpringCGLIB$$e9e519dd] is not eligible for getting processed by all BeanPostProcessors (for example: not eligible for auto-proxying)
[0;39m[31m2024-04-22 08:55:35,708[0;39m [32m[INFO][0;39m org.springframework.context.support.PostProcessorRegistrationDelegate$BeanPostProcessorChecker restartedMain [32mBean 'org.springframework.ws.config.annotation.DelegatingWsConfiguration' of type [org.springframework.ws.config.annotation.DelegatingWsConfiguration$$EnhancerBySpringCGLIB$$8a63ed9e] is not eligible for getting processed by all BeanPostProcessors (for example: not eligible for auto-proxying)
[0;39m[31m2024-04-22 08:55:35,790[0;39m [32m[INFO][0;39m org.springframework.ws.soap.addressing.server.AnnotationActionEndpointMapping restartedMain [32mSupporting [WS-Addressing August 2004, WS-Addressing 1.0]
[0;39m[31m2024-04-22 08:55:36,153[0;39m [32m[INFO][0;39m org.springframework.boot.web.embedded.tomcat.TomcatWebServer restartedMain [32mTomcat initialized with port(s): 8082 (http)
[0;39m[31m2024-04-22 08:55:36,158[0;39m [32m[INFO][0;39m org.apache.catalina.core.StandardService restartedMain [32mStarting service [Tomcat]
[0;39m[31m2024-04-22 08:55:36,158[0;39m [32m[INFO][0;39m org.apache.catalina.core.StandardEngine restartedMain [32mStarting Servlet engine: [Apache Tomcat/9.0.73]
[0;39m[31m2024-04-22 08:55:36,259[0;39m [32m[INFO][0;39m org.apache.catalina.core.ContainerBase.[Tomcat].[localhost].[/] restartedMain [32mInitializing Spring embedded WebApplicationContext
[0;39m[31m2024-04-22 08:55:36,259[0;39m [32m[INFO][0;39m org.springframework.boot.web.servlet.context.ServletWebServerApplicationContext restartedMain [32mRoot WebApplicationContext: initialization completed in 1519 ms
[0;39m[31m2024-04-22 08:55:36,549[0;39m [32m[INFO][0;39m org.springframework.security.web.DefaultSecurityFilterChain restartedMain [32mWill secure any request with [org.springframework.security.web.session.DisableEncodeUrlFilter@23e3b593, org.springframework.security.web.context.request.async.WebAsyncManagerIntegrationFilter@2eca7407, org.springframework.security.web.context.SecurityContextPersistenceFilter@74e68eef, org.springframework.security.web.header.HeaderWriterFilter@70ffe4d9, org.springframework.web.filter.CorsFilter@37979c9b, org.springframework.security.web.authentication.logout.LogoutFilter@6705fb76, org.springframework.security.web.authentication.UsernamePasswordAuthenticationFilter@d693dcf, org.springframework.security.web.authentication.ui.DefaultLoginPageGeneratingFilter@517f9b0a, org.springframework.security.web.authentication.ui.DefaultLogoutPageGeneratingFilter@34b23795, org.springframework.security.web.authentication.www.BasicAuthenticationFilter@598dcb13, org.springframework.security.web.savedrequest.RequestCacheAwareFilter@4042cd43, org.springframework.security.web.servletapi.SecurityContextHolderAwareRequestFilter@78f8b23f, org.springframework.security.web.authentication.AnonymousAuthenticationFilter@ac353bd, org.springframework.security.web.session.SessionManagementFilter@69898e14, org.springframework.security.web.access.ExceptionTranslationFilter@748dbc89, org.springframework.security.web.access.intercept.FilterSecurityInterceptor@63bcb5d7]
[0;39m[31m2024-04-22 08:55:37,216[0;39m [32m[INFO][0;39m com.zaxxer.hikari.HikariDataSource restartedMain [32mHikariPool-1 - Starting...
[0;39m[31m2024-04-22 08:55:37,216[0;39m [32m[WARN][0;39m com.zaxxer.hikari.util.DriverDataSource restartedMain [32mRegistered driver with driverClassName=oracle.jdbc.driver.OracleDriver was not found, trying direct instantiation.
[0;39m[31m2024-04-22 08:55:37,295[0;39m [32m[INFO][0;39m com.zaxxer.hikari.pool.PoolBase restartedMain [32mHikariPool-1 - Driver does not support get/set network timeout for connections. (oracle.jdbc.driver.T4CConnection.getNetworkTimeout()I)
[0;39m[31m2024-04-22 08:55:37,311[0;39m [32m[INFO][0;39m com.zaxxer.hikari.HikariDataSource restartedMain [32mHikariPool-1 - Start completed.
[0;39m[31m2024-04-22 08:55:37,491[0;39m [32m[INFO][0;39m org.springframework.boot.devtools.autoconfigure.OptionalLiveReloadServer restartedMain [32mLiveReload server is running on port 35729
[0;39m[31m2024-04-22 08:55:37,546[0;39m [32m[INFO][0;39m org.springframework.boot.web.embedded.tomcat.TomcatWebServer restartedMain [32mTomcat started on port(s): 8082 (http) with context path ''
[0;39m[31m2024-04-22 08:55:37,564[0;39m [32m[INFO][0;39m debit.cards.web.mybankdebitcard.DlteMyBankProjectWebServicesApplication restartedMain [32mStarted DlteMyBankProjectWebServicesApplication in 3.332 seconds (JVM running for 4.602)
[0;39m[31m2024-04-22 08:55:45,105[0;39m [32m[INFO][0;39m org.apache.catalina.core.ContainerBase.[Tomcat].[localhost].[/] http-nio-8082-exec-1 [32mInitializing Spring DispatcherServlet 'dispatcherServlet'
[0;39m[31m2024-04-22 08:55:45,105[0;39m [32m[INFO][0;39m org.springframework.web.servlet.DispatcherServlet http-nio-8082-exec-1 [32mInitializing Servlet 'dispatcherServlet'
[0;39m[31m2024-04-22 08:55:45,105[0;39m [32m[INFO][0;39m org.springframework.web.servlet.DispatcherServlet http-nio-8082-exec-1 [32mCompleted initialization in 0 ms
[0;39m[31m2024-04-22 08:56:16,385[0;39m [32m[INFO][0;39m org.apache.catalina.core.ContainerBase.[Tomcat].[localhost].[/] http-nio-8082-exec-9 [32mInitializing Spring MessageDispatcherServlet 'messageDispatcherServlet'
[0;39m[31m2024-04-22 08:56:16,385[0;39m [32m[INFO][0;39m org.springframework.ws.transport.http.MessageDispatcherServlet http-nio-8082-exec-9 [32mInitializing Servlet 'messageDispatcherServlet'
[0;39m[31m2024-04-22 08:56:16,394[0;39m [32m[INFO][0;39m org.springframework.ws.soap.saaj.SaajSoapMessageFactory http-nio-8082-exec-9 [32mCreating SAAJ 1.3 MessageFactory with SOAP 1.1 Protocol
[0;39m[31m2024-04-22 08:56:16,405[0;39m [32m[INFO][0;39m org.springframework.ws.transport.http.MessageDispatcherServlet http-nio-8082-exec-9 [32mCompleted initialization in 20 ms
[0;39m[31m2024-04-22 08:56:16,753[0;39m [32m[INFO][0;39m debit.cards.dao.services.DebitCardServices http-nio-8082-exec-7 [32mDebit card information successfully fetched from the database.
[0;39m[31m2024-04-22 08:59:02,056[0;39m [32m[INFO][0;39m debit.cards.dao.services.DebitCardServices http-nio-8082-exec-1 [32mDebit card information successfully fetched from the database.
[0;39m[31m2024-04-22 08:59:24,827[0;39m [32m[INFO][0;39m debit.cards.dao.services.DebitCardServices http-nio-8082-exec-3 [32mDebit card information successfully fetched from the database.
[0;39m[31m2024-04-22 08:59:37,635[0;39m [32m[INFO][0;39m debit.cards.dao.services.DebitCardServices http-nio-8082-exec-8 [32mDebit card information successfully fetched from the database.
[0;39m[31m2024-04-22 09:00:33,843[0;39m [32m[INFO][0;39m debit.cards.dao.services.DebitCardServices http-nio-8082-exec-7 [32mDebit card information successfully fetched from the database.
[0;39m