[31m2024-04-15 14:56:32,699[0;39m [32m[INFO][0;39m debit.cards.web.mybankdebitcard.DlteMyBankProjectWebServicesApplication restartedMain [32mStarting DlteMyBankProjectWebServicesApplication using Java 1.8.0_292 on WPF45DYSS with PID 5180 (started by xxdddddp in C:\DLTE-Java-Full-Stack-PrashanthD-2024\DLTE-MyBank-Project\DLTE-MyBank_Project_Web_Services)
[0;39m[31m2024-04-15 14:56:32,699[0;39m [32m[INFO][0;39m debit.cards.web.mybankdebitcard.DlteMyBankProjectWebServicesApplication restartedMain [32mNo active profile set, falling back to 1 default profile: "default"
[0;39m[31m2024-04-15 14:56:32,871[0;39m [32m[INFO][0;39m org.springframework.data.repository.config.RepositoryConfigurationDelegate restartedMain [32mBootstrapping Spring Data JDBC repositories in DEFAULT mode.
[0;39m[31m2024-04-15 14:56:32,871[0;39m [32m[INFO][0;39m org.springframework.data.repository.config.RepositoryConfigurationDelegate restartedMain [32mFinished Spring Data repository scanning in 0 ms. Found 0 JDBC repository interfaces.
[0;39m[31m2024-04-15 14:56:32,934[0;39m [32m[INFO][0;39m org.springframework.context.support.PostProcessorRegistrationDelegate$BeanPostProcessorChecker restartedMain [32mBean 'org.springframework.ws.config.annotation.DelegatingWsConfiguration' of type [org.springframework.ws.config.annotation.DelegatingWsConfiguration$$EnhancerBySpringCGLIB$$2e7a6cf7] is not eligible for getting processed by all BeanPostProcessors (for example: not eligible for auto-proxying)
[0;39m[31m2024-04-15 14:56:32,934[0;39m [32m[INFO][0;39m org.springframework.ws.soap.addressing.server.AnnotationActionEndpointMapping restartedMain [32mSupporting [WS-Addressing August 2004, WS-Addressing 1.0]
[0;39m[31m2024-04-15 14:56:33,028[0;39m [32m[INFO][0;39m org.springframework.boot.web.embedded.tomcat.TomcatWebServer restartedMain [32mTomcat initialized with port(s): 8082 (http)
[0;39m[31m2024-04-15 14:56:33,028[0;39m [32m[INFO][0;39m org.apache.catalina.core.StandardService restartedMain [32mStarting service [Tomcat]
[0;39m[31m2024-04-15 14:56:33,028[0;39m [32m[INFO][0;39m org.apache.catalina.core.StandardEngine restartedMain [32mStarting Servlet engine: [Apache Tomcat/9.0.73]
[0;39m[31m2024-04-15 14:56:33,044[0;39m [32m[INFO][0;39m org.apache.catalina.core.ContainerBase.[Tomcat].[localhost].[/] restartedMain [32mInitializing Spring embedded WebApplicationContext
[0;39m[31m2024-04-15 14:56:33,044[0;39m [32m[INFO][0;39m org.springframework.boot.web.servlet.context.ServletWebServerApplicationContext restartedMain [32mRoot WebApplicationContext: initialization completed in 339 ms
[0;39m[31m2024-04-15 14:56:33,342[0;39m [32m[INFO][0;39m com.zaxxer.hikari.HikariDataSource restartedMain [32mHikariPool-2 - Starting...
[0;39m[31m2024-04-15 14:56:33,342[0;39m [32m[WARN][0;39m com.zaxxer.hikari.util.DriverDataSource restartedMain [32mRegistered driver with driverClassName=oracle.jdbc.driver.OracleDriver was not found, trying direct instantiation.
[0;39m[31m2024-04-15 14:56:33,452[0;39m [32m[INFO][0;39m com.zaxxer.hikari.pool.PoolBase restartedMain [32mHikariPool-2 - Driver does not support get/set network timeout for connections. (oracle.jdbc.driver.T4CConnection.getNetworkTimeout()I)
[0;39m[31m2024-04-15 14:56:33,452[0;39m [32m[INFO][0;39m com.zaxxer.hikari.HikariDataSource restartedMain [32mHikariPool-2 - Start completed.
[0;39m[31m2024-04-15 14:56:33,468[0;39m [32m[WARN][0;39m org.springframework.boot.autoconfigure.security.servlet.UserDetailsServiceAutoConfiguration restartedMain [32m

Using generated security password: 4ec9c257-9bef-4620-aea8-2e8ce1a45d18

This generated password is for development use only. Your security configuration must be updated before running your application in production.

[0;39m[31m2024-04-15 14:56:33,484[0;39m [32m[INFO][0;39m org.springframework.security.web.DefaultSecurityFilterChain restartedMain [32mWill secure any request with [org.springframework.security.web.session.DisableEncodeUrlFilter@300f742e, org.springframework.security.web.context.request.async.WebAsyncManagerIntegrationFilter@3caf058f, org.springframework.security.web.context.SecurityContextPersistenceFilter@65965969, org.springframework.security.web.header.HeaderWriterFilter@42927640, org.springframework.security.web.csrf.CsrfFilter@780032b6, org.springframework.security.web.authentication.logout.LogoutFilter@5e26543d, org.springframework.security.web.authentication.UsernamePasswordAuthenticationFilter@411fbf32, org.springframework.security.web.authentication.ui.DefaultLoginPageGeneratingFilter@71bca92e, org.springframework.security.web.authentication.ui.DefaultLogoutPageGeneratingFilter@75cb07, org.springframework.security.web.authentication.www.BasicAuthenticationFilter@9d5395a, org.springframework.security.web.savedrequest.RequestCacheAwareFilter@68320b59, org.springframework.security.web.servletapi.SecurityContextHolderAwareRequestFilter@39434069, org.springframework.security.web.authentication.AnonymousAuthenticationFilter@20ca3dba, org.springframework.security.web.session.SessionManagementFilter@3b7e7926, org.springframework.security.web.access.ExceptionTranslationFilter@3bd6dff5, org.springframework.security.web.access.intercept.FilterSecurityInterceptor@14b313eb]
[0;39m[31m2024-04-15 14:56:33,506[0;39m [32m[INFO][0;39m org.springframework.boot.devtools.autoconfigure.OptionalLiveReloadServer restartedMain [32mLiveReload server is running on port 35729
[0;39m[31m2024-04-15 14:56:33,515[0;39m [32m[INFO][0;39m org.springframework.boot.web.embedded.tomcat.TomcatWebServer restartedMain [32mTomcat started on port(s): 8082 (http) with context path ''
[0;39m[31m2024-04-15 14:56:33,515[0;39m [32m[INFO][0;39m debit.cards.web.mybankdebitcard.DlteMyBankProjectWebServicesApplication restartedMain [32mStarted DlteMyBankProjectWebServicesApplication in 0.853 seconds (JVM running for 73.716)
[0;39m[31m2024-04-15 14:56:34,934[0;39m [32m[INFO][0;39m org.springframework.boot.devtools.autoconfigure.LocalDevToolsAutoConfiguration$RestartingClassPathChangeChangedEventListener File Watcher [32mRestarting due to 19 class path changes (19 additions, 0 deletions, 0 modifications)
[0;39m[31m2024-04-15 14:56:35,071[0;39m [32m[INFO][0;39m org.apache.catalina.core.StandardService Thread-18 [32mStopping service [Tomcat]
[0;39m[31m2024-04-15 14:56:35,080[0;39m [32m[INFO][0;39m com.zaxxer.hikari.HikariDataSource Thread-18 [32mHikariPool-2 - Shutdown initiated...
[0;39m[31m2024-04-15 14:56:35,086[0;39m [32m[INFO][0;39m com.zaxxer.hikari.HikariDataSource Thread-18 [32mHikariPool-2 - Shutdown completed.
[0;39m