[31m2024-04-21 17:57:38,951[0;39m [32m[INFO][0;39m debit.cards.DlteMyBankProjectDaoApplicationTests main [32mStarting DlteMyBankProjectDaoApplicationTests using Java 1.8.0_292 on WPF45DYSS with PID 2368 (started by xxdddddp in C:\DLTE-Java-Full-Stack-PrashanthD-2024\DLTE-MyBank-Project\DLTE-MyBank-Project-DAO)
[0;39m[31m2024-04-21 17:57:38,967[0;39m [32m[INFO][0;39m debit.cards.DlteMyBankProjectDaoApplicationTests main [32mNo active profile set, falling back to 1 default profile: "default"
[0;39m[31m2024-04-21 17:57:39,518[0;39m [32m[INFO][0;39m org.springframework.data.repository.config.RepositoryConfigurationDelegate main [32mBootstrapping Spring Data JDBC repositories in DEFAULT mode.
[0;39m[31m2024-04-21 17:57:39,547[0;39m [32m[INFO][0;39m org.springframework.data.repository.config.RepositoryConfigurationDelegate main [32mFinished Spring Data repository scanning in 13 ms. Found 0 JDBC repository interfaces.
[0;39m[31m2024-04-21 17:57:40,307[0;39m [32m[INFO][0;39m com.zaxxer.hikari.HikariDataSource main [32mHikariPool-1 - Starting...
[0;39m[31m2024-04-21 17:57:40,307[0;39m [32m[WARN][0;39m com.zaxxer.hikari.util.DriverDataSource main [32mRegistered driver with driverClassName=oracle.jdbc.driver.OracleDriver was not found, trying direct instantiation.
[0;39m[31m2024-04-21 17:57:40,565[0;39m [32m[INFO][0;39m com.zaxxer.hikari.pool.PoolBase main [32mHikariPool-1 - Driver does not support get/set network timeout for connections. (oracle.jdbc.driver.T4CConnection.getNetworkTimeout()I)
[0;39m[31m2024-04-21 17:57:40,565[0;39m [32m[INFO][0;39m com.zaxxer.hikari.HikariDataSource main [32mHikariPool-1 - Start completed.
[0;39m[31m2024-04-21 17:57:40,940[0;39m [32m[INFO][0;39m debit.cards.DlteMyBankProjectDaoApplicationTests main [32mStarted DlteMyBankProjectDaoApplicationTests in 2.365 seconds (JVM running for 4.657)
[0;39m[31m2024-04-21 17:57:41,003[0;39m [32m[WARN][0;39m debit.cards.dao.services.DebitCardServices main [32mPlease provide the correct debit card details
[0;39m[31m2024-04-21 17:57:41,003[0;39m [32m[ERROR][0;39m debit.cards.dao.services.DebitCardServices main [32mDebit card limit update failed
[0;39m[31m2024-04-21 17:57:41,003[0;39m [32m[ERROR][0;39m debit.cards.dao.services.DebitCardServices main [32mDebit card limit update failed
[0;39m[31m2024-04-21 17:57:41,050[0;39m [32m[INFO][0;39m com.zaxxer.hikari.HikariDataSource SpringApplicationShutdownHook [32mHikariPool-1 - Shutdown initiated...
[0;39m[31m2024-04-21 17:57:41,076[0;39m [32m[INFO][0;39m com.zaxxer.hikari.HikariDataSource SpringApplicationShutdownHook [32mHikariPool-1 - Shutdown completed.
[0;39m[31m2024-04-21 18:20:25,618[0;39m [32m[INFO][0;39m debit.cards.DlteMyBankProjectDaoApplicationTests main [32mStarting DlteMyBankProjectDaoApplicationTests using Java 1.8.0_292 on WPF45DYSS with PID 30524 (started by xxdddddp in C:\DLTE-Java-Full-Stack-PrashanthD-2024\DLTE-MyBank-Project\DLTE-MyBank-Project-DAO)
[0;39m[31m2024-04-21 18:20:25,634[0;39m [32m[INFO][0;39m debit.cards.DlteMyBankProjectDaoApplicationTests main [32mNo active profile set, falling back to 1 default profile: "default"
[0;39m[31m2024-04-21 18:20:26,090[0;39m [32m[INFO][0;39m org.springframework.data.repository.config.RepositoryConfigurationDelegate main [32mBootstrapping Spring Data JDBC repositories in DEFAULT mode.
[0;39m[31m2024-04-21 18:20:26,105[0;39m [32m[INFO][0;39m org.springframework.data.repository.config.RepositoryConfigurationDelegate main [32mFinished Spring Data repository scanning in 8 ms. Found 0 JDBC repository interfaces.
[0;39m[31m2024-04-21 18:20:26,703[0;39m [32m[INFO][0;39m com.zaxxer.hikari.HikariDataSource main [32mHikariPool-1 - Starting...
[0;39m[31m2024-04-21 18:20:26,703[0;39m [32m[WARN][0;39m com.zaxxer.hikari.util.DriverDataSource main [32mRegistered driver with driverClassName=oracle.jdbc.driver.OracleDriver was not found, trying direct instantiation.
[0;39m[31m2024-04-21 18:20:27,019[0;39m [32m[INFO][0;39m com.zaxxer.hikari.pool.PoolBase main [32mHikariPool-1 - Driver does not support get/set network timeout for connections. (oracle.jdbc.driver.T4CConnection.getNetworkTimeout()I)
[0;39m[31m2024-04-21 18:20:27,019[0;39m [32m[INFO][0;39m com.zaxxer.hikari.HikariDataSource main [32mHikariPool-1 - Start completed.
[0;39m[31m2024-04-21 18:20:27,240[0;39m [32m[INFO][0;39m debit.cards.DlteMyBankProjectDaoApplicationTests main [32mStarted DlteMyBankProjectDaoApplicationTests in 1.942 seconds (JVM running for 3.983)
[0;39m[31m2024-04-21 18:20:27,307[0;39m [32m[WARN][0;39m debit.cards.dao.services.DebitCardServices main [32mPlease provide the correct debit card details
[0;39m[31m2024-04-21 18:20:27,350[0;39m [32m[INFO][0;39m com.zaxxer.hikari.HikariDataSource SpringApplicationShutdownHook [32mHikariPool-1 - Shutdown initiated...
[0;39m[31m2024-04-21 18:20:27,366[0;39m [32m[INFO][0;39m com.zaxxer.hikari.HikariDataSource SpringApplicationShutdownHook [32mHikariPool-1 - Shutdown completed.
[0;39m[31m2024-04-21 18:21:42,718[0;39m [32m[INFO][0;39m debit.cards.DlteMyBankProjectDaoApplicationTests main [32mStarting DlteMyBankProjectDaoApplicationTests using Java 1.8.0_292 on WPF45DYSS with PID 27092 (started by xxdddddp in C:\DLTE-Java-Full-Stack-PrashanthD-2024\DLTE-MyBank-Project\DLTE-MyBank-Project-DAO)
[0;39m[31m2024-04-21 18:21:42,726[0;39m [32m[INFO][0;39m debit.cards.DlteMyBankProjectDaoApplicationTests main [32mNo active profile set, falling back to 1 default profile: "default"
[0;39m[31m2024-04-21 18:21:43,183[0;39m [32m[INFO][0;39m org.springframework.data.repository.config.RepositoryConfigurationDelegate main [32mBootstrapping Spring Data JDBC repositories in DEFAULT mode.
[0;39m[31m2024-04-21 18:21:43,198[0;39m [32m[INFO][0;39m org.springframework.data.repository.config.RepositoryConfigurationDelegate main [32mFinished Spring Data repository scanning in 11 ms. Found 0 JDBC repository interfaces.
[0;39m[31m2024-04-21 18:21:43,782[0;39m [32m[INFO][0;39m com.zaxxer.hikari.HikariDataSource main [32mHikariPool-1 - Starting...
[0;39m[31m2024-04-21 18:21:43,798[0;39m [32m[WARN][0;39m com.zaxxer.hikari.util.DriverDataSource main [32mRegistered driver with driverClassName=oracle.jdbc.driver.OracleDriver was not found, trying direct instantiation.
[0;39m[31m2024-04-21 18:21:44,082[0;39m [32m[INFO][0;39m com.zaxxer.hikari.pool.PoolBase main [32mHikariPool-1 - Driver does not support get/set network timeout for connections. (oracle.jdbc.driver.T4CConnection.getNetworkTimeout()I)
[0;39m[31m2024-04-21 18:21:44,082[0;39m [32m[INFO][0;39m com.zaxxer.hikari.HikariDataSource main [32mHikariPool-1 - Start completed.
[0;39m[31m2024-04-21 18:21:44,336[0;39m [32m[INFO][0;39m debit.cards.DlteMyBankProjectDaoApplicationTests main [32mStarted DlteMyBankProjectDaoApplicationTests in 1.915 seconds (JVM running for 3.765)
[0;39m[31m2024-04-21 18:21:44,398[0;39m [32m[WARN][0;39m debit.cards.dao.services.DebitCardServices main [32mPlease provide the correct debit card details
[0;39m[31m2024-04-21 18:21:44,447[0;39m [32m[INFO][0;39m com.zaxxer.hikari.HikariDataSource SpringApplicationShutdownHook [32mHikariPool-1 - Shutdown initiated...
[0;39m[31m2024-04-21 18:21:44,455[0;39m [32m[INFO][0;39m com.zaxxer.hikari.HikariDataSource SpringApplicationShutdownHook [32mHikariPool-1 - Shutdown completed.
[0;39m