[33m2024-04-12 07:34:24,399[0;39m [31m[INFO][0;39m dao.technical.spring.SpringDaoApplication restartedMain [34mStarting SpringDaoApplication using Java 1.8.0_292 on WPF45DYSS with PID 26764 (C:\DLTE-Java-Full-Stack-PrashanthD-2024\DLTE-Technical-Final\Spring-DAO\target\classes started by xxdddddp in C:\DLTE-Java-Full-Stack-PrashanthD-2024\DLTE-Technical-Final\Spring-DAO)
[0;39m[33m2024-04-12 07:34:24,415[0;39m [31m[INFO][0;39m dao.technical.spring.SpringDaoApplication restartedMain [34mNo active profile set, falling back to 1 default profile: "default"
[0;39m[33m2024-04-12 07:34:24,462[0;39m [31m[INFO][0;39m org.springframework.boot.devtools.restart.ChangeableUrls restartedMain [34mThe Class-Path manifest attribute in C:\Users\xxdddddp\.m2\repository\com\oracle\database\security\oraclepki\21.5.0.0\oraclepki-21.5.0.0.jar referenced one or more files that do not exist: file:/C:/Users/xxdddddp/.m2/repository/com/oracle/database/security/oraclepki/21.5.0.0/osdt_core.jar,file:/C:/Users/xxdddddp/.m2/repository/com/oracle/database/security/oraclepki/21.5.0.0/osdt_cert.jar,file:/C:/Users/xxdddddp/.m2/repository/com/oracle/database/security/oraclepki/oracle.osdt/osdt_core.jar,file:/C:/Users/xxdddddp/.m2/repository/com/oracle/database/security/oraclepki/oracle.osdt/osdt_cert.jar
[0;39m[33m2024-04-12 07:34:24,462[0;39m [31m[INFO][0;39m org.springframework.boot.devtools.env.DevToolsPropertyDefaultsPostProcessor restartedMain [34mDevtools property defaults active! Set 'spring.devtools.add-properties' to 'false' to disable
[0;39m[33m2024-04-12 07:34:24,462[0;39m [31m[INFO][0;39m org.springframework.boot.devtools.env.DevToolsPropertyDefaultsPostProcessor restartedMain [34mFor additional web related logging consider setting the 'logging.level.web' property to 'DEBUG'
[0;39m[33m2024-04-12 07:34:25,060[0;39m [31m[INFO][0;39m org.springframework.data.repository.config.RepositoryConfigurationDelegate restartedMain [34mBootstrapping Spring Data JDBC repositories in DEFAULT mode.
[0;39m[33m2024-04-12 07:34:25,086[0;39m [31m[INFO][0;39m org.springframework.data.repository.config.RepositoryConfigurationDelegate restartedMain [34mFinished Spring Data repository scanning in 8 ms. Found 0 JDBC repository interfaces.
[0;39m[33m2024-04-12 07:34:25,587[0;39m [31m[INFO][0;39m org.springframework.boot.web.embedded.tomcat.TomcatWebServer restartedMain [34mTomcat initialized with port(s): 8083 (http)
[0;39m[33m2024-04-12 07:34:25,599[0;39m [31m[INFO][0;39m org.apache.catalina.core.StandardService restartedMain [34mStarting service [Tomcat]
[0;39m[33m2024-04-12 07:34:25,602[0;39m [31m[INFO][0;39m org.apache.catalina.core.StandardEngine restartedMain [34mStarting Servlet engine: [Apache Tomcat/9.0.73]
[0;39m[33m2024-04-12 07:34:25,737[0;39m [31m[INFO][0;39m org.apache.catalina.core.ContainerBase.[Tomcat].[localhost].[/] restartedMain [34mInitializing Spring embedded WebApplicationContext
[0;39m[33m2024-04-12 07:34:25,737[0;39m [31m[INFO][0;39m org.springframework.boot.web.servlet.context.ServletWebServerApplicationContext restartedMain [34mRoot WebApplicationContext: initialization completed in 1275 ms
[0;39m[33m2024-04-12 07:34:26,303[0;39m [31m[INFO][0;39m com.zaxxer.hikari.HikariDataSource restartedMain [34mHikariPool-1 - Starting...
[0;39m[33m2024-04-12 07:34:26,303[0;39m [31m[WARN][0;39m com.zaxxer.hikari.util.DriverDataSource restartedMain [34mRegistered driver with driverClassName=oracle.jdbc.driver.OracleDriver was not found, trying direct instantiation.
[0;39m[33m2024-04-12 07:34:26,445[0;39m [31m[INFO][0;39m com.zaxxer.hikari.pool.PoolBase restartedMain [34mHikariPool-1 - Driver does not support get/set network timeout for connections. (oracle.jdbc.driver.T4CConnection.getNetworkTimeout()I)
[0;39m[33m2024-04-12 07:34:26,460[0;39m [31m[INFO][0;39m com.zaxxer.hikari.HikariDataSource restartedMain [34mHikariPool-1 - Start completed.
[0;39m[33m2024-04-12 07:34:26,603[0;39m [31m[INFO][0;39m org.springframework.boot.devtools.autoconfigure.OptionalLiveReloadServer restartedMain [34mLiveReload server is running on port 35729
[0;39m[33m2024-04-12 07:34:26,634[0;39m [31m[INFO][0;39m org.springframework.boot.web.embedded.tomcat.TomcatWebServer restartedMain [34mTomcat started on port(s): 8083 (http) with context path ''
[0;39m[33m2024-04-12 07:34:26,656[0;39m [31m[INFO][0;39m dao.technical.spring.SpringDaoApplication restartedMain [34mStarted SpringDaoApplication in 2.704 seconds (JVM running for 3.634)
[0;39m[33m2024-04-12 07:34:26,837[0;39m [31m[ERROR][0;39m dao.technical.spring.services.EmployeeServices restartedMain [34mFailed to retrieve employee details
[0;39m[33m2024-04-12 07:35:18,548[0;39m [31m[INFO][0;39m dao.technical.spring.SpringDaoApplication restartedMain [34mStarting SpringDaoApplication using Java 1.8.0_292 on WPF45DYSS with PID 7004 (C:\DLTE-Java-Full-Stack-PrashanthD-2024\DLTE-Technical-Final\Spring-DAO\target\classes started by xxdddddp in C:\DLTE-Java-Full-Stack-PrashanthD-2024\DLTE-Technical-Final\Spring-DAO)
[0;39m[33m2024-04-12 07:35:18,550[0;39m [31m[INFO][0;39m dao.technical.spring.SpringDaoApplication restartedMain [34mNo active profile set, falling back to 1 default profile: "default"
[0;39m[33m2024-04-12 07:35:18,628[0;39m [31m[INFO][0;39m org.springframework.boot.devtools.restart.ChangeableUrls restartedMain [34mThe Class-Path manifest attribute in C:\Users\xxdddddp\.m2\repository\com\oracle\database\security\oraclepki\21.5.0.0\oraclepki-21.5.0.0.jar referenced one or more files that do not exist: file:/C:/Users/xxdddddp/.m2/repository/com/oracle/database/security/oraclepki/21.5.0.0/osdt_core.jar,file:/C:/Users/xxdddddp/.m2/repository/com/oracle/database/security/oraclepki/21.5.0.0/osdt_cert.jar,file:/C:/Users/xxdddddp/.m2/repository/com/oracle/database/security/oraclepki/oracle.osdt/osdt_core.jar,file:/C:/Users/xxdddddp/.m2/repository/com/oracle/database/security/oraclepki/oracle.osdt/osdt_cert.jar
[0;39m[33m2024-04-12 07:35:18,628[0;39m [31m[INFO][0;39m org.springframework.boot.devtools.env.DevToolsPropertyDefaultsPostProcessor restartedMain [34mDevtools property defaults active! Set 'spring.devtools.add-properties' to 'false' to disable
[0;39m[33m2024-04-12 07:35:18,628[0;39m [31m[INFO][0;39m org.springframework.boot.devtools.env.DevToolsPropertyDefaultsPostProcessor restartedMain [34mFor additional web related logging consider setting the 'logging.level.web' property to 'DEBUG'
[0;39m[33m2024-04-12 07:35:19,462[0;39m [31m[INFO][0;39m org.springframework.data.repository.config.RepositoryConfigurationDelegate restartedMain [34mBootstrapping Spring Data JDBC repositories in DEFAULT mode.
[0;39m[33m2024-04-12 07:35:19,478[0;39m [31m[INFO][0;39m org.springframework.data.repository.config.RepositoryConfigurationDelegate restartedMain [34mFinished Spring Data repository scanning in 9 ms. Found 0 JDBC repository interfaces.
[0;39m[33m2024-04-12 07:35:20,092[0;39m [31m[INFO][0;39m org.springframework.boot.web.embedded.tomcat.TomcatWebServer restartedMain [34mTomcat initialized with port(s): 8083 (http)
[0;39m[33m2024-04-12 07:35:20,107[0;39m [31m[INFO][0;39m org.apache.catalina.core.StandardService restartedMain [34mStarting service [Tomcat]
[0;39m[33m2024-04-12 07:35:20,107[0;39m [31m[INFO][0;39m org.apache.catalina.core.StandardEngine restartedMain [34mStarting Servlet engine: [Apache Tomcat/9.0.73]
[0;39m[33m2024-04-12 07:35:20,249[0;39m [31m[INFO][0;39m org.apache.catalina.core.ContainerBase.[Tomcat].[localhost].[/] restartedMain [34mInitializing Spring embedded WebApplicationContext
[0;39m[33m2024-04-12 07:35:20,249[0;39m [31m[INFO][0;39m org.springframework.boot.web.servlet.context.ServletWebServerApplicationContext restartedMain [34mRoot WebApplicationContext: initialization completed in 1621 ms
[0;39m[33m2024-04-12 07:35:20,882[0;39m [31m[INFO][0;39m com.zaxxer.hikari.HikariDataSource restartedMain [34mHikariPool-1 - Starting...
[0;39m[33m2024-04-12 07:35:20,882[0;39m [31m[WARN][0;39m com.zaxxer.hikari.util.DriverDataSource restartedMain [34mRegistered driver with driverClassName=oracle.jdbc.driver.OracleDriver was not found, trying direct instantiation.
[0;39m[33m2024-04-12 07:35:21,004[0;39m [31m[INFO][0;39m com.zaxxer.hikari.pool.PoolBase restartedMain [34mHikariPool-1 - Driver does not support get/set network timeout for connections. (oracle.jdbc.driver.T4CConnection.getNetworkTimeout()I)
[0;39m[33m2024-04-12 07:35:21,020[0;39m [31m[INFO][0;39m com.zaxxer.hikari.HikariDataSource restartedMain [34mHikariPool-1 - Start completed.
[0;39m[33m2024-04-12 07:35:21,130[0;39m [31m[INFO][0;39m org.springframework.boot.devtools.autoconfigure.OptionalLiveReloadServer restartedMain [34mLiveReload server is running on port 35729
[0;39m[33m2024-04-12 07:35:21,161[0;39m [31m[INFO][0;39m org.springframework.boot.web.embedded.tomcat.TomcatWebServer restartedMain [34mTomcat started on port(s): 8083 (http) with context path ''
[0;39m[33m2024-04-12 07:35:21,177[0;39m [31m[INFO][0;39m dao.technical.spring.SpringDaoApplication restartedMain [34mStarted SpringDaoApplication in 3.452 seconds (JVM running for 5.099)
[0;39m[33m2024-04-12 07:35:21,397[0;39m [31m[ERROR][0;39m dao.technical.spring.services.EmployeeServices restartedMain [34mFailed to retrieve employee details
[0;39m[33m2024-04-12 07:38:30,831[0;39m [31m[INFO][0;39m dao.technical.spring.SpringDaoApplication restartedMain [34mStarting SpringDaoApplication using Java 1.8.0_292 on WPF45DYSS with PID 20576 (C:\DLTE-Java-Full-Stack-PrashanthD-2024\DLTE-Technical-Final\Spring-DAO\target\classes started by xxdddddp in C:\DLTE-Java-Full-Stack-PrashanthD-2024\DLTE-Technical-Final\Spring-DAO)
[0;39m[33m2024-04-12 07:38:30,847[0;39m [31m[INFO][0;39m dao.technical.spring.SpringDaoApplication restartedMain [34mNo active profile set, falling back to 1 default profile: "default"
[0;39m[33m2024-04-12 07:38:30,913[0;39m [31m[INFO][0;39m org.springframework.boot.devtools.restart.ChangeableUrls restartedMain [34mThe Class-Path manifest attribute in C:\Users\xxdddddp\.m2\repository\com\oracle\database\security\oraclepki\21.5.0.0\oraclepki-21.5.0.0.jar referenced one or more files that do not exist: file:/C:/Users/xxdddddp/.m2/repository/com/oracle/database/security/oraclepki/21.5.0.0/osdt_core.jar,file:/C:/Users/xxdddddp/.m2/repository/com/oracle/database/security/oraclepki/21.5.0.0/osdt_cert.jar,file:/C:/Users/xxdddddp/.m2/repository/com/oracle/database/security/oraclepki/oracle.osdt/osdt_core.jar,file:/C:/Users/xxdddddp/.m2/repository/com/oracle/database/security/oraclepki/oracle.osdt/osdt_cert.jar
[0;39m[33m2024-04-12 07:38:30,913[0;39m [31m[INFO][0;39m org.springframework.boot.devtools.env.DevToolsPropertyDefaultsPostProcessor restartedMain [34mDevtools property defaults active! Set 'spring.devtools.add-properties' to 'false' to disable
[0;39m[33m2024-04-12 07:38:30,913[0;39m [31m[INFO][0;39m org.springframework.boot.devtools.env.DevToolsPropertyDefaultsPostProcessor restartedMain [34mFor additional web related logging consider setting the 'logging.level.web' property to 'DEBUG'
[0;39m[33m2024-04-12 07:38:31,479[0;39m [31m[INFO][0;39m org.springframework.data.repository.config.RepositoryConfigurationDelegate restartedMain [34mBootstrapping Spring Data JDBC repositories in DEFAULT mode.
[0;39m[33m2024-04-12 07:38:31,479[0;39m [31m[INFO][0;39m org.springframework.data.repository.config.RepositoryConfigurationDelegate restartedMain [34mFinished Spring Data repository scanning in 7 ms. Found 0 JDBC repository interfaces.
[0;39m[33m2024-04-12 07:38:31,857[0;39m [31m[INFO][0;39m org.springframework.boot.web.embedded.tomcat.TomcatWebServer restartedMain [34mTomcat initialized with port(s): 8083 (http)
[0;39m[33m2024-04-12 07:38:31,873[0;39m [31m[INFO][0;39m org.apache.catalina.core.StandardService restartedMain [34mStarting service [Tomcat]
[0;39m[33m2024-04-12 07:38:31,873[0;39m [31m[INFO][0;39m org.apache.catalina.core.StandardEngine restartedMain [34mStarting Servlet engine: [Apache Tomcat/9.0.73]
[0;39m[33m2024-04-12 07:38:31,967[0;39m [31m[INFO][0;39m org.apache.catalina.core.ContainerBase.[Tomcat].[localhost].[/] restartedMain [34mInitializing Spring embedded WebApplicationContext
[0;39m[33m2024-04-12 07:38:31,967[0;39m [31m[INFO][0;39m org.springframework.boot.web.servlet.context.ServletWebServerApplicationContext restartedMain [34mRoot WebApplicationContext: initialization completed in 1054 ms
[0;39m[33m2024-04-12 07:38:32,343[0;39m [31m[INFO][0;39m com.zaxxer.hikari.HikariDataSource restartedMain [34mHikariPool-1 - Starting...
[0;39m[33m2024-04-12 07:38:32,343[0;39m [31m[WARN][0;39m com.zaxxer.hikari.util.DriverDataSource restartedMain [34mRegistered driver with driverClassName=oracle.jdbc.driver.OracleDriver was not found, trying direct instantiation.
[0;39m[33m2024-04-12 07:38:32,406[0;39m [31m[INFO][0;39m com.zaxxer.hikari.pool.PoolBase restartedMain [34mHikariPool-1 - Driver does not support get/set network timeout for connections. (oracle.jdbc.driver.T4CConnection.getNetworkTimeout()I)
[0;39m[33m2024-04-12 07:38:32,422[0;39m [31m[INFO][0;39m com.zaxxer.hikari.HikariDataSource restartedMain [34mHikariPool-1 - Start completed.
[0;39m[33m2024-04-12 07:38:32,484[0;39m [31m[INFO][0;39m org.springframework.boot.devtools.autoconfigure.OptionalLiveReloadServer restartedMain [34mLiveReload server is running on port 35729
[0;39m[33m2024-04-12 07:38:32,515[0;39m [31m[INFO][0;39m org.springframework.boot.web.embedded.tomcat.TomcatWebServer restartedMain [34mTomcat started on port(s): 8083 (http) with context path ''
[0;39m[33m2024-04-12 07:38:32,515[0;39m [31m[INFO][0;39m dao.technical.spring.SpringDaoApplication restartedMain [34mStarted SpringDaoApplication in 2.032 seconds (JVM running for 2.727)
[0;39m[33m2024-04-12 07:38:32,672[0;39m [31m[ERROR][0;39m dao.technical.spring.services.EmployeeServices restartedMain [34mFailed to retrieve employee details
[0;39m[33m2024-04-12 07:39:00,775[0;39m [31m[INFO][0;39m dao.technical.spring.SpringDaoApplication restartedMain [34mStarting SpringDaoApplication using Java 1.8.0_292 on WPF45DYSS with PID 14632 (C:\DLTE-Java-Full-Stack-PrashanthD-2024\DLTE-Technical-Final\Spring-DAO\target\classes started by xxdddddp in C:\DLTE-Java-Full-Stack-PrashanthD-2024\DLTE-Technical-Final\Spring-DAO)
[0;39m[33m2024-04-12 07:39:00,775[0;39m [31m[INFO][0;39m dao.technical.spring.SpringDaoApplication restartedMain [34mNo active profile set, falling back to 1 default profile: "default"
[0;39m[33m2024-04-12 07:39:00,823[0;39m [31m[INFO][0;39m org.springframework.boot.devtools.restart.ChangeableUrls restartedMain [34mThe Class-Path manifest attribute in C:\Users\xxdddddp\.m2\repository\com\oracle\database\security\oraclepki\21.5.0.0\oraclepki-21.5.0.0.jar referenced one or more files that do not exist: file:/C:/Users/xxdddddp/.m2/repository/com/oracle/database/security/oraclepki/21.5.0.0/osdt_core.jar,file:/C:/Users/xxdddddp/.m2/repository/com/oracle/database/security/oraclepki/21.5.0.0/osdt_cert.jar,file:/C:/Users/xxdddddp/.m2/repository/com/oracle/database/security/oraclepki/oracle.osdt/osdt_core.jar,file:/C:/Users/xxdddddp/.m2/repository/com/oracle/database/security/oraclepki/oracle.osdt/osdt_cert.jar
[0;39m[33m2024-04-12 07:39:00,823[0;39m [31m[INFO][0;39m org.springframework.boot.devtools.env.DevToolsPropertyDefaultsPostProcessor restartedMain [34mDevtools property defaults active! Set 'spring.devtools.add-properties' to 'false' to disable
[0;39m[33m2024-04-12 07:39:00,823[0;39m [31m[INFO][0;39m org.springframework.boot.devtools.env.DevToolsPropertyDefaultsPostProcessor restartedMain [34mFor additional web related logging consider setting the 'logging.level.web' property to 'DEBUG'
[0;39m[33m2024-04-12 07:39:01,480[0;39m [31m[INFO][0;39m org.springframework.data.repository.config.RepositoryConfigurationDelegate restartedMain [34mBootstrapping Spring Data JDBC repositories in DEFAULT mode.
[0;39m[33m2024-04-12 07:39:01,486[0;39m [31m[INFO][0;39m org.springframework.data.repository.config.RepositoryConfigurationDelegate restartedMain [34mFinished Spring Data repository scanning in 9 ms. Found 0 JDBC repository interfaces.
[0;39m[33m2024-04-12 07:39:02,036[0;39m [31m[INFO][0;39m org.springframework.boot.web.embedded.tomcat.TomcatWebServer restartedMain [34mTomcat initialized with port(s): 8083 (http)
[0;39m[33m2024-04-12 07:39:02,054[0;39m [31m[INFO][0;39m org.apache.catalina.core.StandardService restartedMain [34mStarting service [Tomcat]
[0;39m[33m2024-04-12 07:39:02,054[0;39m [31m[INFO][0;39m org.apache.catalina.core.StandardEngine restartedMain [34mStarting Servlet engine: [Apache Tomcat/9.0.73]
[0;39m[33m2024-04-12 07:39:02,177[0;39m [31m[INFO][0;39m org.apache.catalina.core.ContainerBase.[Tomcat].[localhost].[/] restartedMain [34mInitializing Spring embedded WebApplicationContext
[0;39m[33m2024-04-12 07:39:02,177[0;39m [31m[INFO][0;39m org.springframework.boot.web.servlet.context.ServletWebServerApplicationContext restartedMain [34mRoot WebApplicationContext: initialization completed in 1354 ms
[0;39m[33m2024-04-12 07:39:02,665[0;39m [31m[INFO][0;39m com.zaxxer.hikari.HikariDataSource restartedMain [34mHikariPool-1 - Starting...
[0;39m[33m2024-04-12 07:39:02,665[0;39m [31m[WARN][0;39m com.zaxxer.hikari.util.DriverDataSource restartedMain [34mRegistered driver with driverClassName=oracle.jdbc.driver.OracleDriver was not found, trying direct instantiation.
[0;39m[33m2024-04-12 07:39:02,776[0;39m [31m[INFO][0;39m com.zaxxer.hikari.pool.PoolBase restartedMain [34mHikariPool-1 - Driver does not support get/set network timeout for connections. (oracle.jdbc.driver.T4CConnection.getNetworkTimeout()I)
[0;39m[33m2024-04-12 07:39:02,776[0;39m [31m[INFO][0;39m com.zaxxer.hikari.HikariDataSource restartedMain [34mHikariPool-1 - Start completed.
[0;39m[33m2024-04-12 07:39:02,870[0;39m [31m[INFO][0;39m org.springframework.boot.devtools.autoconfigure.OptionalLiveReloadServer restartedMain [34mLiveReload server is running on port 35729
[0;39m[33m2024-04-12 07:39:02,917[0;39m [31m[INFO][0;39m org.springframework.boot.web.embedded.tomcat.TomcatWebServer restartedMain [34mTomcat started on port(s): 8083 (http) with context path ''
[0;39m[33m2024-04-12 07:39:02,932[0;39m [31m[INFO][0;39m dao.technical.spring.SpringDaoApplication restartedMain [34mStarted SpringDaoApplication in 2.605 seconds (JVM running for 3.45)
[0;39m[33m2024-04-12 07:39:03,140[0;39m [31m[ERROR][0;39m dao.technical.spring.services.EmployeeServices restartedMain [34mFailed to retrieve employee details
[0;39m[33m2024-04-12 07:39:21,867[0;39m [31m[INFO][0;39m dao.technical.spring.SpringDaoApplication restartedMain [34mStarting SpringDaoApplication using Java 1.8.0_292 on WPF45DYSS with PID 25716 (C:\DLTE-Java-Full-Stack-PrashanthD-2024\DLTE-Technical-Final\Spring-DAO\target\classes started by xxdddddp in C:\DLTE-Java-Full-Stack-PrashanthD-2024\DLTE-Technical-Final\Spring-DAO)
[0;39m[33m2024-04-12 07:39:21,867[0;39m [31m[INFO][0;39m dao.technical.spring.SpringDaoApplication restartedMain [34mNo active profile set, falling back to 1 default profile: "default"
[0;39m[33m2024-04-12 07:39:21,915[0;39m [31m[INFO][0;39m org.springframework.boot.devtools.restart.ChangeableUrls restartedMain [34mThe Class-Path manifest attribute in C:\Users\xxdddddp\.m2\repository\com\oracle\database\security\oraclepki\21.5.0.0\oraclepki-21.5.0.0.jar referenced one or more files that do not exist: file:/C:/Users/xxdddddp/.m2/repository/com/oracle/database/security/oraclepki/21.5.0.0/osdt_core.jar,file:/C:/Users/xxdddddp/.m2/repository/com/oracle/database/security/oraclepki/21.5.0.0/osdt_cert.jar,file:/C:/Users/xxdddddp/.m2/repository/com/oracle/database/security/oraclepki/oracle.osdt/osdt_core.jar,file:/C:/Users/xxdddddp/.m2/repository/com/oracle/database/security/oraclepki/oracle.osdt/osdt_cert.jar
[0;39m[33m2024-04-12 07:39:21,915[0;39m [31m[INFO][0;39m org.springframework.boot.devtools.env.DevToolsPropertyDefaultsPostProcessor restartedMain [34mDevtools property defaults active! Set 'spring.devtools.add-properties' to 'false' to disable
[0;39m[33m2024-04-12 07:39:21,915[0;39m [31m[INFO][0;39m org.springframework.boot.devtools.env.DevToolsPropertyDefaultsPostProcessor restartedMain [34mFor additional web related logging consider setting the 'logging.level.web' property to 'DEBUG'
[0;39m[33m2024-04-12 07:39:22,576[0;39m [31m[INFO][0;39m org.springframework.data.repository.config.RepositoryConfigurationDelegate restartedMain [34mBootstrapping Spring Data JDBC repositories in DEFAULT mode.
[0;39m[33m2024-04-12 07:39:22,591[0;39m [31m[INFO][0;39m org.springframework.data.repository.config.RepositoryConfigurationDelegate restartedMain [34mFinished Spring Data repository scanning in 8 ms. Found 0 JDBC repository interfaces.
[0;39m[33m2024-04-12 07:39:23,204[0;39m [31m[INFO][0;39m org.springframework.boot.web.embedded.tomcat.TomcatWebServer restartedMain [34mTomcat initialized with port(s): 8083 (http)
[0;39m[33m2024-04-12 07:39:23,220[0;39m [31m[INFO][0;39m org.apache.catalina.core.StandardService restartedMain [34mStarting service [Tomcat]
[0;39m[33m2024-04-12 07:39:23,220[0;39m [31m[INFO][0;39m org.apache.catalina.core.StandardEngine restartedMain [34mStarting Servlet engine: [Apache Tomcat/9.0.73]
[0;39m[33m2024-04-12 07:39:23,353[0;39m [31m[INFO][0;39m org.apache.catalina.core.ContainerBase.[Tomcat].[localhost].[/] restartedMain [34mInitializing Spring embedded WebApplicationContext
[0;39m[33m2024-04-12 07:39:23,353[0;39m [31m[INFO][0;39m org.springframework.boot.web.servlet.context.ServletWebServerApplicationContext restartedMain [34mRoot WebApplicationContext: initialization completed in 1438 ms
[0;39m[33m2024-04-12 07:39:24,023[0;39m [31m[INFO][0;39m com.zaxxer.hikari.HikariDataSource restartedMain [34mHikariPool-1 - Starting...
[0;39m[33m2024-04-12 07:39:24,023[0;39m [31m[WARN][0;39m com.zaxxer.hikari.util.DriverDataSource restartedMain [34mRegistered driver with driverClassName=oracle.jdbc.driver.OracleDriver was not found, trying direct instantiation.
[0;39m[33m2024-04-12 07:39:24,133[0;39m [31m[INFO][0;39m com.zaxxer.hikari.pool.PoolBase restartedMain [34mHikariPool-1 - Driver does not support get/set network timeout for connections. (oracle.jdbc.driver.T4CConnection.getNetworkTimeout()I)
[0;39m[33m2024-04-12 07:39:24,133[0;39m [31m[INFO][0;39m com.zaxxer.hikari.HikariDataSource restartedMain [34mHikariPool-1 - Start completed.
[0;39m[33m2024-04-12 07:39:24,297[0;39m [31m[INFO][0;39m org.springframework.boot.devtools.autoconfigure.OptionalLiveReloadServer restartedMain [34mLiveReload server is running on port 35729
[0;39m[33m2024-04-12 07:39:24,338[0;39m [31m[INFO][0;39m org.springframework.boot.web.embedded.tomcat.TomcatWebServer restartedMain [34mTomcat started on port(s): 8083 (http) with context path ''
[0;39m[33m2024-04-12 07:39:24,353[0;39m [31m[INFO][0;39m dao.technical.spring.SpringDaoApplication restartedMain [34mStarted SpringDaoApplication in 2.946 seconds (JVM running for 4.164)
[0;39m[33m2024-04-12 07:39:24,558[0;39m [31m[ERROR][0;39m dao.technical.spring.services.EmployeeServices restartedMain [34mFailed to retrieve employee details
[0;39m[33m2024-04-12 07:39:54,270[0;39m [31m[INFO][0;39m dao.technical.spring.SpringDaoApplication restartedMain [34mStarting SpringDaoApplication using Java 1.8.0_292 on WPF45DYSS with PID 19240 (C:\DLTE-Java-Full-Stack-PrashanthD-2024\DLTE-Technical-Final\Spring-DAO\target\classes started by xxdddddp in C:\DLTE-Java-Full-Stack-PrashanthD-2024\DLTE-Technical-Final\Spring-DAO)
[0;39m[33m2024-04-12 07:39:54,270[0;39m [31m[INFO][0;39m dao.technical.spring.SpringDaoApplication restartedMain [34mNo active profile set, falling back to 1 default profile: "default"
[0;39m[33m2024-04-12 07:39:54,317[0;39m [31m[INFO][0;39m org.springframework.boot.devtools.restart.ChangeableUrls restartedMain [34mThe Class-Path manifest attribute in C:\Users\xxdddddp\.m2\repository\com\oracle\database\security\oraclepki\21.5.0.0\oraclepki-21.5.0.0.jar referenced one or more files that do not exist: file:/C:/Users/xxdddddp/.m2/repository/com/oracle/database/security/oraclepki/21.5.0.0/osdt_core.jar,file:/C:/Users/xxdddddp/.m2/repository/com/oracle/database/security/oraclepki/21.5.0.0/osdt_cert.jar,file:/C:/Users/xxdddddp/.m2/repository/com/oracle/database/security/oraclepki/oracle.osdt/osdt_core.jar,file:/C:/Users/xxdddddp/.m2/repository/com/oracle/database/security/oraclepki/oracle.osdt/osdt_cert.jar
[0;39m[33m2024-04-12 07:39:54,317[0;39m [31m[INFO][0;39m org.springframework.boot.devtools.env.DevToolsPropertyDefaultsPostProcessor restartedMain [34mDevtools property defaults active! Set 'spring.devtools.add-properties' to 'false' to disable
[0;39m[33m2024-04-12 07:39:54,317[0;39m [31m[INFO][0;39m org.springframework.boot.devtools.env.DevToolsPropertyDefaultsPostProcessor restartedMain [34mFor additional web related logging consider setting the 'logging.level.web' property to 'DEBUG'
[0;39m[33m2024-04-12 07:39:55,153[0;39m [31m[INFO][0;39m org.springframework.data.repository.config.RepositoryConfigurationDelegate restartedMain [34mBootstrapping Spring Data JDBC repositories in DEFAULT mode.
[0;39m[33m2024-04-12 07:39:55,181[0;39m [31m[INFO][0;39m org.springframework.data.repository.config.RepositoryConfigurationDelegate restartedMain [34mFinished Spring Data repository scanning in 13 ms. Found 0 JDBC repository interfaces.
[0;39m[33m2024-04-12 07:39:55,699[0;39m [31m[INFO][0;39m org.springframework.boot.web.embedded.tomcat.TomcatWebServer restartedMain [34mTomcat initialized with port(s): 8083 (http)
[0;39m[33m2024-04-12 07:39:55,699[0;39m [31m[INFO][0;39m org.apache.catalina.core.StandardService restartedMain [34mStarting service [Tomcat]
[0;39m[33m2024-04-12 07:39:55,699[0;39m [31m[INFO][0;39m org.apache.catalina.core.StandardEngine restartedMain [34mStarting Servlet engine: [Apache Tomcat/9.0.73]
[0;39m[33m2024-04-12 07:39:55,778[0;39m [31m[INFO][0;39m org.apache.catalina.core.ContainerBase.[Tomcat].[localhost].[/] restartedMain [34mInitializing Spring embedded WebApplicationContext
[0;39m[33m2024-04-12 07:39:55,778[0;39m [31m[INFO][0;39m org.springframework.boot.web.servlet.context.ServletWebServerApplicationContext restartedMain [34mRoot WebApplicationContext: initialization completed in 1446 ms
[0;39m[33m2024-04-12 07:39:56,218[0;39m [31m[INFO][0;39m com.zaxxer.hikari.HikariDataSource restartedMain [34mHikariPool-1 - Starting...
[0;39m[33m2024-04-12 07:39:56,218[0;39m [31m[WARN][0;39m com.zaxxer.hikari.util.DriverDataSource restartedMain [34mRegistered driver with driverClassName=oracle.jdbc.driver.OracleDriver was not found, trying direct instantiation.
[0;39m[33m2024-04-12 07:39:56,297[0;39m [31m[INFO][0;39m com.zaxxer.hikari.pool.PoolBase restartedMain [34mHikariPool-1 - Driver does not support get/set network timeout for connections. (oracle.jdbc.driver.T4CConnection.getNetworkTimeout()I)
[0;39m[33m2024-04-12 07:39:56,313[0;39m [31m[INFO][0;39m com.zaxxer.hikari.HikariDataSource restartedMain [34mHikariPool-1 - Start completed.
[0;39m[33m2024-04-12 07:39:56,391[0;39m [31m[INFO][0;39m org.springframework.boot.devtools.autoconfigure.OptionalLiveReloadServer restartedMain [34mLiveReload server is running on port 35729
[0;39m[33m2024-04-12 07:39:56,423[0;39m [31m[INFO][0;39m org.springframework.boot.web.embedded.tomcat.TomcatWebServer restartedMain [34mTomcat started on port(s): 8083 (http) with context path ''
[0;39m[33m2024-04-12 07:39:56,438[0;39m [31m[INFO][0;39m dao.technical.spring.SpringDaoApplication restartedMain [34mStarted SpringDaoApplication in 2.576 seconds (JVM running for 3.354)
[0;39m[33m2024-04-12 07:39:56,597[0;39m [31m[ERROR][0;39m dao.technical.spring.services.EmployeeServices restartedMain [34mFailed to retrieve employee details
[0;39m[33m2024-04-12 07:40:52,546[0;39m [31m[INFO][0;39m dao.technical.spring.SpringDaoApplication restartedMain [34mStarting SpringDaoApplication using Java 1.8.0_292 on WPF45DYSS with PID 12536 (C:\DLTE-Java-Full-Stack-PrashanthD-2024\DLTE-Technical-Final\Spring-DAO\target\classes started by xxdddddp in C:\DLTE-Java-Full-Stack-PrashanthD-2024\DLTE-Technical-Final\Spring-DAO)
[0;39m[33m2024-04-12 07:40:52,546[0;39m [31m[INFO][0;39m dao.technical.spring.SpringDaoApplication restartedMain [34mNo active profile set, falling back to 1 default profile: "default"
[0;39m[33m2024-04-12 07:40:52,586[0;39m [31m[INFO][0;39m org.springframework.boot.devtools.restart.ChangeableUrls restartedMain [34mThe Class-Path manifest attribute in C:\Users\xxdddddp\.m2\repository\com\oracle\database\security\oraclepki\21.5.0.0\oraclepki-21.5.0.0.jar referenced one or more files that do not exist: file:/C:/Users/xxdddddp/.m2/repository/com/oracle/database/security/oraclepki/21.5.0.0/osdt_core.jar,file:/C:/Users/xxdddddp/.m2/repository/com/oracle/database/security/oraclepki/21.5.0.0/osdt_cert.jar,file:/C:/Users/xxdddddp/.m2/repository/com/oracle/database/security/oraclepki/oracle.osdt/osdt_core.jar,file:/C:/Users/xxdddddp/.m2/repository/com/oracle/database/security/oraclepki/oracle.osdt/osdt_cert.jar
[0;39m[33m2024-04-12 07:40:52,586[0;39m [31m[INFO][0;39m org.springframework.boot.devtools.env.DevToolsPropertyDefaultsPostProcessor restartedMain [34mDevtools property defaults active! Set 'spring.devtools.add-properties' to 'false' to disable
[0;39m[33m2024-04-12 07:40:52,586[0;39m [31m[INFO][0;39m org.springframework.boot.devtools.env.DevToolsPropertyDefaultsPostProcessor restartedMain [34mFor additional web related logging consider setting the 'logging.level.web' property to 'DEBUG'
[0;39m[33m2024-04-12 07:40:53,105[0;39m [31m[INFO][0;39m org.springframework.data.repository.config.RepositoryConfigurationDelegate restartedMain [34mBootstrapping Spring Data JDBC repositories in DEFAULT mode.
[0;39m[33m2024-04-12 07:40:53,121[0;39m [31m[INFO][0;39m org.springframework.data.repository.config.RepositoryConfigurationDelegate restartedMain [34mFinished Spring Data repository scanning in 6 ms. Found 0 JDBC repository interfaces.
[0;39m[33m2024-04-12 07:40:53,482[0;39m [31m[INFO][0;39m org.springframework.boot.web.embedded.tomcat.TomcatWebServer restartedMain [34mTomcat initialized with port(s): 8083 (http)
[0;39m[33m2024-04-12 07:40:53,498[0;39m [31m[INFO][0;39m org.apache.catalina.core.StandardService restartedMain [34mStarting service [Tomcat]
[0;39m[33m2024-04-12 07:40:53,498[0;39m [31m[INFO][0;39m org.apache.catalina.core.StandardEngine restartedMain [34mStarting Servlet engine: [Apache Tomcat/9.0.73]
[0;39m[33m2024-04-12 07:40:53,561[0;39m [31m[INFO][0;39m org.apache.catalina.core.ContainerBase.[Tomcat].[localhost].[/] restartedMain [34mInitializing Spring embedded WebApplicationContext
[0;39m[33m2024-04-12 07:40:53,561[0;39m [31m[INFO][0;39m org.springframework.boot.web.servlet.context.ServletWebServerApplicationContext restartedMain [34mRoot WebApplicationContext: initialization completed in 975 ms
[0;39m[33m2024-04-12 07:40:53,938[0;39m [31m[INFO][0;39m com.zaxxer.hikari.HikariDataSource restartedMain [34mHikariPool-1 - Starting...
[0;39m[33m2024-04-12 07:40:53,938[0;39m [31m[WARN][0;39m com.zaxxer.hikari.util.DriverDataSource restartedMain [34mRegistered driver with driverClassName=oracle.jdbc.driver.OracleDriver was not found, trying direct instantiation.
[0;39m[33m2024-04-12 07:40:54,018[0;39m [31m[INFO][0;39m com.zaxxer.hikari.pool.PoolBase restartedMain [34mHikariPool-1 - Driver does not support get/set network timeout for connections. (oracle.jdbc.driver.T4CConnection.getNetworkTimeout()I)
[0;39m[33m2024-04-12 07:40:54,018[0;39m [31m[INFO][0;39m com.zaxxer.hikari.HikariDataSource restartedMain [34mHikariPool-1 - Start completed.
[0;39m[33m2024-04-12 07:40:54,079[0;39m [31m[INFO][0;39m org.springframework.boot.devtools.autoconfigure.OptionalLiveReloadServer restartedMain [34mLiveReload server is running on port 35729
[0;39m[33m2024-04-12 07:40:54,110[0;39m [31m[INFO][0;39m org.springframework.boot.web.embedded.tomcat.TomcatWebServer restartedMain [34mTomcat started on port(s): 8083 (http) with context path ''
[0;39m[33m2024-04-12 07:40:54,126[0;39m [31m[INFO][0;39m dao.technical.spring.SpringDaoApplication restartedMain [34mStarted SpringDaoApplication in 2.004 seconds (JVM running for 2.783)
[0;39m[33m2024-04-12 07:40:54,267[0;39m [31m[ERROR][0;39m dao.technical.spring.services.EmployeeServices restartedMain [34mFailed to retrieve employee details
[0;39m[33m2024-04-12 07:41:26,012[0;39m [31m[INFO][0;39m dao.technical.spring.SpringDaoApplication restartedMain [34mStarting SpringDaoApplication using Java 1.8.0_292 on WPF45DYSS with PID 25776 (C:\DLTE-Java-Full-Stack-PrashanthD-2024\DLTE-Technical-Final\Spring-DAO\target\classes started by xxdddddp in C:\DLTE-Java-Full-Stack-PrashanthD-2024\DLTE-Technical-Final\Spring-DAO)
[0;39m[33m2024-04-12 07:41:26,012[0;39m [31m[INFO][0;39m dao.technical.spring.SpringDaoApplication restartedMain [34mNo active profile set, falling back to 1 default profile: "default"
[0;39m[33m2024-04-12 07:41:26,075[0;39m [31m[INFO][0;39m org.springframework.boot.devtools.restart.ChangeableUrls restartedMain [34mThe Class-Path manifest attribute in C:\Users\xxdddddp\.m2\repository\com\oracle\database\security\oraclepki\21.5.0.0\oraclepki-21.5.0.0.jar referenced one or more files that do not exist: file:/C:/Users/xxdddddp/.m2/repository/com/oracle/database/security/oraclepki/21.5.0.0/osdt_core.jar,file:/C:/Users/xxdddddp/.m2/repository/com/oracle/database/security/oraclepki/21.5.0.0/osdt_cert.jar,file:/C:/Users/xxdddddp/.m2/repository/com/oracle/database/security/oraclepki/oracle.osdt/osdt_core.jar,file:/C:/Users/xxdddddp/.m2/repository/com/oracle/database/security/oraclepki/oracle.osdt/osdt_cert.jar
[0;39m[33m2024-04-12 07:41:26,075[0;39m [31m[INFO][0;39m org.springframework.boot.devtools.env.DevToolsPropertyDefaultsPostProcessor restartedMain [34mDevtools property defaults active! Set 'spring.devtools.add-properties' to 'false' to disable
[0;39m[33m2024-04-12 07:41:26,075[0;39m [31m[INFO][0;39m org.springframework.boot.devtools.env.DevToolsPropertyDefaultsPostProcessor restartedMain [34mFor additional web related logging consider setting the 'logging.level.web' property to 'DEBUG'
[0;39m[33m2024-04-12 07:41:27,198[0;39m [31m[INFO][0;39m org.springframework.data.repository.config.RepositoryConfigurationDelegate restartedMain [34mBootstrapping Spring Data JDBC repositories in DEFAULT mode.
[0;39m[33m2024-04-12 07:41:27,220[0;39m [31m[INFO][0;39m org.springframework.data.repository.config.RepositoryConfigurationDelegate restartedMain [34mFinished Spring Data repository scanning in 17 ms. Found 0 JDBC repository interfaces.
[0;39m[33m2024-04-12 07:41:28,016[0;39m [31m[INFO][0;39m org.springframework.boot.web.embedded.tomcat.TomcatWebServer restartedMain [34mTomcat initialized with port(s): 8083 (http)
[0;39m[33m2024-04-12 07:41:28,016[0;39m [31m[INFO][0;39m org.apache.catalina.core.StandardService restartedMain [34mStarting service [Tomcat]
[0;39m[33m2024-04-12 07:41:28,016[0;39m [31m[INFO][0;39m org.apache.catalina.core.StandardEngine restartedMain [34mStarting Servlet engine: [Apache Tomcat/9.0.73]
[0;39m[33m2024-04-12 07:41:28,125[0;39m [31m[INFO][0;39m org.apache.catalina.core.ContainerBase.[Tomcat].[localhost].[/] restartedMain [34mInitializing Spring embedded WebApplicationContext
[0;39m[33m2024-04-12 07:41:28,125[0;39m [31m[INFO][0;39m org.springframework.boot.web.servlet.context.ServletWebServerApplicationContext restartedMain [34mRoot WebApplicationContext: initialization completed in 2050 ms
[0;39m[33m2024-04-12 07:41:28,691[0;39m [31m[INFO][0;39m com.zaxxer.hikari.HikariDataSource restartedMain [34mHikariPool-1 - Starting...
[0;39m[33m2024-04-12 07:41:28,691[0;39m [31m[WARN][0;39m com.zaxxer.hikari.util.DriverDataSource restartedMain [34mRegistered driver with driverClassName=oracle.jdbc.driver.OracleDriver was not found, trying direct instantiation.
[0;39m[33m2024-04-12 07:41:28,808[0;39m [31m[INFO][0;39m com.zaxxer.hikari.pool.PoolBase restartedMain [34mHikariPool-1 - Driver does not support get/set network timeout for connections. (oracle.jdbc.driver.T4CConnection.getNetworkTimeout()I)
[0;39m[33m2024-04-12 07:41:28,810[0;39m [31m[INFO][0;39m com.zaxxer.hikari.HikariDataSource restartedMain [34mHikariPool-1 - Start completed.
[0;39m[33m2024-04-12 07:41:28,927[0;39m [31m[INFO][0;39m org.springframework.boot.devtools.autoconfigure.OptionalLiveReloadServer restartedMain [34mLiveReload server is running on port 35729
[0;39m[33m2024-04-12 07:41:28,990[0;39m [31m[INFO][0;39m org.springframework.boot.web.embedded.tomcat.TomcatWebServer restartedMain [34mTomcat started on port(s): 8083 (http) with context path ''
[0;39m[33m2024-04-12 07:41:29,006[0;39m [31m[INFO][0;39m dao.technical.spring.SpringDaoApplication restartedMain [34mStarted SpringDaoApplication in 3.38 seconds (JVM running for 4.203)
[0;39m[33m2024-04-12 07:46:28,068[0;39m [31m[INFO][0;39m dao.technical.spring.SpringDaoApplication restartedMain [34mStarting SpringDaoApplication using Java 1.8.0_292 on WPF45DYSS with PID 15292 (C:\DLTE-Java-Full-Stack-PrashanthD-2024\DLTE-Technical-Final\Spring-DAO\target\classes started by xxdddddp in C:\DLTE-Java-Full-Stack-PrashanthD-2024\DLTE-Technical-Final\Spring-DAO)
[0;39m[33m2024-04-12 07:46:28,068[0;39m [31m[INFO][0;39m dao.technical.spring.SpringDaoApplication restartedMain [34mNo active profile set, falling back to 1 default profile: "default"
[0;39m[33m2024-04-12 07:46:28,115[0;39m [31m[INFO][0;39m org.springframework.boot.devtools.restart.ChangeableUrls restartedMain [34mThe Class-Path manifest attribute in C:\Users\xxdddddp\.m2\repository\com\oracle\database\security\oraclepki\21.5.0.0\oraclepki-21.5.0.0.jar referenced one or more files that do not exist: file:/C:/Users/xxdddddp/.m2/repository/com/oracle/database/security/oraclepki/21.5.0.0/osdt_core.jar,file:/C:/Users/xxdddddp/.m2/repository/com/oracle/database/security/oraclepki/21.5.0.0/osdt_cert.jar,file:/C:/Users/xxdddddp/.m2/repository/com/oracle/database/security/oraclepki/oracle.osdt/osdt_core.jar,file:/C:/Users/xxdddddp/.m2/repository/com/oracle/database/security/oraclepki/oracle.osdt/osdt_cert.jar
[0;39m[33m2024-04-12 07:46:28,115[0;39m [31m[INFO][0;39m org.springframework.boot.devtools.env.DevToolsPropertyDefaultsPostProcessor restartedMain [34mDevtools property defaults active! Set 'spring.devtools.add-properties' to 'false' to disable
[0;39m[33m2024-04-12 07:46:28,115[0;39m [31m[INFO][0;39m org.springframework.boot.devtools.env.DevToolsPropertyDefaultsPostProcessor restartedMain [34mFor additional web related logging consider setting the 'logging.level.web' property to 'DEBUG'
[0;39m[33m2024-04-12 07:46:28,668[0;39m [31m[INFO][0;39m org.springframework.data.repository.config.RepositoryConfigurationDelegate restartedMain [34mBootstrapping Spring Data JDBC repositories in DEFAULT mode.
[0;39m[33m2024-04-12 07:46:28,668[0;39m [31m[INFO][0;39m org.springframework.data.repository.config.RepositoryConfigurationDelegate restartedMain [34mFinished Spring Data repository scanning in 6 ms. Found 0 JDBC repository interfaces.
[0;39m[33m2024-04-12 07:46:29,152[0;39m [31m[INFO][0;39m org.springframework.boot.web.embedded.tomcat.TomcatWebServer restartedMain [34mTomcat initialized with port(s): 8083 (http)
[0;39m[33m2024-04-12 07:46:29,163[0;39m [31m[INFO][0;39m org.apache.catalina.core.StandardService restartedMain [34mStarting service [Tomcat]
[0;39m[33m2024-04-12 07:46:29,163[0;39m [31m[INFO][0;39m org.apache.catalina.core.StandardEngine restartedMain [34mStarting Servlet engine: [Apache Tomcat/9.0.73]
[0;39m[33m2024-04-12 07:46:29,241[0;39m [31m[INFO][0;39m org.apache.catalina.core.ContainerBase.[Tomcat].[localhost].[/] restartedMain [34mInitializing Spring embedded WebApplicationContext
[0;39m[33m2024-04-12 07:46:29,241[0;39m [31m[INFO][0;39m org.springframework.boot.web.servlet.context.ServletWebServerApplicationContext restartedMain [34mRoot WebApplicationContext: initialization completed in 1116 ms
[0;39m[33m2024-04-12 07:46:29,683[0;39m [31m[INFO][0;39m com.zaxxer.hikari.HikariDataSource restartedMain [34mHikariPool-1 - Starting...
[0;39m[33m2024-04-12 07:46:29,684[0;39m [31m[WARN][0;39m com.zaxxer.hikari.util.DriverDataSource restartedMain [34mRegistered driver with driverClassName=oracle.jdbc.driver.OracleDriver was not found, trying direct instantiation.
[0;39m[33m2024-04-12 07:46:29,804[0;39m [31m[INFO][0;39m com.zaxxer.hikari.pool.PoolBase restartedMain [34mHikariPool-1 - Driver does not support get/set network timeout for connections. (oracle.jdbc.driver.T4CConnection.getNetworkTimeout()I)
[0;39m[33m2024-04-12 07:46:29,804[0;39m [31m[INFO][0;39m com.zaxxer.hikari.HikariDataSource restartedMain [34mHikariPool-1 - Start completed.
[0;39m[33m2024-04-12 07:46:29,898[0;39m [31m[INFO][0;39m org.springframework.boot.devtools.autoconfigure.OptionalLiveReloadServer restartedMain [34mLiveReload server is running on port 35729
[0;39m[33m2024-04-12 07:46:29,945[0;39m [31m[INFO][0;39m org.springframework.boot.web.embedded.tomcat.TomcatWebServer restartedMain [34mTomcat started on port(s): 8083 (http) with context path ''
[0;39m[33m2024-04-12 07:46:29,961[0;39m [31m[INFO][0;39m dao.technical.spring.SpringDaoApplication restartedMain [34mStarted SpringDaoApplication in 2.262 seconds (JVM running for 3.082)
[0;39m[33m2024-04-12 07:46:49,964[0;39m [31m[INFO][0;39m dao.technical.spring.SpringDaoApplication restartedMain [34mStarting SpringDaoApplication using Java 1.8.0_292 on WPF45DYSS with PID 18056 (C:\DLTE-Java-Full-Stack-PrashanthD-2024\DLTE-Technical-Final\Spring-DAO\target\classes started by xxdddddp in C:\DLTE-Java-Full-Stack-PrashanthD-2024\DLTE-Technical-Final\Spring-DAO)
[0;39m[33m2024-04-12 07:46:49,966[0;39m [31m[INFO][0;39m dao.technical.spring.SpringDaoApplication restartedMain [34mNo active profile set, falling back to 1 default profile: "default"
[0;39m[33m2024-04-12 07:46:50,001[0;39m [31m[INFO][0;39m org.springframework.boot.devtools.restart.ChangeableUrls restartedMain [34mThe Class-Path manifest attribute in C:\Users\xxdddddp\.m2\repository\com\oracle\database\security\oraclepki\21.5.0.0\oraclepki-21.5.0.0.jar referenced one or more files that do not exist: file:/C:/Users/xxdddddp/.m2/repository/com/oracle/database/security/oraclepki/21.5.0.0/osdt_core.jar,file:/C:/Users/xxdddddp/.m2/repository/com/oracle/database/security/oraclepki/21.5.0.0/osdt_cert.jar,file:/C:/Users/xxdddddp/.m2/repository/com/oracle/database/security/oraclepki/oracle.osdt/osdt_core.jar,file:/C:/Users/xxdddddp/.m2/repository/com/oracle/database/security/oraclepki/oracle.osdt/osdt_cert.jar
[0;39m[33m2024-04-12 07:46:50,001[0;39m [31m[INFO][0;39m org.springframework.boot.devtools.env.DevToolsPropertyDefaultsPostProcessor restartedMain [34mDevtools property defaults active! Set 'spring.devtools.add-properties' to 'false' to disable
[0;39m[33m2024-04-12 07:46:50,001[0;39m [31m[INFO][0;39m org.springframework.boot.devtools.env.DevToolsPropertyDefaultsPostProcessor restartedMain [34mFor additional web related logging consider setting the 'logging.level.web' property to 'DEBUG'
[0;39m[33m2024-04-12 07:46:50,521[0;39m [31m[INFO][0;39m org.springframework.data.repository.config.RepositoryConfigurationDelegate restartedMain [34mBootstrapping Spring Data JDBC repositories in DEFAULT mode.
[0;39m[33m2024-04-12 07:46:50,521[0;39m [31m[INFO][0;39m org.springframework.data.repository.config.RepositoryConfigurationDelegate restartedMain [34mFinished Spring Data repository scanning in 7 ms. Found 0 JDBC repository interfaces.
[0;39m[33m2024-04-12 07:46:50,898[0;39m [31m[INFO][0;39m org.springframework.boot.web.embedded.tomcat.TomcatWebServer restartedMain [34mTomcat initialized with port(s): 8083 (http)
[0;39m[33m2024-04-12 07:46:50,914[0;39m [31m[INFO][0;39m org.apache.catalina.core.StandardService restartedMain [34mStarting service [Tomcat]
[0;39m[33m2024-04-12 07:46:50,914[0;39m [31m[INFO][0;39m org.apache.catalina.core.StandardEngine restartedMain [34mStarting Servlet engine: [Apache Tomcat/9.0.73]
[0;39m[33m2024-04-12 07:46:50,993[0;39m [31m[INFO][0;39m org.apache.catalina.core.ContainerBase.[Tomcat].[localhost].[/] restartedMain [34mInitializing Spring embedded WebApplicationContext
[0;39m[33m2024-04-12 07:46:50,993[0;39m [31m[INFO][0;39m org.springframework.boot.web.servlet.context.ServletWebServerApplicationContext restartedMain [34mRoot WebApplicationContext: initialization completed in 992 ms
[0;39m[33m2024-04-12 07:46:51,372[0;39m [31m[INFO][0;39m com.zaxxer.hikari.HikariDataSource restartedMain [34mHikariPool-1 - Starting...
[0;39m[33m2024-04-12 07:46:51,372[0;39m [31m[WARN][0;39m com.zaxxer.hikari.util.DriverDataSource restartedMain [34mRegistered driver with driverClassName=oracle.jdbc.driver.OracleDriver was not found, trying direct instantiation.
[0;39m[33m2024-04-12 07:46:51,452[0;39m [31m[INFO][0;39m com.zaxxer.hikari.pool.PoolBase restartedMain [34mHikariPool-1 - Driver does not support get/set network timeout for connections. (oracle.jdbc.driver.T4CConnection.getNetworkTimeout()I)
[0;39m[33m2024-04-12 07:46:51,452[0;39m [31m[INFO][0;39m com.zaxxer.hikari.HikariDataSource restartedMain [34mHikariPool-1 - Start completed.
[0;39m[33m2024-04-12 07:46:51,515[0;39m [31m[INFO][0;39m org.springframework.boot.devtools.autoconfigure.OptionalLiveReloadServer restartedMain [34mLiveReload server is running on port 35729
[0;39m[33m2024-04-12 07:46:51,546[0;39m [31m[INFO][0;39m org.springframework.boot.web.embedded.tomcat.TomcatWebServer restartedMain [34mTomcat started on port(s): 8083 (http) with context path ''
[0;39m[33m2024-04-12 07:46:51,546[0;39m [31m[INFO][0;39m dao.technical.spring.SpringDaoApplication restartedMain [34mStarted SpringDaoApplication in 1.944 seconds (JVM running for 2.685)
[0;39m[33m2024-04-12 07:46:51,751[0;39m [31m[WARN][0;39m dao.technical.spring.services.EmployeeServices restartedMain [34mInsertion failed due To violation constraint.Employee Already Exists!!
[0;39m[33m2024-04-12 07:47:14,197[0;39m [31m[INFO][0;39m dao.technical.spring.SpringDaoApplication restartedMain [34mStarting SpringDaoApplication using Java 1.8.0_292 on WPF45DYSS with PID 2928 (C:\DLTE-Java-Full-Stack-PrashanthD-2024\DLTE-Technical-Final\Spring-DAO\target\classes started by xxdddddp in C:\DLTE-Java-Full-Stack-PrashanthD-2024\DLTE-Technical-Final\Spring-DAO)
[0;39m[33m2024-04-12 07:47:14,197[0;39m [31m[INFO][0;39m dao.technical.spring.SpringDaoApplication restartedMain [34mNo active profile set, falling back to 1 default profile: "default"
[0;39m[33m2024-04-12 07:47:14,256[0;39m [31m[INFO][0;39m org.springframework.boot.devtools.restart.ChangeableUrls restartedMain [34mThe Class-Path manifest attribute in C:\Users\xxdddddp\.m2\repository\com\oracle\database\security\oraclepki\21.5.0.0\oraclepki-21.5.0.0.jar referenced one or more files that do not exist: file:/C:/Users/xxdddddp/.m2/repository/com/oracle/database/security/oraclepki/21.5.0.0/osdt_core.jar,file:/C:/Users/xxdddddp/.m2/repository/com/oracle/database/security/oraclepki/21.5.0.0/osdt_cert.jar,file:/C:/Users/xxdddddp/.m2/repository/com/oracle/database/security/oraclepki/oracle.osdt/osdt_core.jar,file:/C:/Users/xxdddddp/.m2/repository/com/oracle/database/security/oraclepki/oracle.osdt/osdt_cert.jar
[0;39m[33m2024-04-12 07:47:14,256[0;39m [31m[INFO][0;39m org.springframework.boot.devtools.env.DevToolsPropertyDefaultsPostProcessor restartedMain [34mDevtools property defaults active! Set 'spring.devtools.add-properties' to 'false' to disable
[0;39m[33m2024-04-12 07:47:14,256[0;39m [31m[INFO][0;39m org.springframework.boot.devtools.env.DevToolsPropertyDefaultsPostProcessor restartedMain [34mFor additional web related logging consider setting the 'logging.level.web' property to 'DEBUG'
[0;39m[33m2024-04-12 07:47:14,963[0;39m [31m[INFO][0;39m org.springframework.data.repository.config.RepositoryConfigurationDelegate restartedMain [34mBootstrapping Spring Data JDBC repositories in DEFAULT mode.
[0;39m[33m2024-04-12 07:47:14,979[0;39m [31m[INFO][0;39m org.springframework.data.repository.config.RepositoryConfigurationDelegate restartedMain [34mFinished Spring Data repository scanning in 9 ms. Found 0 JDBC repository interfaces.
[0;39m[33m2024-04-12 07:47:15,482[0;39m [31m[INFO][0;39m org.springframework.boot.web.embedded.tomcat.TomcatWebServer restartedMain [34mTomcat initialized with port(s): 8083 (http)
[0;39m[33m2024-04-12 07:47:15,482[0;39m [31m[INFO][0;39m org.apache.catalina.core.StandardService restartedMain [34mStarting service [Tomcat]
[0;39m[33m2024-04-12 07:47:15,482[0;39m [31m[INFO][0;39m org.apache.catalina.core.StandardEngine restartedMain [34mStarting Servlet engine: [Apache Tomcat/9.0.73]
[0;39m[33m2024-04-12 07:47:15,592[0;39m [31m[INFO][0;39m org.apache.catalina.core.ContainerBase.[Tomcat].[localhost].[/] restartedMain [34mInitializing Spring embedded WebApplicationContext
[0;39m[33m2024-04-12 07:47:15,592[0;39m [31m[INFO][0;39m org.springframework.boot.web.servlet.context.ServletWebServerApplicationContext restartedMain [34mRoot WebApplicationContext: initialization completed in 1336 ms
[0;39m[33m2024-04-12 07:47:16,094[0;39m [31m[INFO][0;39m com.zaxxer.hikari.HikariDataSource restartedMain [34mHikariPool-1 - Starting...
[0;39m[33m2024-04-12 07:47:16,095[0;39m [31m[WARN][0;39m com.zaxxer.hikari.util.DriverDataSource restartedMain [34mRegistered driver with driverClassName=oracle.jdbc.driver.OracleDriver was not found, trying direct instantiation.
[0;39m[33m2024-04-12 07:47:16,205[0;39m [31m[INFO][0;39m com.zaxxer.hikari.pool.PoolBase restartedMain [34mHikariPool-1 - Driver does not support get/set network timeout for connections. (oracle.jdbc.driver.T4CConnection.getNetworkTimeout()I)
[0;39m[33m2024-04-12 07:47:16,205[0;39m [31m[INFO][0;39m com.zaxxer.hikari.HikariDataSource restartedMain [34mHikariPool-1 - Start completed.
[0;39m[33m2024-04-12 07:47:16,299[0;39m [31m[INFO][0;39m org.springframework.boot.devtools.autoconfigure.OptionalLiveReloadServer restartedMain [34mLiveReload server is running on port 35729
[0;39m[33m2024-04-12 07:47:16,335[0;39m [31m[INFO][0;39m org.springframework.boot.web.embedded.tomcat.TomcatWebServer restartedMain [34mTomcat started on port(s): 8083 (http) with context path ''
[0;39m[33m2024-04-12 07:47:16,349[0;39m [31m[INFO][0;39m dao.technical.spring.SpringDaoApplication restartedMain [34mStarted SpringDaoApplication in 2.512 seconds (JVM running for 3.287)
[0;39m[33m2024-04-12 07:47:16,409[0;39m [31m[INFO][0;39m dao.technical.spring.services.EmployeeServices restartedMain [34mFetched the Employee Details Successfully
[0;39m[33m2024-04-12 07:49:00,685[0;39m [31m[INFO][0;39m dao.technical.spring.SpringDaoApplication restartedMain [34mStarting SpringDaoApplication using Java 1.8.0_292 on WPF45DYSS with PID 5452 (C:\DLTE-Java-Full-Stack-PrashanthD-2024\DLTE-Technical-Final\Spring-DAO\target\classes started by xxdddddp in C:\DLTE-Java-Full-Stack-PrashanthD-2024\DLTE-Technical-Final\Spring-DAO)
[0;39m[33m2024-04-12 07:49:00,692[0;39m [31m[INFO][0;39m dao.technical.spring.SpringDaoApplication restartedMain [34mNo active profile set, falling back to 1 default profile: "default"
[0;39m[33m2024-04-12 07:49:00,763[0;39m [31m[INFO][0;39m org.springframework.boot.devtools.restart.ChangeableUrls restartedMain [34mThe Class-Path manifest attribute in C:\Users\xxdddddp\.m2\repository\com\oracle\database\security\oraclepki\21.5.0.0\oraclepki-21.5.0.0.jar referenced one or more files that do not exist: file:/C:/Users/xxdddddp/.m2/repository/com/oracle/database/security/oraclepki/21.5.0.0/osdt_core.jar,file:/C:/Users/xxdddddp/.m2/repository/com/oracle/database/security/oraclepki/21.5.0.0/osdt_cert.jar,file:/C:/Users/xxdddddp/.m2/repository/com/oracle/database/security/oraclepki/oracle.osdt/osdt_core.jar,file:/C:/Users/xxdddddp/.m2/repository/com/oracle/database/security/oraclepki/oracle.osdt/osdt_cert.jar
[0;39m[33m2024-04-12 07:49:00,763[0;39m [31m[INFO][0;39m org.springframework.boot.devtools.env.DevToolsPropertyDefaultsPostProcessor restartedMain [34mDevtools property defaults active! Set 'spring.devtools.add-properties' to 'false' to disable
[0;39m[33m2024-04-12 07:49:00,763[0;39m [31m[INFO][0;39m org.springframework.boot.devtools.env.DevToolsPropertyDefaultsPostProcessor restartedMain [34mFor additional web related logging consider setting the 'logging.level.web' property to 'DEBUG'
[0;39m[33m2024-04-12 07:49:01,329[0;39m [31m[INFO][0;39m org.springframework.data.repository.config.RepositoryConfigurationDelegate restartedMain [34mBootstrapping Spring Data JDBC repositories in DEFAULT mode.
[0;39m[33m2024-04-12 07:49:01,344[0;39m [31m[INFO][0;39m org.springframework.data.repository.config.RepositoryConfigurationDelegate restartedMain [34mFinished Spring Data repository scanning in 10 ms. Found 0 JDBC repository interfaces.
[0;39m[33m2024-04-12 07:49:01,738[0;39m [31m[INFO][0;39m org.springframework.boot.web.embedded.tomcat.TomcatWebServer restartedMain [34mTomcat initialized with port(s): 8083 (http)
[0;39m[33m2024-04-12 07:49:01,753[0;39m [31m[INFO][0;39m org.apache.catalina.core.StandardService restartedMain [34mStarting service [Tomcat]
[0;39m[33m2024-04-12 07:49:01,753[0;39m [31m[INFO][0;39m org.apache.catalina.core.StandardEngine restartedMain [34mStarting Servlet engine: [Apache Tomcat/9.0.73]
[0;39m[33m2024-04-12 07:49:01,863[0;39m [31m[INFO][0;39m org.apache.catalina.core.ContainerBase.[Tomcat].[localhost].[/] restartedMain [34mInitializing Spring embedded WebApplicationContext
[0;39m[33m2024-04-12 07:49:01,863[0;39m [31m[INFO][0;39m org.springframework.boot.web.servlet.context.ServletWebServerApplicationContext restartedMain [34mRoot WebApplicationContext: initialization completed in 1100 ms
[0;39m[33m2024-04-12 07:49:02,272[0;39m [31m[INFO][0;39m com.zaxxer.hikari.HikariDataSource restartedMain [34mHikariPool-1 - Starting...
[0;39m[33m2024-04-12 07:49:02,272[0;39m [31m[WARN][0;39m com.zaxxer.hikari.util.DriverDataSource restartedMain [34mRegistered driver with driverClassName=oracle.jdbc.driver.OracleDriver was not found, trying direct instantiation.
[0;39m[33m2024-04-12 07:49:02,351[0;39m [31m[INFO][0;39m com.zaxxer.hikari.pool.PoolBase restartedMain [34mHikariPool-1 - Driver does not support get/set network timeout for connections. (oracle.jdbc.driver.T4CConnection.getNetworkTimeout()I)
[0;39m[33m2024-04-12 07:49:02,351[0;39m [31m[INFO][0;39m com.zaxxer.hikari.HikariDataSource restartedMain [34mHikariPool-1 - Start completed.
[0;39m[33m2024-04-12 07:49:02,429[0;39m [31m[INFO][0;39m org.springframework.boot.devtools.autoconfigure.OptionalLiveReloadServer restartedMain [34mLiveReload server is running on port 35729
[0;39m[33m2024-04-12 07:49:02,445[0;39m [31m[INFO][0;39m org.springframework.boot.web.embedded.tomcat.TomcatWebServer restartedMain [34mTomcat started on port(s): 8083 (http) with context path ''
[0;39m[33m2024-04-12 07:49:02,461[0;39m [31m[INFO][0;39m dao.technical.spring.SpringDaoApplication restartedMain [34mStarted SpringDaoApplication in 2.17 seconds (JVM running for 3.018)
[0;39m[33m2024-04-12 07:49:02,555[0;39m [31m[INFO][0;39m dao.technical.spring.services.EmployeeServices restartedMain [34mFetched the Employee Details Successfully
[0;39m[33m2024-04-12 07:52:26,754[0;39m [31m[INFO][0;39m dao.technical.spring.SpringDaoApplication restartedMain [34mStarting SpringDaoApplication using Java 1.8.0_292 on WPF45DYSS with PID 26628 (C:\DLTE-Java-Full-Stack-PrashanthD-2024\DLTE-Technical-Final\Spring-DAO\target\classes started by xxdddddp in C:\DLTE-Java-Full-Stack-PrashanthD-2024\DLTE-Technical-Final\Spring-DAO)
[0;39m[33m2024-04-12 07:52:26,756[0;39m [31m[INFO][0;39m dao.technical.spring.SpringDaoApplication restartedMain [34mNo active profile set, falling back to 1 default profile: "default"
[0;39m[33m2024-04-12 07:52:26,816[0;39m [31m[INFO][0;39m org.springframework.boot.devtools.restart.ChangeableUrls restartedMain [34mThe Class-Path manifest attribute in C:\Users\xxdddddp\.m2\repository\com\oracle\database\security\oraclepki\21.5.0.0\oraclepki-21.5.0.0.jar referenced one or more files that do not exist: file:/C:/Users/xxdddddp/.m2/repository/com/oracle/database/security/oraclepki/21.5.0.0/osdt_core.jar,file:/C:/Users/xxdddddp/.m2/repository/com/oracle/database/security/oraclepki/21.5.0.0/osdt_cert.jar,file:/C:/Users/xxdddddp/.m2/repository/com/oracle/database/security/oraclepki/oracle.osdt/osdt_core.jar,file:/C:/Users/xxdddddp/.m2/repository/com/oracle/database/security/oraclepki/oracle.osdt/osdt_cert.jar
[0;39m[33m2024-04-12 07:52:26,817[0;39m [31m[INFO][0;39m org.springframework.boot.devtools.env.DevToolsPropertyDefaultsPostProcessor restartedMain [34mDevtools property defaults active! Set 'spring.devtools.add-properties' to 'false' to disable
[0;39m[33m2024-04-12 07:52:26,818[0;39m [31m[INFO][0;39m org.springframework.boot.devtools.env.DevToolsPropertyDefaultsPostProcessor restartedMain [34mFor additional web related logging consider setting the 'logging.level.web' property to 'DEBUG'
[0;39m[33m2024-04-12 07:52:27,697[0;39m [31m[INFO][0;39m org.springframework.data.repository.config.RepositoryConfigurationDelegate restartedMain [34mBootstrapping Spring Data JDBC repositories in DEFAULT mode.
[0;39m[33m2024-04-12 07:52:27,727[0;39m [31m[INFO][0;39m org.springframework.data.repository.config.RepositoryConfigurationDelegate restartedMain [34mFinished Spring Data repository scanning in 28 ms. Found 0 JDBC repository interfaces.
[0;39m[33m2024-04-12 07:52:28,374[0;39m [31m[INFO][0;39m org.springframework.boot.web.embedded.tomcat.TomcatWebServer restartedMain [34mTomcat initialized with port(s): 8083 (http)
[0;39m[33m2024-04-12 07:52:28,381[0;39m [31m[INFO][0;39m org.apache.catalina.core.StandardService restartedMain [34mStarting service [Tomcat]
[0;39m[33m2024-04-12 07:52:28,381[0;39m [31m[INFO][0;39m org.apache.catalina.core.StandardEngine restartedMain [34mStarting Servlet engine: [Apache Tomcat/9.0.73]
[0;39m[33m2024-04-12 07:52:28,551[0;39m [31m[INFO][0;39m org.apache.catalina.core.ContainerBase.[Tomcat].[localhost].[/] restartedMain [34mInitializing Spring embedded WebApplicationContext
[0;39m[33m2024-04-12 07:52:28,551[0;39m [31m[INFO][0;39m org.springframework.boot.web.servlet.context.ServletWebServerApplicationContext restartedMain [34mRoot WebApplicationContext: initialization completed in 1733 ms
[0;39m[33m2024-04-12 07:52:29,113[0;39m [31m[INFO][0;39m com.zaxxer.hikari.HikariDataSource restartedMain [34mHikariPool-1 - Starting...
[0;39m[33m2024-04-12 07:52:29,129[0;39m [31m[WARN][0;39m com.zaxxer.hikari.util.DriverDataSource restartedMain [34mRegistered driver with driverClassName=oracle.jdbc.driver.OracleDriver was not found, trying direct instantiation.
[0;39m[33m2024-04-12 07:52:29,239[0;39m [31m[INFO][0;39m com.zaxxer.hikari.pool.PoolBase restartedMain [34mHikariPool-1 - Driver does not support get/set network timeout for connections. (oracle.jdbc.driver.T4CConnection.getNetworkTimeout()I)
[0;39m[33m2024-04-12 07:52:29,239[0;39m [31m[INFO][0;39m com.zaxxer.hikari.HikariDataSource restartedMain [34mHikariPool-1 - Start completed.
[0;39m[33m2024-04-12 07:52:29,349[0;39m [31m[INFO][0;39m org.springframework.boot.devtools.autoconfigure.OptionalLiveReloadServer restartedMain [34mLiveReload server is running on port 35729
[0;39m[33m2024-04-12 07:52:29,383[0;39m [31m[INFO][0;39m org.springframework.boot.web.embedded.tomcat.TomcatWebServer restartedMain [34mTomcat started on port(s): 8083 (http) with context path ''
[0;39m[33m2024-04-12 07:52:29,383[0;39m [31m[INFO][0;39m dao.technical.spring.SpringDaoApplication restartedMain [34mStarted SpringDaoApplication in 3.135 seconds (JVM running for 3.89)
[0;39m[33m2024-04-12 07:52:29,460[0;39m [31m[INFO][0;39m dao.technical.spring.services.EmployeeServices restartedMain [34mFetched the Employee Details Successfully
[0;39m[33m2024-04-12 07:54:30,145[0;39m [31m[INFO][0;39m dao.technical.spring.SpringDaoApplicationTests main [34mStarting SpringDaoApplicationTests using Java 1.8.0_292 on WPF45DYSS with PID 14896 (started by xxdddddp in C:\DLTE-Java-Full-Stack-PrashanthD-2024\DLTE-Technical-Final\Spring-DAO)
[0;39m[33m2024-04-12 07:54:30,145[0;39m [31m[INFO][0;39m dao.technical.spring.SpringDaoApplicationTests main [34mNo active profile set, falling back to 1 default profile: "default"
[0;39m[33m2024-04-12 07:54:30,836[0;39m [31m[INFO][0;39m org.springframework.data.repository.config.RepositoryConfigurationDelegate main [34mBootstrapping Spring Data JDBC repositories in DEFAULT mode.
[0;39m[33m2024-04-12 07:54:30,882[0;39m [31m[INFO][0;39m org.springframework.data.repository.config.RepositoryConfigurationDelegate main [34mFinished Spring Data repository scanning in 8 ms. Found 0 JDBC repository interfaces.
[0;39m[33m2024-04-12 07:54:32,375[0;39m [31m[INFO][0;39m com.zaxxer.hikari.HikariDataSource main [34mHikariPool-1 - Starting...
[0;39m[33m2024-04-12 07:54:32,375[0;39m [31m[WARN][0;39m com.zaxxer.hikari.util.DriverDataSource main [34mRegistered driver with driverClassName=oracle.jdbc.driver.OracleDriver was not found, trying direct instantiation.
[0;39m[33m2024-04-12 07:54:32,817[0;39m [31m[INFO][0;39m com.zaxxer.hikari.pool.PoolBase main [34mHikariPool-1 - Driver does not support get/set network timeout for connections. (oracle.jdbc.driver.T4CConnection.getNetworkTimeout()I)
[0;39m[33m2024-04-12 07:54:32,817[0;39m [31m[INFO][0;39m com.zaxxer.hikari.HikariDataSource main [34mHikariPool-1 - Start completed.
[0;39m[33m2024-04-12 07:54:33,053[0;39m [31m[INFO][0;39m dao.technical.spring.SpringDaoApplicationTests main [34mStarted SpringDaoApplicationTests in 3.23 seconds (JVM running for 4.315)
[0;39m[33m2024-04-12 07:54:33,415[0;39m [31m[INFO][0;39m com.zaxxer.hikari.HikariDataSource SpringApplicationShutdownHook [34mHikariPool-1 - Shutdown initiated...
[0;39m[33m2024-04-12 07:54:33,433[0;39m [31m[INFO][0;39m com.zaxxer.hikari.HikariDataSource SpringApplicationShutdownHook [34mHikariPool-1 - Shutdown completed.
[0;39m[33m2024-04-12 08:35:52,009[0;39m [31m[INFO][0;39m dao.technical.spring.SpringDaoApplication restartedMain [34mStarting SpringDaoApplication using Java 1.8.0_292 on WPF45DYSS with PID 31596 (C:\DLTE-Java-Full-Stack-PrashanthD-2024\DLTE-Technical-Final\Spring-DAO\target\classes started by xxdddddp in C:\DLTE-Java-Full-Stack-PrashanthD-2024\DLTE-Technical-Final\Spring-DAO)
[0;39m[33m2024-04-12 08:35:52,009[0;39m [31m[INFO][0;39m dao.technical.spring.SpringDaoApplication restartedMain [34mNo active profile set, falling back to 1 default profile: "default"
[0;39m[33m2024-04-12 08:35:52,057[0;39m [31m[INFO][0;39m org.springframework.boot.devtools.restart.ChangeableUrls restartedMain [34mThe Class-Path manifest attribute in C:\Users\xxdddddp\.m2\repository\com\oracle\database\security\oraclepki\21.5.0.0\oraclepki-21.5.0.0.jar referenced one or more files that do not exist: file:/C:/Users/xxdddddp/.m2/repository/com/oracle/database/security/oraclepki/21.5.0.0/osdt_core.jar,file:/C:/Users/xxdddddp/.m2/repository/com/oracle/database/security/oraclepki/21.5.0.0/osdt_cert.jar,file:/C:/Users/xxdddddp/.m2/repository/com/oracle/database/security/oraclepki/oracle.osdt/osdt_core.jar,file:/C:/Users/xxdddddp/.m2/repository/com/oracle/database/security/oraclepki/oracle.osdt/osdt_cert.jar
[0;39m[33m2024-04-12 08:35:52,057[0;39m [31m[INFO][0;39m org.springframework.boot.devtools.env.DevToolsPropertyDefaultsPostProcessor restartedMain [34mDevtools property defaults active! Set 'spring.devtools.add-properties' to 'false' to disable
[0;39m[33m2024-04-12 08:35:52,057[0;39m [31m[INFO][0;39m org.springframework.boot.devtools.env.DevToolsPropertyDefaultsPostProcessor restartedMain [34mFor additional web related logging consider setting the 'logging.level.web' property to 'DEBUG'
[0;39m[33m2024-04-12 08:35:52,575[0;39m [31m[INFO][0;39m org.springframework.data.repository.config.RepositoryConfigurationDelegate restartedMain [34mBootstrapping Spring Data JDBC repositories in DEFAULT mode.
[0;39m[33m2024-04-12 08:35:52,575[0;39m [31m[INFO][0;39m org.springframework.data.repository.config.RepositoryConfigurationDelegate restartedMain [34mFinished Spring Data repository scanning in 7 ms. Found 0 JDBC repository interfaces.
[0;39m[33m2024-04-12 08:35:52,921[0;39m [31m[INFO][0;39m org.springframework.boot.web.embedded.tomcat.TomcatWebServer restartedMain [34mTomcat initialized with port(s): 8083 (http)
[0;39m[33m2024-04-12 08:35:52,933[0;39m [31m[INFO][0;39m org.apache.catalina.core.StandardService restartedMain [34mStarting service [Tomcat]
[0;39m[33m2024-04-12 08:35:52,933[0;39m [31m[INFO][0;39m org.apache.catalina.core.StandardEngine restartedMain [34mStarting Servlet engine: [Apache Tomcat/9.0.73]
[0;39m[33m2024-04-12 08:35:52,999[0;39m [31m[INFO][0;39m org.apache.catalina.core.ContainerBase.[Tomcat].[localhost].[/] restartedMain [34mInitializing Spring embedded WebApplicationContext
[0;39m[33m2024-04-12 08:35:52,999[0;39m [31m[INFO][0;39m org.springframework.boot.web.servlet.context.ServletWebServerApplicationContext restartedMain [34mRoot WebApplicationContext: initialization completed in 942 ms
[0;39m[33m2024-04-12 08:35:53,313[0;39m [31m[INFO][0;39m com.zaxxer.hikari.HikariDataSource restartedMain [34mHikariPool-1 - Starting...
[0;39m[33m2024-04-12 08:35:53,313[0;39m [31m[WARN][0;39m com.zaxxer.hikari.util.DriverDataSource restartedMain [34mRegistered driver with driverClassName=oracle.jdbc.driver.OracleDriver was not found, trying direct instantiation.
[0;39m[33m2024-04-12 08:35:53,361[0;39m [31m[INFO][0;39m com.zaxxer.hikari.pool.PoolBase restartedMain [34mHikariPool-1 - Driver does not support get/set network timeout for connections. (oracle.jdbc.driver.T4CConnection.getNetworkTimeout()I)
[0;39m[33m2024-04-12 08:35:53,376[0;39m [31m[INFO][0;39m com.zaxxer.hikari.HikariDataSource restartedMain [34mHikariPool-1 - Start completed.
[0;39m[33m2024-04-12 08:35:53,439[0;39m [31m[WARN][0;39m org.springframework.boot.devtools.autoconfigure.OptionalLiveReloadServer restartedMain [34mUnable to start LiveReload server
[0;39m[33m2024-04-12 08:35:53,455[0;39m [31m[INFO][0;39m org.springframework.boot.web.embedded.tomcat.TomcatWebServer restartedMain [34mTomcat started on port(s): 8083 (http) with context path ''
[0;39m[33m2024-04-12 08:35:53,471[0;39m [31m[INFO][0;39m dao.technical.spring.SpringDaoApplication restartedMain [34mStarted SpringDaoApplication in 1.759 seconds (JVM running for 2.393)
[0;39m[33m2024-04-12 08:35:53,518[0;39m [31m[INFO][0;39m dao.technical.spring.services.EmployeeServices restartedMain [34mFetched the Employee Details Successfully
[0;39m[33m2024-04-12 08:36:24,302[0;39m [31m[INFO][0;39m org.springframework.boot.devtools.autoconfigure.LocalDevToolsAutoConfiguration$RestartingClassPathChangeChangedEventListener File Watcher [34mRestarting due to 13 class path changes (0 additions, 0 deletions, 13 modifications)
[0;39m[33m2024-04-12 08:36:24,380[0;39m [31m[INFO][0;39m org.apache.catalina.core.StandardService Thread-2 [34mStopping service [Tomcat]
[0;39m[33m2024-04-12 08:36:24,380[0;39m [31m[INFO][0;39m com.zaxxer.hikari.HikariDataSource Thread-2 [34mHikariPool-1 - Shutdown initiated...
[0;39m[33m2024-04-12 08:36:24,380[0;39m [31m[INFO][0;39m com.zaxxer.hikari.HikariDataSource Thread-2 [34mHikariPool-1 - Shutdown completed.
[0;39m[33m2024-04-12 08:36:24,490[0;39m [31m[INFO][0;39m dao.technical.spring.SpringDaoApplication restartedMain [34mStarting SpringDaoApplication using Java 1.8.0_292 on WPF45DYSS with PID 31596 (C:\DLTE-Java-Full-Stack-PrashanthD-2024\DLTE-Technical-Final\Spring-DAO\target\classes started by xxdddddp in C:\DLTE-Java-Full-Stack-PrashanthD-2024\DLTE-Technical-Final\Spring-DAO)
[0;39m[33m2024-04-12 08:36:24,490[0;39m [31m[INFO][0;39m dao.technical.spring.SpringDaoApplication restartedMain [34mNo active profile set, falling back to 1 default profile: "default"
[0;39m[33m2024-04-12 08:36:24,648[0;39m [31m[INFO][0;39m org.springframework.data.repository.config.RepositoryConfigurationDelegate restartedMain [34mBootstrapping Spring Data JDBC repositories in DEFAULT mode.
[0;39m[33m2024-04-12 08:36:24,663[0;39m [31m[INFO][0;39m org.springframework.data.repository.config.RepositoryConfigurationDelegate restartedMain [34mFinished Spring Data repository scanning in 3 ms. Found 0 JDBC repository interfaces.
[0;39m[33m2024-04-12 08:36:24,758[0;39m [31m[INFO][0;39m org.springframework.boot.web.embedded.tomcat.TomcatWebServer restartedMain [34mTomcat initialized with port(s): 8083 (http)
[0;39m[33m2024-04-12 08:36:24,758[0;39m [31m[INFO][0;39m org.apache.catalina.core.StandardService restartedMain [34mStarting service [Tomcat]
[0;39m[33m2024-04-12 08:36:24,758[0;39m [31m[INFO][0;39m org.apache.catalina.core.StandardEngine restartedMain [34mStarting Servlet engine: [Apache Tomcat/9.0.73]
[0;39m[33m2024-04-12 08:36:24,773[0;39m [31m[INFO][0;39m org.apache.catalina.core.ContainerBase.[Tomcat].[localhost].[/] restartedMain [34mInitializing Spring embedded WebApplicationContext
[0;39m[33m2024-04-12 08:36:24,773[0;39m [31m[INFO][0;39m org.springframework.boot.web.servlet.context.ServletWebServerApplicationContext restartedMain [34mRoot WebApplicationContext: initialization completed in 283 ms
[0;39m[33m2024-04-12 08:36:24,883[0;39m [31m[INFO][0;39m com.zaxxer.hikari.HikariDataSource restartedMain [34mHikariPool-2 - Starting...
[0;39m[33m2024-04-12 08:36:24,883[0;39m [31m[WARN][0;39m com.zaxxer.hikari.util.DriverDataSource restartedMain [34mRegistered driver with driverClassName=oracle.jdbc.driver.OracleDriver was not found, trying direct instantiation.
[0;39m[33m2024-04-12 08:36:24,899[0;39m [31m[INFO][0;39m com.zaxxer.hikari.pool.PoolBase restartedMain [34mHikariPool-2 - Driver does not support get/set network timeout for connections. (oracle.jdbc.driver.T4CConnection.getNetworkTimeout()I)
[0;39m[33m2024-04-12 08:36:24,899[0;39m [31m[INFO][0;39m com.zaxxer.hikari.HikariDataSource restartedMain [34mHikariPool-2 - Start completed.
[0;39m[33m2024-04-12 08:36:24,915[0;39m [31m[WARN][0;39m org.springframework.boot.devtools.autoconfigure.OptionalLiveReloadServer restartedMain [34mUnable to start LiveReload server
[0;39m[33m2024-04-12 08:36:24,915[0;39m [31m[INFO][0;39m org.springframework.boot.web.embedded.tomcat.TomcatWebServer restartedMain [34mTomcat started on port(s): 8083 (http) with context path ''
[0;39m[33m2024-04-12 08:36:24,915[0;39m [31m[INFO][0;39m dao.technical.spring.SpringDaoApplication restartedMain [34mStarted SpringDaoApplication in 0.455 seconds (JVM running for 33.848)
[0;39m[33m2024-04-12 08:36:24,931[0;39m [31m[INFO][0;39m org.springframework.boot.devtools.autoconfigure.ConditionEvaluationDeltaLoggingListener restartedMain [34mCondition evaluation unchanged
[0;39m[33m2024-04-12 08:36:24,931[0;39m [31m[INFO][0;39m dao.technical.spring.services.EmployeeServices restartedMain [34mFetched the Employee Details Successfully
[0;39m[33m2024-04-12 08:36:25,669[0;39m [31m[INFO][0;39m dao.technical.spring.SpringDaoApplicationTests main [34mStarting SpringDaoApplicationTests using Java 1.8.0_292 on WPF45DYSS with PID 13468 (started by xxdddddp in C:\DLTE-Java-Full-Stack-PrashanthD-2024\DLTE-Technical-Final\Spring-DAO)
[0;39m[33m2024-04-12 08:36:25,669[0;39m [31m[INFO][0;39m dao.technical.spring.SpringDaoApplicationTests main [34mNo active profile set, falling back to 1 default profile: "default"
[0;39m[33m2024-04-12 08:36:26,662[0;39m [31m[INFO][0;39m org.springframework.data.repository.config.RepositoryConfigurationDelegate main [34mBootstrapping Spring Data JDBC repositories in DEFAULT mode.
[0;39m[33m2024-04-12 08:36:26,693[0;39m [31m[INFO][0;39m org.springframework.data.repository.config.RepositoryConfigurationDelegate main [34mFinished Spring Data repository scanning in 15 ms. Found 0 JDBC repository interfaces.
[0;39m[33m2024-04-12 08:36:31,474[0;39m [31m[INFO][0;39m com.zaxxer.hikari.HikariDataSource main [34mHikariPool-1 - Starting...
[0;39m[33m2024-04-12 08:36:31,489[0;39m [31m[WARN][0;39m com.zaxxer.hikari.util.DriverDataSource main [34mRegistered driver with driverClassName=oracle.jdbc.driver.OracleDriver was not found, trying direct instantiation.
[0;39m[33m2024-04-12 08:36:32,136[0;39m [31m[INFO][0;39m com.zaxxer.hikari.pool.PoolBase main [34mHikariPool-1 - Driver does not support get/set network timeout for connections. (oracle.jdbc.driver.T4CConnection.getNetworkTimeout()I)
[0;39m[33m2024-04-12 08:36:32,153[0;39m [31m[INFO][0;39m com.zaxxer.hikari.HikariDataSource main [34mHikariPool-1 - Start completed.
[0;39m[33m2024-04-12 08:36:32,519[0;39m [31m[INFO][0;39m dao.technical.spring.SpringDaoApplicationTests main [34mStarted SpringDaoApplicationTests in 7.172 seconds (JVM running for 8.19)
[0;39m[33m2024-04-12 08:36:33,022[0;39m [31m[INFO][0;39m com.zaxxer.hikari.HikariDataSource SpringApplicationShutdownHook [34mHikariPool-1 - Shutdown initiated...
[0;39m[33m2024-04-12 08:36:33,051[0;39m [31m[INFO][0;39m com.zaxxer.hikari.HikariDataSource SpringApplicationShutdownHook [34mHikariPool-1 - Shutdown completed.
[0;39m[33m2024-04-12 10:59:14,904[0;39m [31m[WARN][0;39m com.zaxxer.hikari.pool.HikariPool HikariPool-2 housekeeper [34mHikariPool-2 - Thread starvation or clock leap detected (housekeeper delta=7m17s772ms403µs400ns).
[0;39m[33m2024-04-12 12:15:54,340[0;39m [31m[WARN][0;39m com.zaxxer.hikari.pool.HikariPool HikariPool-2 housekeeper [34mHikariPool-2 - Thread starvation or clock leap detected (housekeeper delta=6m38s325ms631µs200ns).
[0;39m[33m2024-04-12 13:59:56,604[0;39m [31m[WARN][0;39m com.zaxxer.hikari.pool.HikariPool HikariPool-2 housekeeper [34mHikariPool-2 - Thread starvation or clock leap detected (housekeeper delta=40m31s227ms259µs300ns).
[0;39m