[31m2024-04-29 14:16:34,494[0;39m [32m[INFO][0;39m element.spring.boot.springboot.DlteJavaSpringTask1089Application restartedMain [32mStarting DlteJavaSpringTask1089Application using Java 1.8.0_292 on WPF45DYSS with PID 8880 (C:\DLTE-Java-Full-Stack-PrashanthD-2024\DLTE-Java-Spring\DLTE-JavaSpring-tasks\DLTE-Java-Spring-Task-1089\target\classes started by xxdddddp in C:\DLTE-Java-Full-Stack-PrashanthD-2024\DLTE-Java-Spring\DLTE-JavaSpring-tasks\DLTE-Java-Spring-Task-1089)
[0;39m[31m2024-04-29 14:16:34,509[0;39m [32m[INFO][0;39m element.spring.boot.springboot.DlteJavaSpringTask1089Application restartedMain [32mNo active profile set, falling back to 1 default profile: "default"
[0;39m[31m2024-04-29 14:16:34,588[0;39m [32m[INFO][0;39m org.springframework.boot.devtools.restart.ChangeableUrls restartedMain [32mThe Class-Path manifest attribute in C:\Users\xxdddddp\.m2\repository\com\oracle\database\security\oraclepki\21.5.0.0\oraclepki-21.5.0.0.jar referenced one or more files that do not exist: file:/C:/Users/xxdddddp/.m2/repository/com/oracle/database/security/oraclepki/21.5.0.0/osdt_core.jar,file:/C:/Users/xxdddddp/.m2/repository/com/oracle/database/security/oraclepki/21.5.0.0/osdt_cert.jar,file:/C:/Users/xxdddddp/.m2/repository/com/oracle/database/security/oraclepki/oracle.osdt/osdt_core.jar,file:/C:/Users/xxdddddp/.m2/repository/com/oracle/database/security/oraclepki/oracle.osdt/osdt_cert.jar
[0;39m[31m2024-04-29 14:16:34,588[0;39m [32m[INFO][0;39m org.springframework.boot.devtools.env.DevToolsPropertyDefaultsPostProcessor restartedMain [32mDevtools property defaults active! Set 'spring.devtools.add-properties' to 'false' to disable
[0;39m[31m2024-04-29 14:16:34,588[0;39m [32m[INFO][0;39m org.springframework.boot.devtools.env.DevToolsPropertyDefaultsPostProcessor restartedMain [32mFor additional web related logging consider setting the 'logging.level.web' property to 'DEBUG'
[0;39m[31m2024-04-29 14:16:35,248[0;39m [32m[INFO][0;39m org.springframework.data.repository.config.RepositoryConfigurationDelegate restartedMain [32mBootstrapping Spring Data JDBC repositories in DEFAULT mode.
[0;39m[31m2024-04-29 14:16:35,264[0;39m [32m[INFO][0;39m org.springframework.data.repository.config.RepositoryConfigurationDelegate restartedMain [32mFinished Spring Data repository scanning in 7 ms. Found 0 JDBC repository interfaces.
[0;39m[31m2024-04-29 14:16:35,738[0;39m [32m[INFO][0;39m org.springframework.boot.web.embedded.tomcat.TomcatWebServer restartedMain [32mTomcat initialized with port(s): 8082 (http)
[0;39m[31m2024-04-29 14:16:35,738[0;39m [32m[INFO][0;39m org.apache.catalina.core.StandardService restartedMain [32mStarting service [Tomcat]
[0;39m[31m2024-04-29 14:16:35,738[0;39m [32m[INFO][0;39m org.apache.catalina.core.StandardEngine restartedMain [32mStarting Servlet engine: [Apache Tomcat/9.0.73]
[0;39m[31m2024-04-29 14:16:35,864[0;39m [32m[INFO][0;39m org.apache.catalina.core.ContainerBase.[Tomcat].[localhost].[/] restartedMain [32mInitializing Spring embedded WebApplicationContext
[0;39m[31m2024-04-29 14:16:35,864[0;39m [32m[INFO][0;39m org.springframework.boot.web.servlet.context.ServletWebServerApplicationContext restartedMain [32mRoot WebApplicationContext: initialization completed in 1260 ms
[0;39m[31m2024-04-29 14:16:36,116[0;39m [32m[INFO][0;39m org.springframework.security.web.DefaultSecurityFilterChain restartedMain [32mWill secure any request with [org.springframework.security.web.session.DisableEncodeUrlFilter@6001648, org.springframework.security.web.context.request.async.WebAsyncManagerIntegrationFilter@16561f0, org.springframework.security.web.context.SecurityContextPersistenceFilter@a538d83, org.springframework.security.web.header.HeaderWriterFilter@3c561a75, org.springframework.security.web.authentication.logout.LogoutFilter@23b9460f, org.springframework.security.web.authentication.UsernamePasswordAuthenticationFilter@30a56fe1, org.springframework.security.web.authentication.ui.DefaultLoginPageGeneratingFilter@26f45a1b, org.springframework.security.web.authentication.ui.DefaultLogoutPageGeneratingFilter@b8ff327, org.springframework.security.web.authentication.www.BasicAuthenticationFilter@1409788d, org.springframework.security.web.savedrequest.RequestCacheAwareFilter@5f04d9ff, org.springframework.security.web.servletapi.SecurityContextHolderAwareRequestFilter@1a70254f, org.springframework.security.web.authentication.AnonymousAuthenticationFilter@312e4d70, org.springframework.security.web.session.SessionManagementFilter@7a3b7bf0, org.springframework.security.web.access.ExceptionTranslationFilter@60a68cda, org.springframework.security.web.access.intercept.FilterSecurityInterceptor@7e1563e4]
[0;39m[31m2024-04-29 14:16:36,243[0;39m [32m[INFO][0;39m org.springframework.boot.autoconfigure.web.servlet.WelcomePageHandlerMapping restartedMain [32mAdding welcome page template: index
[0;39m[31m2024-04-29 14:16:36,425[0;39m [32m[INFO][0;39m com.zaxxer.hikari.HikariDataSource restartedMain [32mHikariPool-1 - Starting...
[0;39m[31m2024-04-29 14:16:36,425[0;39m [32m[WARN][0;39m com.zaxxer.hikari.util.DriverDataSource restartedMain [32mRegistered driver with driverClassName=oracle.jdbc.driver.OracleDriver was not found, trying direct instantiation.
[0;39m[31m2024-04-29 14:16:36,495[0;39m [32m[INFO][0;39m com.zaxxer.hikari.pool.PoolBase restartedMain [32mHikariPool-1 - Driver does not support get/set network timeout for connections. (oracle.jdbc.driver.T4CConnection.getNetworkTimeout()I)
[0;39m[31m2024-04-29 14:16:36,510[0;39m [32m[INFO][0;39m com.zaxxer.hikari.HikariDataSource restartedMain [32mHikariPool-1 - Start completed.
[0;39m[31m2024-04-29 14:16:36,605[0;39m [32m[WARN][0;39m org.springframework.boot.devtools.autoconfigure.OptionalLiveReloadServer restartedMain [32mUnable to start LiveReload server
[0;39m[31m2024-04-29 14:16:36,626[0;39m [32m[WARN][0;39m org.springframework.boot.web.servlet.context.AnnotationConfigServletWebServerApplicationContext restartedMain [32mException encountered during context initialization - cancelling refresh attempt: org.springframework.context.ApplicationContextException: Failed to start bean 'webServerStartStop'; nested exception is org.springframework.boot.web.server.PortInUseException: Port 8082 is already in use
[0;39m[31m2024-04-29 14:16:36,637[0;39m [32m[INFO][0;39m com.zaxxer.hikari.HikariDataSource restartedMain [32mHikariPool-1 - Shutdown initiated...
[0;39m[31m2024-04-29 14:16:36,646[0;39m [32m[INFO][0;39m com.zaxxer.hikari.HikariDataSource restartedMain [32mHikariPool-1 - Shutdown completed.
[0;39m[31m2024-04-29 14:16:36,649[0;39m [32m[INFO][0;39m org.apache.catalina.core.StandardService restartedMain [32mStopping service [Tomcat]
[0;39m[31m2024-04-29 14:16:36,661[0;39m [32m[INFO][0;39m org.springframework.boot.autoconfigure.logging.ConditionEvaluationReportLoggingListener restartedMain [32m

Error starting ApplicationContext. To display the conditions report re-run your application with 'debug' enabled.
[0;39m[31m2024-04-29 14:16:36,677[0;39m [32m[ERROR][0;39m org.springframework.boot.diagnostics.LoggingFailureAnalysisReporter restartedMain [32m

***************************
APPLICATION FAILED TO START
***************************

Description:

Web server failed to start. Port 8082 was already in use.

Action:

Identify and stop the process that's listening on port 8082 or configure this application to listen on another port.

[0;39m[31m2024-04-29 14:16:48,695[0;39m [32m[INFO][0;39m element.spring.boot.springboot.DlteJavaSpringTask1089Application restartedMain [32mStarting DlteJavaSpringTask1089Application using Java 1.8.0_292 on WPF45DYSS with PID 19412 (C:\DLTE-Java-Full-Stack-PrashanthD-2024\DLTE-Java-Spring\DLTE-JavaSpring-tasks\DLTE-Java-Spring-Task-1089\target\classes started by xxdddddp in C:\DLTE-Java-Full-Stack-PrashanthD-2024\DLTE-Java-Spring\DLTE-JavaSpring-tasks\DLTE-Java-Spring-Task-1089)
[0;39m[31m2024-04-29 14:16:48,695[0;39m [32m[INFO][0;39m element.spring.boot.springboot.DlteJavaSpringTask1089Application restartedMain [32mNo active profile set, falling back to 1 default profile: "default"
[0;39m[31m2024-04-29 14:16:48,748[0;39m [32m[INFO][0;39m org.springframework.boot.devtools.restart.ChangeableUrls restartedMain [32mThe Class-Path manifest attribute in C:\Users\xxdddddp\.m2\repository\com\oracle\database\security\oraclepki\21.5.0.0\oraclepki-21.5.0.0.jar referenced one or more files that do not exist: file:/C:/Users/xxdddddp/.m2/repository/com/oracle/database/security/oraclepki/21.5.0.0/osdt_core.jar,file:/C:/Users/xxdddddp/.m2/repository/com/oracle/database/security/oraclepki/21.5.0.0/osdt_cert.jar,file:/C:/Users/xxdddddp/.m2/repository/com/oracle/database/security/oraclepki/oracle.osdt/osdt_core.jar,file:/C:/Users/xxdddddp/.m2/repository/com/oracle/database/security/oraclepki/oracle.osdt/osdt_cert.jar
[0;39m[31m2024-04-29 14:16:48,748[0;39m [32m[INFO][0;39m org.springframework.boot.devtools.env.DevToolsPropertyDefaultsPostProcessor restartedMain [32mDevtools property defaults active! Set 'spring.devtools.add-properties' to 'false' to disable
[0;39m[31m2024-04-29 14:16:48,748[0;39m [32m[INFO][0;39m org.springframework.boot.devtools.env.DevToolsPropertyDefaultsPostProcessor restartedMain [32mFor additional web related logging consider setting the 'logging.level.web' property to 'DEBUG'
[0;39m[31m2024-04-29 14:16:49,410[0;39m [32m[INFO][0;39m org.springframework.data.repository.config.RepositoryConfigurationDelegate restartedMain [32mBootstrapping Spring Data JDBC repositories in DEFAULT mode.
[0;39m[31m2024-04-29 14:16:49,410[0;39m [32m[INFO][0;39m org.springframework.data.repository.config.RepositoryConfigurationDelegate restartedMain [32mFinished Spring Data repository scanning in 6 ms. Found 0 JDBC repository interfaces.
[0;39m[31m2024-04-29 14:16:49,803[0;39m [32m[INFO][0;39m org.springframework.boot.web.embedded.tomcat.TomcatWebServer restartedMain [32mTomcat initialized with port(s): 8082 (http)
[0;39m[31m2024-04-29 14:16:49,813[0;39m [32m[INFO][0;39m org.apache.catalina.core.StandardService restartedMain [32mStarting service [Tomcat]
[0;39m[31m2024-04-29 14:16:49,813[0;39m [32m[INFO][0;39m org.apache.catalina.core.StandardEngine restartedMain [32mStarting Servlet engine: [Apache Tomcat/9.0.73]
[0;39m[31m2024-04-29 14:16:49,913[0;39m [32m[INFO][0;39m org.apache.catalina.core.ContainerBase.[Tomcat].[localhost].[/] restartedMain [32mInitializing Spring embedded WebApplicationContext
[0;39m[31m2024-04-29 14:16:49,913[0;39m [32m[INFO][0;39m org.springframework.boot.web.servlet.context.ServletWebServerApplicationContext restartedMain [32mRoot WebApplicationContext: initialization completed in 1165 ms
[0;39m[31m2024-04-29 14:16:50,149[0;39m [32m[INFO][0;39m org.springframework.security.web.DefaultSecurityFilterChain restartedMain [32mWill secure any request with [org.springframework.security.web.session.DisableEncodeUrlFilter@35b1bdd1, org.springframework.security.web.context.request.async.WebAsyncManagerIntegrationFilter@5c414fde, org.springframework.security.web.context.SecurityContextPersistenceFilter@135c0f70, org.springframework.security.web.header.HeaderWriterFilter@4e794af9, org.springframework.security.web.authentication.logout.LogoutFilter@7005d9ad, org.springframework.security.web.authentication.UsernamePasswordAuthenticationFilter@7796fad, org.springframework.security.web.authentication.ui.DefaultLoginPageGeneratingFilter@2dd21226, org.springframework.security.web.authentication.ui.DefaultLogoutPageGeneratingFilter@4e6a6c18, org.springframework.security.web.authentication.www.BasicAuthenticationFilter@f1335d, org.springframework.security.web.savedrequest.RequestCacheAwareFilter@3edfbf58, org.springframework.security.web.servletapi.SecurityContextHolderAwareRequestFilter@6fd0f390, org.springframework.security.web.authentication.AnonymousAuthenticationFilter@4c051aa9, org.springframework.security.web.session.SessionManagementFilter@529e0885, org.springframework.security.web.access.ExceptionTranslationFilter@45212196, org.springframework.security.web.access.intercept.FilterSecurityInterceptor@a959072]
[0;39m[31m2024-04-29 14:16:50,274[0;39m [32m[INFO][0;39m org.springframework.boot.autoconfigure.web.servlet.WelcomePageHandlerMapping restartedMain [32mAdding welcome page template: index
[0;39m[31m2024-04-29 14:16:50,384[0;39m [32m[INFO][0;39m com.zaxxer.hikari.HikariDataSource restartedMain [32mHikariPool-1 - Starting...
[0;39m[31m2024-04-29 14:16:50,384[0;39m [32m[WARN][0;39m com.zaxxer.hikari.util.DriverDataSource restartedMain [32mRegistered driver with driverClassName=oracle.jdbc.driver.OracleDriver was not found, trying direct instantiation.
[0;39m[31m2024-04-29 14:16:50,463[0;39m [32m[INFO][0;39m com.zaxxer.hikari.pool.PoolBase restartedMain [32mHikariPool-1 - Driver does not support get/set network timeout for connections. (oracle.jdbc.driver.T4CConnection.getNetworkTimeout()I)
[0;39m[31m2024-04-29 14:16:50,463[0;39m [32m[INFO][0;39m com.zaxxer.hikari.HikariDataSource restartedMain [32mHikariPool-1 - Start completed.
[0;39m[31m2024-04-29 14:16:50,547[0;39m [32m[INFO][0;39m org.springframework.boot.devtools.autoconfigure.OptionalLiveReloadServer restartedMain [32mLiveReload server is running on port 35729
[0;39m[31m2024-04-29 14:16:50,573[0;39m [32m[INFO][0;39m org.springframework.boot.web.embedded.tomcat.TomcatWebServer restartedMain [32mTomcat started on port(s): 8082 (http) with context path ''
[0;39m[31m2024-04-29 14:16:50,573[0;39m [32m[INFO][0;39m element.spring.boot.springboot.DlteJavaSpringTask1089Application restartedMain [32mStarted DlteJavaSpringTask1089Application in 2.241 seconds (JVM running for 2.994)
[0;39m[31m2024-04-29 14:17:30,713[0;39m [32m[INFO][0;39m org.apache.catalina.core.ContainerBase.[Tomcat].[localhost].[/] http-nio-8082-exec-2 [32mInitializing Spring DispatcherServlet 'dispatcherServlet'
[0;39m[31m2024-04-29 14:17:30,728[0;39m [32m[INFO][0;39m org.springframework.web.servlet.DispatcherServlet http-nio-8082-exec-2 [32mInitializing Servlet 'dispatcherServlet'
[0;39m[31m2024-04-29 14:17:30,728[0;39m [32m[INFO][0;39m org.springframework.web.servlet.DispatcherServlet http-nio-8082-exec-2 [32mCompleted initialization in 0 ms
[0;39m[31m2024-04-29 14:17:39,826[0;39m [32m[ERROR][0;39m org.springframework.security.web.authentication.UsernamePasswordAuthenticationFilter http-nio-8082-exec-5 [32mAn internal error occurred while trying to authenticate the user.
[0;39morg.springframework.security.authentication.InternalAuthenticationServiceException: Incorrect result size: expected 1, actual 0
	at org.springframework.security.authentication.dao.DaoAuthenticationProvider.retrieveUser(DaoAuthenticationProvider.java:109)
	at org.springframework.security.authentication.dao.AbstractUserDetailsAuthenticationProvider.authenticate(AbstractUserDetailsAuthenticationProvider.java:133)
	at org.springframework.security.authentication.ProviderManager.authenticate(ProviderManager.java:182)
	at org.springframework.security.web.authentication.UsernamePasswordAuthenticationFilter.attemptAuthentication(UsernamePasswordAuthenticationFilter.java:85)
	at org.springframework.security.web.authentication.AbstractAuthenticationProcessingFilter.doFilter(AbstractAuthenticationProcessingFilter.java:227)
	at org.springframework.security.web.authentication.AbstractAuthenticationProcessingFilter.doFilter(AbstractAuthenticationProcessingFilter.java:217)
	at org.springframework.security.web.FilterChainProxy$VirtualFilterChain.doFilter(FilterChainProxy.java:346)
	at org.springframework.security.web.authentication.logout.LogoutFilter.doFilter(LogoutFilter.java:103)
	at org.springframework.security.web.authentication.logout.LogoutFilter.doFilter(LogoutFilter.java:89)
	at org.springframework.security.web.FilterChainProxy$VirtualFilterChain.doFilter(FilterChainProxy.java:346)
	at org.springframework.security.web.header.HeaderWriterFilter.doHeadersAfter(HeaderWriterFilter.java:90)
	at org.springframework.security.web.header.HeaderWriterFilter.doFilterInternal(HeaderWriterFilter.java:75)
	at org.springframework.web.filter.OncePerRequestFilter.doFilter(OncePerRequestFilter.java:117)
	at org.springframework.security.web.FilterChainProxy$VirtualFilterChain.doFilter(FilterChainProxy.java:346)
	at org.springframework.security.web.context.SecurityContextPersistenceFilter.doFilter(SecurityContextPersistenceFilter.java:112)
	at org.springframework.security.web.context.SecurityContextPersistenceFilter.doFilter(SecurityContextPersistenceFilter.java:82)
	at org.springframework.security.web.FilterChainProxy$VirtualFilterChain.doFilter(FilterChainProxy.java:346)
	at org.springframework.security.web.context.request.async.WebAsyncManagerIntegrationFilter.doFilterInternal(WebAsyncManagerIntegrationFilter.java:55)
	at org.springframework.web.filter.OncePerRequestFilter.doFilter(OncePerRequestFilter.java:117)
	at org.springframework.security.web.FilterChainProxy$VirtualFilterChain.doFilter(FilterChainProxy.java:346)
	at org.springframework.security.web.session.DisableEncodeUrlFilter.doFilterInternal(DisableEncodeUrlFilter.java:42)
	at org.springframework.web.filter.OncePerRequestFilter.doFilter(OncePerRequestFilter.java:117)
	at org.springframework.security.web.FilterChainProxy$VirtualFilterChain.doFilter(FilterChainProxy.java:346)
	at org.springframework.security.web.FilterChainProxy.doFilterInternal(FilterChainProxy.java:221)
	at org.springframework.security.web.FilterChainProxy.doFilter(FilterChainProxy.java:186)
	at org.springframework.web.filter.DelegatingFilterProxy.invokeDelegate(DelegatingFilterProxy.java:354)
	at org.springframework.web.filter.DelegatingFilterProxy.doFilter(DelegatingFilterProxy.java:267)
	at org.apache.catalina.core.ApplicationFilterChain.internalDoFilter(ApplicationFilterChain.java:178)
	at org.apache.catalina.core.ApplicationFilterChain.doFilter(ApplicationFilterChain.java:153)
	at org.springframework.web.filter.RequestContextFilter.doFilterInternal(RequestContextFilter.java:100)
	at org.springframework.web.filter.OncePerRequestFilter.doFilter(OncePerRequestFilter.java:117)
	at org.apache.catalina.core.ApplicationFilterChain.internalDoFilter(ApplicationFilterChain.java:178)
	at org.apache.catalina.core.ApplicationFilterChain.doFilter(ApplicationFilterChain.java:153)
	at org.springframework.web.filter.FormContentFilter.doFilterInternal(FormContentFilter.java:93)
	at org.springframework.web.filter.OncePerRequestFilter.doFilter(OncePerRequestFilter.java:117)
	at org.apache.catalina.core.ApplicationFilterChain.internalDoFilter(ApplicationFilterChain.java:178)
	at org.apache.catalina.core.ApplicationFilterChain.doFilter(ApplicationFilterChain.java:153)
	at org.springframework.web.filter.CharacterEncodingFilter.doFilterInternal(CharacterEncodingFilter.java:201)
	at org.springframework.web.filter.OncePerRequestFilter.doFilter(OncePerRequestFilter.java:117)
	at org.apache.catalina.core.ApplicationFilterChain.internalDoFilter(ApplicationFilterChain.java:178)
	at org.apache.catalina.core.ApplicationFilterChain.doFilter(ApplicationFilterChain.java:153)
	at org.apache.catalina.core.StandardWrapperValve.invoke(StandardWrapperValve.java:167)
	at org.apache.catalina.core.StandardContextValve.invoke(StandardContextValve.java:90)
	at org.apache.catalina.authenticator.AuthenticatorBase.invoke(AuthenticatorBase.java:492)
	at org.apache.catalina.core.StandardHostValve.invoke(StandardHostValve.java:130)
	at org.apache.catalina.valves.ErrorReportValve.invoke(ErrorReportValve.java:93)
	at org.apache.catalina.core.StandardEngineValve.invoke(StandardEngineValve.java:74)
	at org.apache.catalina.connector.CoyoteAdapter.service(CoyoteAdapter.java:343)
	at org.apache.coyote.http11.Http11Processor.service(Http11Processor.java:389)
	at org.apache.coyote.AbstractProcessorLight.process(AbstractProcessorLight.java:63)
	at org.apache.coyote.AbstractProtocol$ConnectionHandler.process(AbstractProtocol.java:926)
	at org.apache.tomcat.util.net.NioEndpoint$SocketProcessor.doRun(NioEndpoint.java:1791)
	at org.apache.tomcat.util.net.SocketProcessorBase.run(SocketProcessorBase.java:49)
	at org.apache.tomcat.util.threads.ThreadPoolExecutor.runWorker(ThreadPoolExecutor.java:1191)
	at org.apache.tomcat.util.threads.ThreadPoolExecutor$Worker.run(ThreadPoolExecutor.java:659)
	at org.apache.tomcat.util.threads.TaskThread$WrappingRunnable.run(TaskThread.java:61)
	at java.lang.Thread.run(Thread.java:748)
Caused by: org.springframework.dao.EmptyResultDataAccessException: Incorrect result size: expected 1, actual 0
	at org.springframework.dao.support.DataAccessUtils.nullableSingleResult(DataAccessUtils.java:97)
	at org.springframework.jdbc.core.JdbcTemplate.queryForObject(JdbcTemplate.java:880)
	at element.spring.boot.springboot.auth.MyBankUserServices.findByUsername(MyBankUserServices.java:29)
	at element.spring.boot.springboot.auth.MyBankUserServices.loadUserByUsername(MyBankUserServices.java:36)
	at org.springframework.security.authentication.dao.DaoAuthenticationProvider.retrieveUser(DaoAuthenticationProvider.java:94)
	... 56 common frames omitted
[31m2024-04-29 14:18:22,658[0;39m [32m[INFO][0;39m element.spring.boot.springboot.DlteJavaSpringTask1089Application restartedMain [32mStarting DlteJavaSpringTask1089Application using Java 1.8.0_292 on WPF45DYSS with PID 11992 (C:\DLTE-Java-Full-Stack-PrashanthD-2024\DLTE-Java-Spring\DLTE-JavaSpring-tasks\DLTE-Java-Spring-Task-1089\target\classes started by xxdddddp in C:\DLTE-Java-Full-Stack-PrashanthD-2024\DLTE-Java-Spring\DLTE-JavaSpring-tasks\DLTE-Java-Spring-Task-1089)
[0;39m[31m2024-04-29 14:18:22,658[0;39m [32m[INFO][0;39m element.spring.boot.springboot.DlteJavaSpringTask1089Application restartedMain [32mNo active profile set, falling back to 1 default profile: "default"
[0;39m[31m2024-04-29 14:18:22,730[0;39m [32m[INFO][0;39m org.springframework.boot.devtools.restart.ChangeableUrls restartedMain [32mThe Class-Path manifest attribute in C:\Users\xxdddddp\.m2\repository\com\oracle\database\security\oraclepki\21.5.0.0\oraclepki-21.5.0.0.jar referenced one or more files that do not exist: file:/C:/Users/xxdddddp/.m2/repository/com/oracle/database/security/oraclepki/21.5.0.0/osdt_core.jar,file:/C:/Users/xxdddddp/.m2/repository/com/oracle/database/security/oraclepki/21.5.0.0/osdt_cert.jar,file:/C:/Users/xxdddddp/.m2/repository/com/oracle/database/security/oraclepki/oracle.osdt/osdt_core.jar,file:/C:/Users/xxdddddp/.m2/repository/com/oracle/database/security/oraclepki/oracle.osdt/osdt_cert.jar
[0;39m[31m2024-04-29 14:18:22,730[0;39m [32m[INFO][0;39m org.springframework.boot.devtools.env.DevToolsPropertyDefaultsPostProcessor restartedMain [32mDevtools property defaults active! Set 'spring.devtools.add-properties' to 'false' to disable
[0;39m[31m2024-04-29 14:18:22,730[0;39m [32m[INFO][0;39m org.springframework.boot.devtools.env.DevToolsPropertyDefaultsPostProcessor restartedMain [32mFor additional web related logging consider setting the 'logging.level.web' property to 'DEBUG'
[0;39m[31m2024-04-29 14:18:23,354[0;39m [32m[INFO][0;39m org.springframework.data.repository.config.RepositoryConfigurationDelegate restartedMain [32mBootstrapping Spring Data JDBC repositories in DEFAULT mode.
[0;39m[31m2024-04-29 14:18:23,370[0;39m [32m[INFO][0;39m org.springframework.data.repository.config.RepositoryConfigurationDelegate restartedMain [32mFinished Spring Data repository scanning in 11 ms. Found 0 JDBC repository interfaces.
[0;39m[31m2024-04-29 14:18:23,799[0;39m [32m[INFO][0;39m org.springframework.boot.web.embedded.tomcat.TomcatWebServer restartedMain [32mTomcat initialized with port(s): 8082 (http)
[0;39m[31m2024-04-29 14:18:23,810[0;39m [32m[INFO][0;39m org.apache.catalina.core.StandardService restartedMain [32mStarting service [Tomcat]
[0;39m[31m2024-04-29 14:18:23,810[0;39m [32m[INFO][0;39m org.apache.catalina.core.StandardEngine restartedMain [32mStarting Servlet engine: [Apache Tomcat/9.0.73]
[0;39m[31m2024-04-29 14:18:23,905[0;39m [32m[INFO][0;39m org.apache.catalina.core.ContainerBase.[Tomcat].[localhost].[/] restartedMain [32mInitializing Spring embedded WebApplicationContext
[0;39m[31m2024-04-29 14:18:23,905[0;39m [32m[INFO][0;39m org.springframework.boot.web.servlet.context.ServletWebServerApplicationContext restartedMain [32mRoot WebApplicationContext: initialization completed in 1175 ms
[0;39m[31m2024-04-29 14:18:24,189[0;39m [32m[INFO][0;39m org.springframework.security.web.DefaultSecurityFilterChain restartedMain [32mWill secure any request with [org.springframework.security.web.session.DisableEncodeUrlFilter@6e9282f1, org.springframework.security.web.context.request.async.WebAsyncManagerIntegrationFilter@2ddca84b, org.springframework.security.web.context.SecurityContextPersistenceFilter@6cb74518, org.springframework.security.web.header.HeaderWriterFilter@4ca030af, org.springframework.security.web.authentication.logout.LogoutFilter@6bebb979, org.springframework.security.web.authentication.UsernamePasswordAuthenticationFilter@85d52f4, org.springframework.security.web.authentication.ui.DefaultLoginPageGeneratingFilter@7ec65844, org.springframework.security.web.authentication.ui.DefaultLogoutPageGeneratingFilter@5edd7cb4, org.springframework.security.web.authentication.www.BasicAuthenticationFilter@5df00552, org.springframework.security.web.savedrequest.RequestCacheAwareFilter@53399380, org.springframework.security.web.servletapi.SecurityContextHolderAwareRequestFilter@5d91a7c9, org.springframework.security.web.authentication.AnonymousAuthenticationFilter@6abb1b92, org.springframework.security.web.session.SessionManagementFilter@5402706c, org.springframework.security.web.access.ExceptionTranslationFilter@3a8a3369, org.springframework.security.web.access.intercept.FilterSecurityInterceptor@7b3aa014]
[0;39m[31m2024-04-29 14:18:24,315[0;39m [32m[INFO][0;39m org.springframework.boot.autoconfigure.web.servlet.WelcomePageHandlerMapping restartedMain [32mAdding welcome page template: index
[0;39m[31m2024-04-29 14:18:24,442[0;39m [32m[INFO][0;39m com.zaxxer.hikari.HikariDataSource restartedMain [32mHikariPool-1 - Starting...
[0;39m[31m2024-04-29 14:18:24,442[0;39m [32m[WARN][0;39m com.zaxxer.hikari.util.DriverDataSource restartedMain [32mRegistered driver with driverClassName=oracle.jdbc.driver.OracleDriver was not found, trying direct instantiation.
[0;39m[31m2024-04-29 14:18:24,617[0;39m [32m[INFO][0;39m com.zaxxer.hikari.pool.PoolBase restartedMain [32mHikariPool-1 - Driver does not support get/set network timeout for connections. (oracle.jdbc.driver.T4CConnection.getNetworkTimeout()I)
[0;39m[31m2024-04-29 14:18:24,617[0;39m [32m[INFO][0;39m com.zaxxer.hikari.HikariDataSource restartedMain [32mHikariPool-1 - Start completed.
[0;39m[31m2024-04-29 14:18:24,712[0;39m [32m[INFO][0;39m org.springframework.boot.devtools.autoconfigure.OptionalLiveReloadServer restartedMain [32mLiveReload server is running on port 35729
[0;39m[31m2024-04-29 14:18:24,745[0;39m [32m[INFO][0;39m org.springframework.boot.web.embedded.tomcat.TomcatWebServer restartedMain [32mTomcat started on port(s): 8082 (http) with context path ''
[0;39m[31m2024-04-29 14:18:24,745[0;39m [32m[INFO][0;39m element.spring.boot.springboot.DlteJavaSpringTask1089Application restartedMain [32mStarted DlteJavaSpringTask1089Application in 2.457 seconds (JVM running for 3.267)
[0;39m[31m2024-04-29 14:18:28,685[0;39m [32m[INFO][0;39m org.apache.catalina.core.ContainerBase.[Tomcat].[localhost].[/] http-nio-8082-exec-1 [32mInitializing Spring DispatcherServlet 'dispatcherServlet'
[0;39m[31m2024-04-29 14:18:28,685[0;39m [32m[INFO][0;39m org.springframework.web.servlet.DispatcherServlet http-nio-8082-exec-1 [32mInitializing Servlet 'dispatcherServlet'
[0;39m[31m2024-04-29 14:18:28,685[0;39m [32m[INFO][0;39m org.springframework.web.servlet.DispatcherServlet http-nio-8082-exec-1 [32mCompleted initialization in 0 ms
[0;39m[31m2024-04-29 14:34:47,644[0;39m [32m[INFO][0;39m element.spring.boot.springboot.DlteJavaSpringTask1089Application restartedMain [32mStarting DlteJavaSpringTask1089Application using Java 1.8.0_292 on WPF45DYSS with PID 20620 (C:\DLTE-Java-Full-Stack-PrashanthD-2024\DLTE-Java-Spring\DLTE-JavaSpring-tasks\DLTE-Java-Spring-Task-1089\target\classes started by xxdddddp in C:\DLTE-Java-Full-Stack-PrashanthD-2024\DLTE-Java-Spring\DLTE-JavaSpring-tasks\DLTE-Java-Spring-Task-1089)
[0;39m[31m2024-04-29 14:34:47,644[0;39m [32m[INFO][0;39m element.spring.boot.springboot.DlteJavaSpringTask1089Application restartedMain [32mNo active profile set, falling back to 1 default profile: "default"
[0;39m[31m2024-04-29 14:34:47,719[0;39m [32m[INFO][0;39m org.springframework.boot.devtools.restart.ChangeableUrls restartedMain [32mThe Class-Path manifest attribute in C:\Users\xxdddddp\.m2\repository\com\oracle\database\security\oraclepki\21.5.0.0\oraclepki-21.5.0.0.jar referenced one or more files that do not exist: file:/C:/Users/xxdddddp/.m2/repository/com/oracle/database/security/oraclepki/21.5.0.0/osdt_core.jar,file:/C:/Users/xxdddddp/.m2/repository/com/oracle/database/security/oraclepki/21.5.0.0/osdt_cert.jar,file:/C:/Users/xxdddddp/.m2/repository/com/oracle/database/security/oraclepki/oracle.osdt/osdt_core.jar,file:/C:/Users/xxdddddp/.m2/repository/com/oracle/database/security/oraclepki/oracle.osdt/osdt_cert.jar
[0;39m[31m2024-04-29 14:34:47,719[0;39m [32m[INFO][0;39m org.springframework.boot.devtools.env.DevToolsPropertyDefaultsPostProcessor restartedMain [32mDevtools property defaults active! Set 'spring.devtools.add-properties' to 'false' to disable
[0;39m[31m2024-04-29 14:34:47,719[0;39m [32m[INFO][0;39m org.springframework.boot.devtools.env.DevToolsPropertyDefaultsPostProcessor restartedMain [32mFor additional web related logging consider setting the 'logging.level.web' property to 'DEBUG'
[0;39m[31m2024-04-29 14:34:48,380[0;39m [32m[INFO][0;39m org.springframework.data.repository.config.RepositoryConfigurationDelegate restartedMain [32mBootstrapping Spring Data JDBC repositories in DEFAULT mode.
[0;39m[31m2024-04-29 14:34:48,388[0;39m [32m[INFO][0;39m org.springframework.data.repository.config.RepositoryConfigurationDelegate restartedMain [32mFinished Spring Data repository scanning in 7 ms. Found 0 JDBC repository interfaces.
[0;39m[31m2024-04-29 14:34:48,844[0;39m [32m[INFO][0;39m org.springframework.boot.web.embedded.tomcat.TomcatWebServer restartedMain [32mTomcat initialized with port(s): 8082 (http)
[0;39m[31m2024-04-29 14:34:48,844[0;39m [32m[INFO][0;39m org.apache.catalina.core.StandardService restartedMain [32mStarting service [Tomcat]
[0;39m[31m2024-04-29 14:34:48,844[0;39m [32m[INFO][0;39m org.apache.catalina.core.StandardEngine restartedMain [32mStarting Servlet engine: [Apache Tomcat/9.0.73]
[0;39m[31m2024-04-29 14:34:48,923[0;39m [32m[INFO][0;39m org.apache.catalina.core.ContainerBase.[Tomcat].[localhost].[/] restartedMain [32mInitializing Spring embedded WebApplicationContext
[0;39m[31m2024-04-29 14:34:48,923[0;39m [32m[INFO][0;39m org.springframework.boot.web.servlet.context.ServletWebServerApplicationContext restartedMain [32mRoot WebApplicationContext: initialization completed in 1203 ms
[0;39m[31m2024-04-29 14:34:49,033[0;39m [32m[WARN][0;39m org.springframework.boot.web.servlet.context.AnnotationConfigServletWebServerApplicationContext restartedMain [32mException encountered during context initialization - cancelling refresh attempt: org.springframework.beans.factory.UnsatisfiedDependencyException: Error creating bean with name 'myBankUsersApi': Unsatisfied dependency expressed through field 'passwordEncoder'; nested exception is org.springframework.beans.factory.UnsatisfiedDependencyException: Error creating bean with name 'userConfig': Unsatisfied dependency expressed through field 'officialFailureHandler'; nested exception is org.springframework.beans.factory.NoSuchBeanDefinitionException: No qualifying bean of type 'element.spring.boot.springboot.security.OfficialFailureHandler' available: expected at least 1 bean which qualifies as autowire candidate. Dependency annotations: {@org.springframework.beans.factory.annotation.Autowired(required=true)}
[0;39m[31m2024-04-29 14:34:49,050[0;39m [32m[INFO][0;39m org.apache.catalina.core.StandardService restartedMain [32mStopping service [Tomcat]
[0;39m[31m2024-04-29 14:34:49,062[0;39m [32m[INFO][0;39m org.springframework.boot.autoconfigure.logging.ConditionEvaluationReportLoggingListener restartedMain [32m

Error starting ApplicationContext. To display the conditions report re-run your application with 'debug' enabled.
[0;39m[31m2024-04-29 14:34:49,083[0;39m [32m[ERROR][0;39m org.springframework.boot.diagnostics.LoggingFailureAnalysisReporter restartedMain [32m

***************************
APPLICATION FAILED TO START
***************************

Description:

Field officialFailureHandler in element.spring.boot.springboot.auth.UserConfig required a bean of type 'element.spring.boot.springboot.security.OfficialFailureHandler' that could not be found.

The injection point has the following annotations:
	- @org.springframework.beans.factory.annotation.Autowired(required=true)


Action:

Consider defining a bean of type 'element.spring.boot.springboot.security.OfficialFailureHandler' in your configuration.

[0;39m[31m2024-04-29 14:58:47,699[0;39m [32m[INFO][0;39m element.spring.boot.springboot.DlteJavaSpringTask1089Application restartedMain [32mStarting DlteJavaSpringTask1089Application using Java 1.8.0_292 on WPF45DYSS with PID 17120 (C:\DLTE-Java-Full-Stack-PrashanthD-2024\DLTE-Java-Spring\DLTE-JavaSpring-tasks\DLTE-Java-Spring-Task-1089\target\classes started by xxdddddp in C:\DLTE-Java-Full-Stack-PrashanthD-2024\DLTE-Java-Spring\DLTE-JavaSpring-tasks\DLTE-Java-Spring-Task-1089)
[0;39m[31m2024-04-29 14:58:47,699[0;39m [32m[INFO][0;39m element.spring.boot.springboot.DlteJavaSpringTask1089Application restartedMain [32mNo active profile set, falling back to 1 default profile: "default"
[0;39m[31m2024-04-29 14:58:47,780[0;39m [32m[INFO][0;39m org.springframework.boot.devtools.restart.ChangeableUrls restartedMain [32mThe Class-Path manifest attribute in C:\Users\xxdddddp\.m2\repository\com\oracle\database\security\oraclepki\21.5.0.0\oraclepki-21.5.0.0.jar referenced one or more files that do not exist: file:/C:/Users/xxdddddp/.m2/repository/com/oracle/database/security/oraclepki/21.5.0.0/osdt_core.jar,file:/C:/Users/xxdddddp/.m2/repository/com/oracle/database/security/oraclepki/21.5.0.0/osdt_cert.jar,file:/C:/Users/xxdddddp/.m2/repository/com/oracle/database/security/oraclepki/oracle.osdt/osdt_core.jar,file:/C:/Users/xxdddddp/.m2/repository/com/oracle/database/security/oraclepki/oracle.osdt/osdt_cert.jar
[0;39m[31m2024-04-29 14:58:47,780[0;39m [32m[INFO][0;39m org.springframework.boot.devtools.env.DevToolsPropertyDefaultsPostProcessor restartedMain [32mDevtools property defaults active! Set 'spring.devtools.add-properties' to 'false' to disable
[0;39m[31m2024-04-29 14:58:47,782[0;39m [32m[INFO][0;39m org.springframework.boot.devtools.env.DevToolsPropertyDefaultsPostProcessor restartedMain [32mFor additional web related logging consider setting the 'logging.level.web' property to 'DEBUG'
[0;39m[31m2024-04-29 14:58:48,445[0;39m [32m[WARN][0;39m org.springframework.boot.web.servlet.context.AnnotationConfigServletWebServerApplicationContext restartedMain [32mException encountered during context initialization - cancelling refresh attempt: org.springframework.beans.factory.support.BeanDefinitionOverrideException: Invalid bean definition with name 'passwordEncoder' defined in class path resource [element/spring/boot/springboot/security/UserSecureConfig.class]: Cannot register bean definition [Root bean: class [null]; scope=; abstract=false; lazyInit=null; autowireMode=3; dependencyCheck=0; autowireCandidate=true; primary=false; factoryBeanName=userSecureConfig; factoryMethodName=passwordEncoder; initMethodName=null; destroyMethodName=(inferred); defined in class path resource [element/spring/boot/springboot/security/UserSecureConfig.class]] for bean 'passwordEncoder': There is already [Root bean: class [null]; scope=; abstract=false; lazyInit=null; autowireMode=3; dependencyCheck=0; autowireCandidate=true; primary=false; factoryBeanName=userConfig; factoryMethodName=passwordEncoder; initMethodName=null; destroyMethodName=(inferred); defined in class path resource [element/spring/boot/springboot/auth/UserConfig.class]] bound.
[0;39m[31m2024-04-29 14:58:48,445[0;39m [32m[INFO][0;39m org.springframework.boot.autoconfigure.logging.ConditionEvaluationReportLoggingListener restartedMain [32m

Error starting ApplicationContext. To display the conditions report re-run your application with 'debug' enabled.
[0;39m[31m2024-04-29 14:58:48,469[0;39m [32m[ERROR][0;39m org.springframework.boot.diagnostics.LoggingFailureAnalysisReporter restartedMain [32m

***************************
APPLICATION FAILED TO START
***************************

Description:

The bean 'passwordEncoder', defined in class path resource [element/spring/boot/springboot/security/UserSecureConfig.class], could not be registered. A bean with that name has already been defined in class path resource [element/spring/boot/springboot/auth/UserConfig.class] and overriding is disabled.

Action:

Consider renaming one of the beans or enabling overriding by setting spring.main.allow-bean-definition-overriding=true

[0;39m[31m2024-04-29 14:59:59,460[0;39m [32m[INFO][0;39m element.spring.boot.springboot.DlteJavaSpringTask1089Application restartedMain [32mStarting DlteJavaSpringTask1089Application using Java 1.8.0_292 on WPF45DYSS with PID 16536 (C:\DLTE-Java-Full-Stack-PrashanthD-2024\DLTE-Java-Spring\DLTE-JavaSpring-tasks\DLTE-Java-Spring-Task-1089\target\classes started by xxdddddp in C:\DLTE-Java-Full-Stack-PrashanthD-2024\DLTE-Java-Spring\DLTE-JavaSpring-tasks\DLTE-Java-Spring-Task-1089)
[0;39m[31m2024-04-29 14:59:59,460[0;39m [32m[INFO][0;39m element.spring.boot.springboot.DlteJavaSpringTask1089Application restartedMain [32mNo active profile set, falling back to 1 default profile: "default"
[0;39m[31m2024-04-29 14:59:59,521[0;39m [32m[INFO][0;39m org.springframework.boot.devtools.restart.ChangeableUrls restartedMain [32mThe Class-Path manifest attribute in C:\Users\xxdddddp\.m2\repository\com\oracle\database\security\oraclepki\21.5.0.0\oraclepki-21.5.0.0.jar referenced one or more files that do not exist: file:/C:/Users/xxdddddp/.m2/repository/com/oracle/database/security/oraclepki/21.5.0.0/osdt_core.jar,file:/C:/Users/xxdddddp/.m2/repository/com/oracle/database/security/oraclepki/21.5.0.0/osdt_cert.jar,file:/C:/Users/xxdddddp/.m2/repository/com/oracle/database/security/oraclepki/oracle.osdt/osdt_core.jar,file:/C:/Users/xxdddddp/.m2/repository/com/oracle/database/security/oraclepki/oracle.osdt/osdt_cert.jar
[0;39m[31m2024-04-29 14:59:59,521[0;39m [32m[INFO][0;39m org.springframework.boot.devtools.env.DevToolsPropertyDefaultsPostProcessor restartedMain [32mDevtools property defaults active! Set 'spring.devtools.add-properties' to 'false' to disable
[0;39m[31m2024-04-29 14:59:59,521[0;39m [32m[INFO][0;39m org.springframework.boot.devtools.env.DevToolsPropertyDefaultsPostProcessor restartedMain [32mFor additional web related logging consider setting the 'logging.level.web' property to 'DEBUG'
[0;39m[31m2024-04-29 15:00:00,251[0;39m [32m[INFO][0;39m org.springframework.data.repository.config.RepositoryConfigurationDelegate restartedMain [32mBootstrapping Spring Data JDBC repositories in DEFAULT mode.
[0;39m[31m2024-04-29 15:00:00,267[0;39m [32m[INFO][0;39m org.springframework.data.repository.config.RepositoryConfigurationDelegate restartedMain [32mFinished Spring Data repository scanning in 7 ms. Found 0 JDBC repository interfaces.
[0;39m[31m2024-04-29 15:00:00,771[0;39m [32m[INFO][0;39m org.springframework.boot.web.embedded.tomcat.TomcatWebServer restartedMain [32mTomcat initialized with port(s): 8082 (http)
[0;39m[31m2024-04-29 15:00:00,771[0;39m [32m[INFO][0;39m org.apache.catalina.core.StandardService restartedMain [32mStarting service [Tomcat]
[0;39m[31m2024-04-29 15:00:00,771[0;39m [32m[INFO][0;39m org.apache.catalina.core.StandardEngine restartedMain [32mStarting Servlet engine: [Apache Tomcat/9.0.73]
[0;39m[31m2024-04-29 15:00:00,867[0;39m [32m[INFO][0;39m org.apache.catalina.core.ContainerBase.[Tomcat].[localhost].[/] restartedMain [32mInitializing Spring embedded WebApplicationContext
[0;39m[31m2024-04-29 15:00:00,867[0;39m [32m[INFO][0;39m org.springframework.boot.web.servlet.context.ServletWebServerApplicationContext restartedMain [32mRoot WebApplicationContext: initialization completed in 1346 ms
[0;39m[31m2024-04-29 15:00:01,118[0;39m [32m[INFO][0;39m org.springframework.security.web.DefaultSecurityFilterChain restartedMain [32mWill secure any request with [org.springframework.security.web.session.DisableEncodeUrlFilter@55884fd8, org.springframework.security.web.context.request.async.WebAsyncManagerIntegrationFilter@c963ec3, org.springframework.security.web.context.SecurityContextPersistenceFilter@5f433f7, org.springframework.security.web.header.HeaderWriterFilter@26f45a1b, org.springframework.security.web.authentication.logout.LogoutFilter@3d90a3a0, org.springframework.security.web.authentication.UsernamePasswordAuthenticationFilter@4f292737, org.springframework.security.web.authentication.www.BasicAuthenticationFilter@40a99796, org.springframework.security.web.savedrequest.RequestCacheAwareFilter@ce8bfe9, org.springframework.security.web.servletapi.SecurityContextHolderAwareRequestFilter@dfc00cf, org.springframework.security.web.authentication.AnonymousAuthenticationFilter@631ab7d1, org.springframework.security.web.session.SessionManagementFilter@35cd2298, org.springframework.security.web.access.ExceptionTranslationFilter@133ae00b, org.springframework.security.web.access.intercept.FilterSecurityInterceptor@387e6acf]
[0;39m[31m2024-04-29 15:00:01,245[0;39m [32m[INFO][0;39m org.springframework.boot.autoconfigure.web.servlet.WelcomePageHandlerMapping restartedMain [32mAdding welcome page template: index
[0;39m[31m2024-04-29 15:00:01,357[0;39m [32m[INFO][0;39m com.zaxxer.hikari.HikariDataSource restartedMain [32mHikariPool-1 - Starting...
[0;39m[31m2024-04-29 15:00:01,357[0;39m [32m[WARN][0;39m com.zaxxer.hikari.util.DriverDataSource restartedMain [32mRegistered driver with driverClassName=oracle.jdbc.driver.OracleDriver was not found, trying direct instantiation.
[0;39m[31m2024-04-29 15:00:01,492[0;39m [32m[INFO][0;39m com.zaxxer.hikari.pool.PoolBase restartedMain [32mHikariPool-1 - Driver does not support get/set network timeout for connections. (oracle.jdbc.driver.T4CConnection.getNetworkTimeout()I)
[0;39m[31m2024-04-29 15:00:01,497[0;39m [32m[INFO][0;39m com.zaxxer.hikari.HikariDataSource restartedMain [32mHikariPool-1 - Start completed.
[0;39m[31m2024-04-29 15:00:01,592[0;39m [32m[INFO][0;39m org.springframework.boot.devtools.autoconfigure.OptionalLiveReloadServer restartedMain [32mLiveReload server is running on port 35729
[0;39m[31m2024-04-29 15:00:01,628[0;39m [32m[INFO][0;39m org.springframework.boot.web.embedded.tomcat.TomcatWebServer restartedMain [32mTomcat started on port(s): 8082 (http) with context path ''
[0;39m[31m2024-04-29 15:00:01,642[0;39m [32m[INFO][0;39m element.spring.boot.springboot.DlteJavaSpringTask1089Application restartedMain [32mStarted DlteJavaSpringTask1089Application in 2.606 seconds (JVM running for 3.407)
[0;39m[31m2024-04-29 15:01:53,635[0;39m [32m[INFO][0;39m element.spring.boot.springboot.DlteJavaSpringTask1089Application restartedMain [32mStarting DlteJavaSpringTask1089Application using Java 1.8.0_292 on WPF45DYSS with PID 23240 (C:\DLTE-Java-Full-Stack-PrashanthD-2024\DLTE-Java-Spring\DLTE-JavaSpring-tasks\DLTE-Java-Spring-Task-1089\target\classes started by xxdddddp in C:\DLTE-Java-Full-Stack-PrashanthD-2024\DLTE-Java-Spring\DLTE-JavaSpring-tasks\DLTE-Java-Spring-Task-1089)
[0;39m[31m2024-04-29 15:01:53,635[0;39m [32m[INFO][0;39m element.spring.boot.springboot.DlteJavaSpringTask1089Application restartedMain [32mNo active profile set, falling back to 1 default profile: "default"
[0;39m[31m2024-04-29 15:01:53,699[0;39m [32m[INFO][0;39m org.springframework.boot.devtools.restart.ChangeableUrls restartedMain [32mThe Class-Path manifest attribute in C:\Users\xxdddddp\.m2\repository\com\oracle\database\security\oraclepki\21.5.0.0\oraclepki-21.5.0.0.jar referenced one or more files that do not exist: file:/C:/Users/xxdddddp/.m2/repository/com/oracle/database/security/oraclepki/21.5.0.0/osdt_core.jar,file:/C:/Users/xxdddddp/.m2/repository/com/oracle/database/security/oraclepki/21.5.0.0/osdt_cert.jar,file:/C:/Users/xxdddddp/.m2/repository/com/oracle/database/security/oraclepki/oracle.osdt/osdt_core.jar,file:/C:/Users/xxdddddp/.m2/repository/com/oracle/database/security/oraclepki/oracle.osdt/osdt_cert.jar
[0;39m[31m2024-04-29 15:01:53,700[0;39m [32m[INFO][0;39m org.springframework.boot.devtools.env.DevToolsPropertyDefaultsPostProcessor restartedMain [32mDevtools property defaults active! Set 'spring.devtools.add-properties' to 'false' to disable
[0;39m[31m2024-04-29 15:01:53,700[0;39m [32m[INFO][0;39m org.springframework.boot.devtools.env.DevToolsPropertyDefaultsPostProcessor restartedMain [32mFor additional web related logging consider setting the 'logging.level.web' property to 'DEBUG'
[0;39m[31m2024-04-29 15:01:54,358[0;39m [32m[INFO][0;39m org.springframework.data.repository.config.RepositoryConfigurationDelegate restartedMain [32mBootstrapping Spring Data JDBC repositories in DEFAULT mode.
[0;39m[31m2024-04-29 15:01:54,378[0;39m [32m[INFO][0;39m org.springframework.data.repository.config.RepositoryConfigurationDelegate restartedMain [32mFinished Spring Data repository scanning in 8 ms. Found 0 JDBC repository interfaces.
[0;39m[31m2024-04-29 15:01:54,799[0;39m [32m[INFO][0;39m org.springframework.boot.web.embedded.tomcat.TomcatWebServer restartedMain [32mTomcat initialized with port(s): 8082 (http)
[0;39m[31m2024-04-29 15:01:54,799[0;39m [32m[INFO][0;39m org.apache.catalina.core.StandardService restartedMain [32mStarting service [Tomcat]
[0;39m[31m2024-04-29 15:01:54,799[0;39m [32m[INFO][0;39m org.apache.catalina.core.StandardEngine restartedMain [32mStarting Servlet engine: [Apache Tomcat/9.0.73]
[0;39m[31m2024-04-29 15:01:54,895[0;39m [32m[INFO][0;39m org.apache.catalina.core.ContainerBase.[Tomcat].[localhost].[/] restartedMain [32mInitializing Spring embedded WebApplicationContext
[0;39m[31m2024-04-29 15:01:54,895[0;39m [32m[INFO][0;39m org.springframework.boot.web.servlet.context.ServletWebServerApplicationContext restartedMain [32mRoot WebApplicationContext: initialization completed in 1194 ms
[0;39m[31m2024-04-29 15:01:55,146[0;39m [32m[INFO][0;39m org.springframework.security.web.DefaultSecurityFilterChain restartedMain [32mWill secure any request with [org.springframework.security.web.session.DisableEncodeUrlFilter@1e72ec63, org.springframework.security.web.context.request.async.WebAsyncManagerIntegrationFilter@209a4ee4, org.springframework.security.web.context.SecurityContextPersistenceFilter@33859741, org.springframework.security.web.header.HeaderWriterFilter@7418ebe1, org.springframework.security.web.authentication.logout.LogoutFilter@51e9afd3, org.springframework.security.web.authentication.UsernamePasswordAuthenticationFilter@17484cf8, org.springframework.security.web.authentication.www.BasicAuthenticationFilter@65a7a61b, org.springframework.security.web.savedrequest.RequestCacheAwareFilter@7796fad, org.springframework.security.web.servletapi.SecurityContextHolderAwareRequestFilter@11bb6ec9, org.springframework.security.web.authentication.AnonymousAuthenticationFilter@1e758b70, org.springframework.security.web.session.SessionManagementFilter@5e9c7cc5, org.springframework.security.web.access.ExceptionTranslationFilter@7005d9ad, org.springframework.security.web.access.intercept.FilterSecurityInterceptor@2cdecd8c]
[0;39m[31m2024-04-29 15:01:55,272[0;39m [32m[INFO][0;39m org.springframework.boot.autoconfigure.web.servlet.WelcomePageHandlerMapping restartedMain [32mAdding welcome page template: index
[0;39m[31m2024-04-29 15:01:55,385[0;39m [32m[INFO][0;39m com.zaxxer.hikari.HikariDataSource restartedMain [32mHikariPool-1 - Starting...
[0;39m[31m2024-04-29 15:01:55,385[0;39m [32m[WARN][0;39m com.zaxxer.hikari.util.DriverDataSource restartedMain [32mRegistered driver with driverClassName=oracle.jdbc.driver.OracleDriver was not found, trying direct instantiation.
[0;39m[31m2024-04-29 15:01:55,461[0;39m [32m[INFO][0;39m com.zaxxer.hikari.pool.PoolBase restartedMain [32mHikariPool-1 - Driver does not support get/set network timeout for connections. (oracle.jdbc.driver.T4CConnection.getNetworkTimeout()I)
[0;39m[31m2024-04-29 15:01:55,461[0;39m [32m[INFO][0;39m com.zaxxer.hikari.HikariDataSource restartedMain [32mHikariPool-1 - Start completed.
[0;39m[31m2024-04-29 15:01:55,540[0;39m [32m[INFO][0;39m org.springframework.boot.devtools.autoconfigure.OptionalLiveReloadServer restartedMain [32mLiveReload server is running on port 35729
[0;39m[31m2024-04-29 15:01:55,572[0;39m [32m[INFO][0;39m org.springframework.boot.web.embedded.tomcat.TomcatWebServer restartedMain [32mTomcat started on port(s): 8082 (http) with context path ''
[0;39m[31m2024-04-29 15:01:55,589[0;39m [32m[INFO][0;39m element.spring.boot.springboot.DlteJavaSpringTask1089Application restartedMain [32mStarted DlteJavaSpringTask1089Application in 2.341 seconds (JVM running for 3.14)
[0;39m[31m2024-04-29 15:05:35,354[0;39m [32m[INFO][0;39m element.spring.boot.springboot.DlteJavaSpringTask1089Application restartedMain [32mStarting DlteJavaSpringTask1089Application using Java 1.8.0_292 on WPF45DYSS with PID 13264 (C:\DLTE-Java-Full-Stack-PrashanthD-2024\DLTE-Java-Spring\DLTE-JavaSpring-tasks\DLTE-Java-Spring-Task-1089\target\classes started by xxdddddp in C:\DLTE-Java-Full-Stack-PrashanthD-2024\DLTE-Java-Spring\DLTE-JavaSpring-tasks\DLTE-Java-Spring-Task-1089)
[0;39m[31m2024-04-29 15:05:35,360[0;39m [32m[INFO][0;39m element.spring.boot.springboot.DlteJavaSpringTask1089Application restartedMain [32mNo active profile set, falling back to 1 default profile: "default"
[0;39m[31m2024-04-29 15:05:35,406[0;39m [32m[INFO][0;39m org.springframework.boot.devtools.restart.ChangeableUrls restartedMain [32mThe Class-Path manifest attribute in C:\Users\xxdddddp\.m2\repository\com\oracle\database\security\oraclepki\21.5.0.0\oraclepki-21.5.0.0.jar referenced one or more files that do not exist: file:/C:/Users/xxdddddp/.m2/repository/com/oracle/database/security/oraclepki/21.5.0.0/osdt_core.jar,file:/C:/Users/xxdddddp/.m2/repository/com/oracle/database/security/oraclepki/21.5.0.0/osdt_cert.jar,file:/C:/Users/xxdddddp/.m2/repository/com/oracle/database/security/oraclepki/oracle.osdt/osdt_core.jar,file:/C:/Users/xxdddddp/.m2/repository/com/oracle/database/security/oraclepki/oracle.osdt/osdt_cert.jar
[0;39m[31m2024-04-29 15:05:35,406[0;39m [32m[INFO][0;39m org.springframework.boot.devtools.env.DevToolsPropertyDefaultsPostProcessor restartedMain [32mDevtools property defaults active! Set 'spring.devtools.add-properties' to 'false' to disable
[0;39m[31m2024-04-29 15:05:35,406[0;39m [32m[INFO][0;39m org.springframework.boot.devtools.env.DevToolsPropertyDefaultsPostProcessor restartedMain [32mFor additional web related logging consider setting the 'logging.level.web' property to 'DEBUG'
[0;39m[31m2024-04-29 15:05:36,180[0;39m [32m[INFO][0;39m org.springframework.data.repository.config.RepositoryConfigurationDelegate restartedMain [32mBootstrapping Spring Data JDBC repositories in DEFAULT mode.
[0;39m[31m2024-04-29 15:05:36,205[0;39m [32m[INFO][0;39m org.springframework.data.repository.config.RepositoryConfigurationDelegate restartedMain [32mFinished Spring Data repository scanning in 16 ms. Found 0 JDBC repository interfaces.
[0;39m[31m2024-04-29 15:05:36,783[0;39m [32m[INFO][0;39m org.springframework.boot.web.embedded.tomcat.TomcatWebServer restartedMain [32mTomcat initialized with port(s): 8082 (http)
[0;39m[31m2024-04-29 15:05:36,783[0;39m [32m[INFO][0;39m org.apache.catalina.core.StandardService restartedMain [32mStarting service [Tomcat]
[0;39m[31m2024-04-29 15:05:36,783[0;39m [32m[INFO][0;39m org.apache.catalina.core.StandardEngine restartedMain [32mStarting Servlet engine: [Apache Tomcat/9.0.73]
[0;39m[31m2024-04-29 15:05:36,952[0;39m [32m[INFO][0;39m org.apache.catalina.core.ContainerBase.[Tomcat].[localhost].[/] restartedMain [32mInitializing Spring embedded WebApplicationContext
[0;39m[31m2024-04-29 15:05:36,952[0;39m [32m[INFO][0;39m org.springframework.boot.web.servlet.context.ServletWebServerApplicationContext restartedMain [32mRoot WebApplicationContext: initialization completed in 1546 ms
[0;39m[31m2024-04-29 15:05:37,284[0;39m [32m[INFO][0;39m org.springframework.security.web.DefaultSecurityFilterChain restartedMain [32mWill secure any request with [org.springframework.security.web.session.DisableEncodeUrlFilter@2e3e015d, org.springframework.security.web.context.request.async.WebAsyncManagerIntegrationFilter@2eee7005, org.springframework.security.web.context.SecurityContextPersistenceFilter@2eea5c85, org.springframework.security.web.header.HeaderWriterFilter@304f38ec, org.springframework.security.web.authentication.logout.LogoutFilter@29053d1f, org.springframework.security.web.authentication.UsernamePasswordAuthenticationFilter@1534bdae, org.springframework.security.web.authentication.www.BasicAuthenticationFilter@1ad4596e, org.springframework.security.web.savedrequest.RequestCacheAwareFilter@6affaf78, org.springframework.security.web.servletapi.SecurityContextHolderAwareRequestFilter@2d9bdf1f, org.springframework.security.web.authentication.AnonymousAuthenticationFilter@5683697f, org.springframework.security.web.session.SessionManagementFilter@73c9c6ce, org.springframework.security.web.access.ExceptionTranslationFilter@304a5bc, org.springframework.security.web.access.intercept.FilterSecurityInterceptor@43a4b59a]
[0;39m[31m2024-04-29 15:05:37,442[0;39m [32m[INFO][0;39m org.springframework.boot.autoconfigure.web.servlet.WelcomePageHandlerMapping restartedMain [32mAdding welcome page template: index
[0;39m[31m2024-04-29 15:05:37,569[0;39m [32m[INFO][0;39m com.zaxxer.hikari.HikariDataSource restartedMain [32mHikariPool-1 - Starting...
[0;39m[31m2024-04-29 15:05:37,569[0;39m [32m[WARN][0;39m com.zaxxer.hikari.util.DriverDataSource restartedMain [32mRegistered driver with driverClassName=oracle.jdbc.driver.OracleDriver was not found, trying direct instantiation.
[0;39m[31m2024-04-29 15:05:37,667[0;39m [32m[INFO][0;39m com.zaxxer.hikari.pool.PoolBase restartedMain [32mHikariPool-1 - Driver does not support get/set network timeout for connections. (oracle.jdbc.driver.T4CConnection.getNetworkTimeout()I)
[0;39m[31m2024-04-29 15:05:37,667[0;39m [32m[INFO][0;39m com.zaxxer.hikari.HikariDataSource restartedMain [32mHikariPool-1 - Start completed.
[0;39m[31m2024-04-29 15:05:37,813[0;39m [32m[INFO][0;39m org.springframework.boot.devtools.autoconfigure.OptionalLiveReloadServer restartedMain [32mLiveReload server is running on port 35729
[0;39m[31m2024-04-29 15:05:37,879[0;39m [32m[INFO][0;39m org.springframework.boot.web.embedded.tomcat.TomcatWebServer restartedMain [32mTomcat started on port(s): 8082 (http) with context path ''
[0;39m[31m2024-04-29 15:05:37,906[0;39m [32m[INFO][0;39m element.spring.boot.springboot.DlteJavaSpringTask1089Application restartedMain [32mStarted DlteJavaSpringTask1089Application in 2.986 seconds (JVM running for 3.901)
[0;39m[31m2024-04-29 15:05:44,993[0;39m [32m[INFO][0;39m org.apache.catalina.core.ContainerBase.[Tomcat].[localhost].[/] http-nio-8082-exec-8 [32mInitializing Spring DispatcherServlet 'dispatcherServlet'
[0;39m[31m2024-04-29 15:05:44,993[0;39m [32m[INFO][0;39m org.springframework.web.servlet.DispatcherServlet http-nio-8082-exec-8 [32mInitializing Servlet 'dispatcherServlet'
[0;39m[31m2024-04-29 15:05:44,993[0;39m [32m[INFO][0;39m org.springframework.web.servlet.DispatcherServlet http-nio-8082-exec-8 [32mCompleted initialization in 0 ms
[0;39m[31m2024-04-29 15:13:57,589[0;39m [32m[INFO][0;39m element.spring.boot.springboot.DlteJavaSpringTask1089Application restartedMain [32mStarting DlteJavaSpringTask1089Application using Java 1.8.0_292 on WPF45DYSS with PID 21520 (C:\DLTE-Java-Full-Stack-PrashanthD-2024\DLTE-Java-Spring\DLTE-JavaSpring-tasks\DLTE-Java-Spring-Task-1089\target\classes started by xxdddddp in C:\DLTE-Java-Full-Stack-PrashanthD-2024\DLTE-Java-Spring\DLTE-JavaSpring-tasks\DLTE-Java-Spring-Task-1089)
[0;39m[31m2024-04-29 15:13:57,599[0;39m [32m[INFO][0;39m element.spring.boot.springboot.DlteJavaSpringTask1089Application restartedMain [32mNo active profile set, falling back to 1 default profile: "default"
[0;39m[31m2024-04-29 15:13:57,652[0;39m [32m[INFO][0;39m org.springframework.boot.devtools.restart.ChangeableUrls restartedMain [32mThe Class-Path manifest attribute in C:\Users\xxdddddp\.m2\repository\com\oracle\database\security\oraclepki\21.5.0.0\oraclepki-21.5.0.0.jar referenced one or more files that do not exist: file:/C:/Users/xxdddddp/.m2/repository/com/oracle/database/security/oraclepki/21.5.0.0/osdt_core.jar,file:/C:/Users/xxdddddp/.m2/repository/com/oracle/database/security/oraclepki/21.5.0.0/osdt_cert.jar,file:/C:/Users/xxdddddp/.m2/repository/com/oracle/database/security/oraclepki/oracle.osdt/osdt_core.jar,file:/C:/Users/xxdddddp/.m2/repository/com/oracle/database/security/oraclepki/oracle.osdt/osdt_cert.jar
[0;39m[31m2024-04-29 15:13:57,652[0;39m [32m[INFO][0;39m org.springframework.boot.devtools.env.DevToolsPropertyDefaultsPostProcessor restartedMain [32mDevtools property defaults active! Set 'spring.devtools.add-properties' to 'false' to disable
[0;39m[31m2024-04-29 15:13:57,652[0;39m [32m[INFO][0;39m org.springframework.boot.devtools.env.DevToolsPropertyDefaultsPostProcessor restartedMain [32mFor additional web related logging consider setting the 'logging.level.web' property to 'DEBUG'
[0;39m[31m2024-04-29 15:13:58,349[0;39m [32m[INFO][0;39m org.springframework.data.repository.config.RepositoryConfigurationDelegate restartedMain [32mBootstrapping Spring Data JDBC repositories in DEFAULT mode.
[0;39m[31m2024-04-29 15:13:58,365[0;39m [32m[INFO][0;39m org.springframework.data.repository.config.RepositoryConfigurationDelegate restartedMain [32mFinished Spring Data repository scanning in 9 ms. Found 0 JDBC repository interfaces.
[0;39m[31m2024-04-29 15:13:58,884[0;39m [32m[INFO][0;39m org.springframework.boot.web.embedded.tomcat.TomcatWebServer restartedMain [32mTomcat initialized with port(s): 8082 (http)
[0;39m[31m2024-04-29 15:13:58,900[0;39m [32m[INFO][0;39m org.apache.catalina.core.StandardService restartedMain [32mStarting service [Tomcat]
[0;39m[31m2024-04-29 15:13:58,900[0;39m [32m[INFO][0;39m org.apache.catalina.core.StandardEngine restartedMain [32mStarting Servlet engine: [Apache Tomcat/9.0.73]
[0;39m[31m2024-04-29 15:13:59,057[0;39m [32m[INFO][0;39m org.apache.catalina.core.ContainerBase.[Tomcat].[localhost].[/] restartedMain [32mInitializing Spring embedded WebApplicationContext
[0;39m[31m2024-04-29 15:13:59,057[0;39m [32m[INFO][0;39m org.springframework.boot.web.servlet.context.ServletWebServerApplicationContext restartedMain [32mRoot WebApplicationContext: initialization completed in 1405 ms
[0;39m[31m2024-04-29 15:13:59,340[0;39m [32m[INFO][0;39m org.springframework.security.web.DefaultSecurityFilterChain restartedMain [32mWill secure any request with [org.springframework.security.web.session.DisableEncodeUrlFilter@382b3d34, org.springframework.security.web.context.request.async.WebAsyncManagerIntegrationFilter@facd46f, org.springframework.security.web.context.SecurityContextPersistenceFilter@4a8defe7, org.springframework.security.web.header.HeaderWriterFilter@72e419d8, org.springframework.security.web.authentication.logout.LogoutFilter@1b342047, org.springframework.security.web.authentication.UsernamePasswordAuthenticationFilter@40496969, org.springframework.security.web.authentication.www.BasicAuthenticationFilter@d5fcb2c, org.springframework.security.web.savedrequest.RequestCacheAwareFilter@6ac90775, org.springframework.security.web.servletapi.SecurityContextHolderAwareRequestFilter@7fa4e175, org.springframework.security.web.authentication.AnonymousAuthenticationFilter@7aeb1805, org.springframework.security.web.session.SessionManagementFilter@5a6d0493, org.springframework.security.web.access.ExceptionTranslationFilter@61439a77, org.springframework.security.web.access.intercept.FilterSecurityInterceptor@50c228be]
[0;39m[31m2024-04-29 15:13:59,515[0;39m [32m[INFO][0;39m org.springframework.boot.autoconfigure.web.servlet.WelcomePageHandlerMapping restartedMain [32mAdding welcome page template: index
[0;39m[31m2024-04-29 15:13:59,642[0;39m [32m[INFO][0;39m com.zaxxer.hikari.HikariDataSource restartedMain [32mHikariPool-1 - Starting...
[0;39m[31m2024-04-29 15:13:59,642[0;39m [32m[WARN][0;39m com.zaxxer.hikari.util.DriverDataSource restartedMain [32mRegistered driver with driverClassName=oracle.jdbc.driver.OracleDriver was not found, trying direct instantiation.
[0;39m[31m2024-04-29 15:13:59,735[0;39m [32m[INFO][0;39m com.zaxxer.hikari.pool.PoolBase restartedMain [32mHikariPool-1 - Driver does not support get/set network timeout for connections. (oracle.jdbc.driver.T4CConnection.getNetworkTimeout()I)
[0;39m[31m2024-04-29 15:13:59,735[0;39m [32m[INFO][0;39m com.zaxxer.hikari.HikariDataSource restartedMain [32mHikariPool-1 - Start completed.
[0;39m[31m2024-04-29 15:13:59,894[0;39m [32m[INFO][0;39m org.springframework.boot.devtools.autoconfigure.OptionalLiveReloadServer restartedMain [32mLiveReload server is running on port 35729
[0;39m[31m2024-04-29 15:13:59,925[0;39m [32m[INFO][0;39m org.springframework.boot.web.embedded.tomcat.TomcatWebServer restartedMain [32mTomcat started on port(s): 8082 (http) with context path ''
[0;39m[31m2024-04-29 15:13:59,948[0;39m [32m[INFO][0;39m element.spring.boot.springboot.DlteJavaSpringTask1089Application restartedMain [32mStarted DlteJavaSpringTask1089Application in 2.778 seconds (JVM running for 3.502)
[0;39m[31m2024-04-29 15:14:06,227[0;39m [32m[INFO][0;39m org.apache.catalina.core.ContainerBase.[Tomcat].[localhost].[/] http-nio-8082-exec-1 [32mInitializing Spring DispatcherServlet 'dispatcherServlet'
[0;39m[31m2024-04-29 15:14:06,227[0;39m [32m[INFO][0;39m org.springframework.web.servlet.DispatcherServlet http-nio-8082-exec-1 [32mInitializing Servlet 'dispatcherServlet'
[0;39m[31m2024-04-29 15:14:06,243[0;39m [32m[INFO][0;39m org.springframework.web.servlet.DispatcherServlet http-nio-8082-exec-1 [32mCompleted initialization in 16 ms
[0;39m[31m2024-04-29 15:19:15,899[0;39m [32m[INFO][0;39m element.spring.boot.springboot.DlteJavaSpringTask1089Application restartedMain [32mStarting DlteJavaSpringTask1089Application using Java 1.8.0_292 on WPF45DYSS with PID 5788 (C:\DLTE-Java-Full-Stack-PrashanthD-2024\DLTE-Java-Spring\DLTE-JavaSpring-tasks\DLTE-Java-Spring-Task-1089\target\classes started by xxdddddp in C:\DLTE-Java-Full-Stack-PrashanthD-2024\DLTE-Java-Spring\DLTE-JavaSpring-tasks\DLTE-Java-Spring-Task-1089)
[0;39m[31m2024-04-29 15:19:15,903[0;39m [32m[INFO][0;39m element.spring.boot.springboot.DlteJavaSpringTask1089Application restartedMain [32mNo active profile set, falling back to 1 default profile: "default"
[0;39m[31m2024-04-29 15:19:16,004[0;39m [32m[INFO][0;39m org.springframework.boot.devtools.restart.ChangeableUrls restartedMain [32mThe Class-Path manifest attribute in C:\Users\xxdddddp\.m2\repository\com\oracle\database\security\oraclepki\21.5.0.0\oraclepki-21.5.0.0.jar referenced one or more files that do not exist: file:/C:/Users/xxdddddp/.m2/repository/com/oracle/database/security/oraclepki/21.5.0.0/osdt_core.jar,file:/C:/Users/xxdddddp/.m2/repository/com/oracle/database/security/oraclepki/21.5.0.0/osdt_cert.jar,file:/C:/Users/xxdddddp/.m2/repository/com/oracle/database/security/oraclepki/oracle.osdt/osdt_core.jar,file:/C:/Users/xxdddddp/.m2/repository/com/oracle/database/security/oraclepki/oracle.osdt/osdt_cert.jar
[0;39m[31m2024-04-29 15:19:16,005[0;39m [32m[INFO][0;39m org.springframework.boot.devtools.env.DevToolsPropertyDefaultsPostProcessor restartedMain [32mDevtools property defaults active! Set 'spring.devtools.add-properties' to 'false' to disable
[0;39m[31m2024-04-29 15:19:16,006[0;39m [32m[INFO][0;39m org.springframework.boot.devtools.env.DevToolsPropertyDefaultsPostProcessor restartedMain [32mFor additional web related logging consider setting the 'logging.level.web' property to 'DEBUG'
[0;39m[31m2024-04-29 15:19:17,281[0;39m [32m[INFO][0;39m org.springframework.data.repository.config.RepositoryConfigurationDelegate restartedMain [32mBootstrapping Spring Data JDBC repositories in DEFAULT mode.
[0;39m[31m2024-04-29 15:19:17,301[0;39m [32m[INFO][0;39m org.springframework.data.repository.config.RepositoryConfigurationDelegate restartedMain [32mFinished Spring Data repository scanning in 14 ms. Found 0 JDBC repository interfaces.
[0;39m[31m2024-04-29 15:19:17,986[0;39m [32m[INFO][0;39m org.springframework.boot.web.embedded.tomcat.TomcatWebServer restartedMain [32mTomcat initialized with port(s): 8082 (http)
[0;39m[31m2024-04-29 15:19:17,995[0;39m [32m[INFO][0;39m org.apache.catalina.core.StandardService restartedMain [32mStarting service [Tomcat]
[0;39m[31m2024-04-29 15:19:17,995[0;39m [32m[INFO][0;39m org.apache.catalina.core.StandardEngine restartedMain [32mStarting Servlet engine: [Apache Tomcat/9.0.73]
[0;39m[31m2024-04-29 15:19:18,149[0;39m [32m[INFO][0;39m org.apache.catalina.core.ContainerBase.[Tomcat].[localhost].[/] restartedMain [32mInitializing Spring embedded WebApplicationContext
[0;39m[31m2024-04-29 15:19:18,149[0;39m [32m[INFO][0;39m org.springframework.boot.web.servlet.context.ServletWebServerApplicationContext restartedMain [32mRoot WebApplicationContext: initialization completed in 2140 ms
[0;39m[31m2024-04-29 15:19:18,546[0;39m [32m[INFO][0;39m org.springframework.security.web.DefaultSecurityFilterChain restartedMain [32mWill secure any request with [org.springframework.security.web.session.DisableEncodeUrlFilter@7f51b87a, org.springframework.security.web.context.request.async.WebAsyncManagerIntegrationFilter@56c226c5, org.springframework.security.web.context.SecurityContextPersistenceFilter@3cfd7ba3, org.springframework.security.web.header.HeaderWriterFilter@50ccb9f, org.springframework.security.web.authentication.logout.LogoutFilter@39d6b252, org.springframework.security.web.authentication.UsernamePasswordAuthenticationFilter@4f58d98d, org.springframework.security.web.authentication.www.BasicAuthenticationFilter@4a56e5e2, org.springframework.security.web.savedrequest.RequestCacheAwareFilter@5774f386, org.springframework.security.web.servletapi.SecurityContextHolderAwareRequestFilter@2f7dc7ec, org.springframework.security.web.authentication.AnonymousAuthenticationFilter@1f82ab2d, org.springframework.security.web.session.SessionManagementFilter@2bef3a39, org.springframework.security.web.access.ExceptionTranslationFilter@6f38f8ff, org.springframework.security.web.access.intercept.FilterSecurityInterceptor@755034ed]
[0;39m[31m2024-04-29 15:19:18,784[0;39m [32m[INFO][0;39m org.springframework.boot.autoconfigure.web.servlet.WelcomePageHandlerMapping restartedMain [32mAdding welcome page template: index
[0;39m[31m2024-04-29 15:19:19,003[0;39m [32m[INFO][0;39m com.zaxxer.hikari.HikariDataSource restartedMain [32mHikariPool-1 - Starting...
[0;39m[31m2024-04-29 15:19:19,005[0;39m [32m[WARN][0;39m com.zaxxer.hikari.util.DriverDataSource restartedMain [32mRegistered driver with driverClassName=oracle.jdbc.driver.OracleDriver was not found, trying direct instantiation.
[0;39m[31m2024-04-29 15:19:19,250[0;39m [32m[INFO][0;39m com.zaxxer.hikari.pool.PoolBase restartedMain [32mHikariPool-1 - Driver does not support get/set network timeout for connections. (oracle.jdbc.driver.T4CConnection.getNetworkTimeout()I)
[0;39m[31m2024-04-29 15:19:19,258[0;39m [32m[INFO][0;39m com.zaxxer.hikari.HikariDataSource restartedMain [32mHikariPool-1 - Start completed.
[0;39m[31m2024-04-29 15:19:19,416[0;39m [32m[INFO][0;39m org.springframework.boot.devtools.autoconfigure.OptionalLiveReloadServer restartedMain [32mLiveReload server is running on port 35729
[0;39m[31m2024-04-29 15:19:19,470[0;39m [32m[INFO][0;39m org.springframework.boot.web.embedded.tomcat.TomcatWebServer restartedMain [32mTomcat started on port(s): 8082 (http) with context path ''
[0;39m[31m2024-04-29 15:19:19,489[0;39m [32m[INFO][0;39m element.spring.boot.springboot.DlteJavaSpringTask1089Application restartedMain [32mStarted DlteJavaSpringTask1089Application in 4.329 seconds (JVM running for 6.617)
[0;39m[31m2024-04-29 15:19:21,155[0;39m [32m[INFO][0;39m org.apache.catalina.core.ContainerBase.[Tomcat].[localhost].[/] http-nio-8082-exec-2 [32mInitializing Spring DispatcherServlet 'dispatcherServlet'
[0;39m[31m2024-04-29 15:19:21,156[0;39m [32m[INFO][0;39m org.springframework.web.servlet.DispatcherServlet http-nio-8082-exec-2 [32mInitializing Servlet 'dispatcherServlet'
[0;39m[31m2024-04-29 15:19:21,157[0;39m [32m[INFO][0;39m org.springframework.web.servlet.DispatcherServlet http-nio-8082-exec-2 [32mCompleted initialization in 1 ms
[0;39m[31m2024-04-29 15:20:02,936[0;39m [32m[INFO][0;39m element.spring.boot.springboot.DlteJavaSpringTask1089Application restartedMain [32mStarting DlteJavaSpringTask1089Application using Java 1.8.0_292 on WPF45DYSS with PID 1048 (C:\DLTE-Java-Full-Stack-PrashanthD-2024\DLTE-Java-Spring\DLTE-JavaSpring-tasks\DLTE-Java-Spring-Task-1089\target\classes started by xxdddddp in C:\DLTE-Java-Full-Stack-PrashanthD-2024\DLTE-Java-Spring\DLTE-JavaSpring-tasks\DLTE-Java-Spring-Task-1089)
[0;39m[31m2024-04-29 15:20:02,937[0;39m [32m[INFO][0;39m element.spring.boot.springboot.DlteJavaSpringTask1089Application restartedMain [32mNo active profile set, falling back to 1 default profile: "default"
[0;39m[31m2024-04-29 15:20:03,005[0;39m [32m[INFO][0;39m org.springframework.boot.devtools.restart.ChangeableUrls restartedMain [32mThe Class-Path manifest attribute in C:\Users\xxdddddp\.m2\repository\com\oracle\database\security\oraclepki\21.5.0.0\oraclepki-21.5.0.0.jar referenced one or more files that do not exist: file:/C:/Users/xxdddddp/.m2/repository/com/oracle/database/security/oraclepki/21.5.0.0/osdt_core.jar,file:/C:/Users/xxdddddp/.m2/repository/com/oracle/database/security/oraclepki/21.5.0.0/osdt_cert.jar,file:/C:/Users/xxdddddp/.m2/repository/com/oracle/database/security/oraclepki/oracle.osdt/osdt_core.jar,file:/C:/Users/xxdddddp/.m2/repository/com/oracle/database/security/oraclepki/oracle.osdt/osdt_cert.jar
[0;39m[31m2024-04-29 15:20:03,006[0;39m [32m[INFO][0;39m org.springframework.boot.devtools.env.DevToolsPropertyDefaultsPostProcessor restartedMain [32mDevtools property defaults active! Set 'spring.devtools.add-properties' to 'false' to disable
[0;39m[31m2024-04-29 15:20:03,006[0;39m [32m[INFO][0;39m org.springframework.boot.devtools.env.DevToolsPropertyDefaultsPostProcessor restartedMain [32mFor additional web related logging consider setting the 'logging.level.web' property to 'DEBUG'
[0;39m[31m2024-04-29 15:20:03,904[0;39m [32m[INFO][0;39m org.springframework.data.repository.config.RepositoryConfigurationDelegate restartedMain [32mBootstrapping Spring Data JDBC repositories in DEFAULT mode.
[0;39m[31m2024-04-29 15:20:03,919[0;39m [32m[INFO][0;39m org.springframework.data.repository.config.RepositoryConfigurationDelegate restartedMain [32mFinished Spring Data repository scanning in 11 ms. Found 0 JDBC repository interfaces.
[0;39m[31m2024-04-29 15:20:04,456[0;39m [32m[INFO][0;39m org.springframework.boot.web.embedded.tomcat.TomcatWebServer restartedMain [32mTomcat initialized with port(s): 8082 (http)
[0;39m[31m2024-04-29 15:20:04,463[0;39m [32m[INFO][0;39m org.apache.catalina.core.StandardService restartedMain [32mStarting service [Tomcat]
[0;39m[31m2024-04-29 15:20:04,463[0;39m [32m[INFO][0;39m org.apache.catalina.core.StandardEngine restartedMain [32mStarting Servlet engine: [Apache Tomcat/9.0.73]
[0;39m[31m2024-04-29 15:20:04,597[0;39m [32m[INFO][0;39m org.apache.catalina.core.ContainerBase.[Tomcat].[localhost].[/] restartedMain [32mInitializing Spring embedded WebApplicationContext
[0;39m[31m2024-04-29 15:20:04,597[0;39m [32m[INFO][0;39m org.springframework.boot.web.servlet.context.ServletWebServerApplicationContext restartedMain [32mRoot WebApplicationContext: initialization completed in 1590 ms
[0;39m[31m2024-04-29 15:20:04,880[0;39m [32m[INFO][0;39m org.springframework.security.web.DefaultSecurityFilterChain restartedMain [32mWill secure any request with [org.springframework.security.web.session.DisableEncodeUrlFilter@27c083bf, org.springframework.security.web.context.request.async.WebAsyncManagerIntegrationFilter@59766783, org.springframework.security.web.context.SecurityContextPersistenceFilter@1f2f3058, org.springframework.security.web.header.HeaderWriterFilter@99de430, org.springframework.security.web.authentication.logout.LogoutFilter@43ae1295, org.springframework.security.web.authentication.UsernamePasswordAuthenticationFilter@2ced262d, org.springframework.security.web.authentication.www.BasicAuthenticationFilter@18576943, org.springframework.security.web.savedrequest.RequestCacheAwareFilter@f2517de, org.springframework.security.web.servletapi.SecurityContextHolderAwareRequestFilter@3ff4ebf0, org.springframework.security.web.authentication.AnonymousAuthenticationFilter@2e470099, org.springframework.security.web.session.SessionManagementFilter@3374c83, org.springframework.security.web.access.ExceptionTranslationFilter@4b253f07, org.springframework.security.web.access.intercept.FilterSecurityInterceptor@7d2c9304]
[0;39m[31m2024-04-29 15:20:05,041[0;39m [32m[INFO][0;39m org.springframework.boot.autoconfigure.web.servlet.WelcomePageHandlerMapping restartedMain [32mAdding welcome page template: index
[0;39m[31m2024-04-29 15:20:05,168[0;39m [32m[INFO][0;39m com.zaxxer.hikari.HikariDataSource restartedMain [32mHikariPool-1 - Starting...
[0;39m[31m2024-04-29 15:20:05,169[0;39m [32m[WARN][0;39m com.zaxxer.hikari.util.DriverDataSource restartedMain [32mRegistered driver with driverClassName=oracle.jdbc.driver.OracleDriver was not found, trying direct instantiation.
[0;39m[31m2024-04-29 15:20:05,252[0;39m [32m[INFO][0;39m com.zaxxer.hikari.pool.PoolBase restartedMain [32mHikariPool-1 - Driver does not support get/set network timeout for connections. (oracle.jdbc.driver.T4CConnection.getNetworkTimeout()I)
[0;39m[31m2024-04-29 15:20:05,256[0;39m [32m[INFO][0;39m com.zaxxer.hikari.HikariDataSource restartedMain [32mHikariPool-1 - Start completed.
[0;39m[31m2024-04-29 15:20:05,362[0;39m [32m[INFO][0;39m org.springframework.boot.devtools.autoconfigure.OptionalLiveReloadServer restartedMain [32mLiveReload server is running on port 35729
[0;39m[31m2024-04-29 15:20:05,399[0;39m [32m[INFO][0;39m org.springframework.boot.web.embedded.tomcat.TomcatWebServer restartedMain [32mTomcat started on port(s): 8082 (http) with context path ''
[0;39m[31m2024-04-29 15:20:05,410[0;39m [32m[INFO][0;39m element.spring.boot.springboot.DlteJavaSpringTask1089Application restartedMain [32mStarted DlteJavaSpringTask1089Application in 3.04 seconds (JVM running for 4.241)
[0;39m[31m2024-04-29 15:20:05,833[0;39m [32m[INFO][0;39m org.apache.catalina.core.ContainerBase.[Tomcat].[localhost].[/] http-nio-8082-exec-1 [32mInitializing Spring DispatcherServlet 'dispatcherServlet'
[0;39m[31m2024-04-29 15:20:05,833[0;39m [32m[INFO][0;39m org.springframework.web.servlet.DispatcherServlet http-nio-8082-exec-1 [32mInitializing Servlet 'dispatcherServlet'
[0;39m[31m2024-04-29 15:20:05,835[0;39m [32m[INFO][0;39m org.springframework.web.servlet.DispatcherServlet http-nio-8082-exec-1 [32mCompleted initialization in 2 ms
[0;39m[31m2024-04-29 15:21:01,933[0;39m [32m[INFO][0;39m element.spring.boot.springboot.DlteJavaSpringTask1089Application restartedMain [32mStarting DlteJavaSpringTask1089Application using Java 1.8.0_292 on WPF45DYSS with PID 24164 (C:\DLTE-Java-Full-Stack-PrashanthD-2024\DLTE-Java-Spring\DLTE-JavaSpring-tasks\DLTE-Java-Spring-Task-1089\target\classes started by xxdddddp in C:\DLTE-Java-Full-Stack-PrashanthD-2024\DLTE-Java-Spring\DLTE-JavaSpring-tasks\DLTE-Java-Spring-Task-1089)
[0;39m[31m2024-04-29 15:21:01,933[0;39m [32m[INFO][0;39m element.spring.boot.springboot.DlteJavaSpringTask1089Application restartedMain [32mNo active profile set, falling back to 1 default profile: "default"
[0;39m[31m2024-04-29 15:21:01,980[0;39m [32m[INFO][0;39m org.springframework.boot.devtools.restart.ChangeableUrls restartedMain [32mThe Class-Path manifest attribute in C:\Users\xxdddddp\.m2\repository\com\oracle\database\security\oraclepki\21.5.0.0\oraclepki-21.5.0.0.jar referenced one or more files that do not exist: file:/C:/Users/xxdddddp/.m2/repository/com/oracle/database/security/oraclepki/21.5.0.0/osdt_core.jar,file:/C:/Users/xxdddddp/.m2/repository/com/oracle/database/security/oraclepki/21.5.0.0/osdt_cert.jar,file:/C:/Users/xxdddddp/.m2/repository/com/oracle/database/security/oraclepki/oracle.osdt/osdt_core.jar,file:/C:/Users/xxdddddp/.m2/repository/com/oracle/database/security/oraclepki/oracle.osdt/osdt_cert.jar
[0;39m[31m2024-04-29 15:21:01,980[0;39m [32m[INFO][0;39m org.springframework.boot.devtools.env.DevToolsPropertyDefaultsPostProcessor restartedMain [32mDevtools property defaults active! Set 'spring.devtools.add-properties' to 'false' to disable
[0;39m[31m2024-04-29 15:21:01,980[0;39m [32m[INFO][0;39m org.springframework.boot.devtools.env.DevToolsPropertyDefaultsPostProcessor restartedMain [32mFor additional web related logging consider setting the 'logging.level.web' property to 'DEBUG'
[0;39m[31m2024-04-29 15:21:02,532[0;39m [32m[INFO][0;39m org.springframework.data.repository.config.RepositoryConfigurationDelegate restartedMain [32mBootstrapping Spring Data JDBC repositories in DEFAULT mode.
[0;39m[31m2024-04-29 15:21:02,545[0;39m [32m[INFO][0;39m org.springframework.data.repository.config.RepositoryConfigurationDelegate restartedMain [32mFinished Spring Data repository scanning in 7 ms. Found 0 JDBC repository interfaces.
[0;39m[31m2024-04-29 15:21:02,911[0;39m [32m[INFO][0;39m org.springframework.boot.web.embedded.tomcat.TomcatWebServer restartedMain [32mTomcat initialized with port(s): 8082 (http)
[0;39m[31m2024-04-29 15:21:02,927[0;39m [32m[INFO][0;39m org.apache.catalina.core.StandardService restartedMain [32mStarting service [Tomcat]
[0;39m[31m2024-04-29 15:21:02,927[0;39m [32m[INFO][0;39m org.apache.catalina.core.StandardEngine restartedMain [32mStarting Servlet engine: [Apache Tomcat/9.0.73]
[0;39m[31m2024-04-29 15:21:03,046[0;39m [32m[INFO][0;39m org.apache.catalina.core.ContainerBase.[Tomcat].[localhost].[/] restartedMain [32mInitializing Spring embedded WebApplicationContext
[0;39m[31m2024-04-29 15:21:03,046[0;39m [32m[INFO][0;39m org.springframework.boot.web.servlet.context.ServletWebServerApplicationContext restartedMain [32mRoot WebApplicationContext: initialization completed in 1066 ms
[0;39m[31m2024-04-29 15:21:03,276[0;39m [32m[INFO][0;39m org.springframework.security.web.DefaultSecurityFilterChain restartedMain [32mWill secure any request with [org.springframework.security.web.session.DisableEncodeUrlFilter@d353b0d, org.springframework.security.web.context.request.async.WebAsyncManagerIntegrationFilter@4c7365cd, org.springframework.security.web.context.SecurityContextPersistenceFilter@3eda0586, org.springframework.security.web.header.HeaderWriterFilter@3e44bf22, org.springframework.security.web.authentication.logout.LogoutFilter@1fb67a66, org.springframework.security.web.authentication.UsernamePasswordAuthenticationFilter@f537f6d, org.springframework.security.web.authentication.www.BasicAuthenticationFilter@4828f4fa, org.springframework.security.web.savedrequest.RequestCacheAwareFilter@61439a77, org.springframework.security.web.servletapi.SecurityContextHolderAwareRequestFilter@4aff13e7, org.springframework.security.web.authentication.AnonymousAuthenticationFilter@7c5301f2, org.springframework.security.web.session.SessionManagementFilter@21d9134e, org.springframework.security.web.access.ExceptionTranslationFilter@7767ace3, org.springframework.security.web.access.intercept.FilterSecurityInterceptor@22bd2ee0]
[0;39m[31m2024-04-29 15:21:03,401[0;39m [32m[INFO][0;39m org.springframework.boot.autoconfigure.web.servlet.WelcomePageHandlerMapping restartedMain [32mAdding welcome page template: index
[0;39m[31m2024-04-29 15:21:03,513[0;39m [32m[INFO][0;39m com.zaxxer.hikari.HikariDataSource restartedMain [32mHikariPool-1 - Starting...
[0;39m[31m2024-04-29 15:21:03,513[0;39m [32m[WARN][0;39m com.zaxxer.hikari.util.DriverDataSource restartedMain [32mRegistered driver with driverClassName=oracle.jdbc.driver.OracleDriver was not found, trying direct instantiation.
[0;39m[31m2024-04-29 15:21:03,592[0;39m [32m[INFO][0;39m com.zaxxer.hikari.pool.PoolBase restartedMain [32mHikariPool-1 - Driver does not support get/set network timeout for connections. (oracle.jdbc.driver.T4CConnection.getNetworkTimeout()I)
[0;39m[31m2024-04-29 15:21:03,592[0;39m [32m[INFO][0;39m com.zaxxer.hikari.HikariDataSource restartedMain [32mHikariPool-1 - Start completed.
[0;39m[31m2024-04-29 15:21:03,687[0;39m [32m[INFO][0;39m org.springframework.boot.devtools.autoconfigure.OptionalLiveReloadServer restartedMain [32mLiveReload server is running on port 35729
[0;39m[31m2024-04-29 15:21:03,718[0;39m [32m[INFO][0;39m org.springframework.boot.web.embedded.tomcat.TomcatWebServer restartedMain [32mTomcat started on port(s): 8082 (http) with context path ''
[0;39m[31m2024-04-29 15:21:03,734[0;39m [32m[INFO][0;39m element.spring.boot.springboot.DlteJavaSpringTask1089Application restartedMain [32mStarted DlteJavaSpringTask1089Application in 2.095 seconds (JVM running for 2.772)
[0;39m[31m2024-04-29 15:21:12,414[0;39m [32m[INFO][0;39m org.apache.catalina.core.ContainerBase.[Tomcat].[localhost].[/] http-nio-8082-exec-2 [32mInitializing Spring DispatcherServlet 'dispatcherServlet'
[0;39m[31m2024-04-29 15:21:12,414[0;39m [32m[INFO][0;39m org.springframework.web.servlet.DispatcherServlet http-nio-8082-exec-2 [32mInitializing Servlet 'dispatcherServlet'
[0;39m[31m2024-04-29 15:21:12,414[0;39m [32m[INFO][0;39m org.springframework.web.servlet.DispatcherServlet http-nio-8082-exec-2 [32mCompleted initialization in 0 ms
[0;39m